{"C:\\Users\\H Desire\\Desktop\\Andela ALT Technical\\mybrand_day_before_demo\\BackEnd\\server.js": {"path":"C:\\Users\\H Desire\\Desktop\\Andela ALT Technical\\mybrand_day_before_demo\\BackEnd\\server.js","statementMap":{"0":{"start":{"line":10,"column":0},"end":{"line":10,"column":16}},"1":{"start":{"line":21,"column":12},"end":{"line":21,"column":21}},"2":{"start":{"line":24,"column":0},"end":{"line":29,"column":5}},"3":{"start":{"line":26,"column":14},"end":{"line":26,"column":41}},"4":{"start":{"line":28,"column":4},"end":{"line":28,"column":66}},"5":{"start":{"line":32,"column":0},"end":{"line":43,"column":3}},"6":{"start":{"line":33,"column":2},"end":{"line":33,"column":52}},"7":{"start":{"line":34,"column":2},"end":{"line":37,"column":4}},"8":{"start":{"line":38,"column":2},"end":{"line":41,"column":4}},"9":{"start":{"line":42,"column":2},"end":{"line":42,"column":9}},"10":{"start":{"line":46,"column":0},"end":{"line":49,"column":3}},"11":{"start":{"line":47,"column":2},"end":{"line":47,"column":49}},"12":{"start":{"line":48,"column":2},"end":{"line":48,"column":9}},"13":{"start":{"line":52,"column":0},"end":{"line":52,"column":27}},"14":{"start":{"line":53,"column":0},"end":{"line":53,"column":28}},"15":{"start":{"line":54,"column":0},"end":{"line":54,"column":16}},"16":{"start":{"line":56,"column":0},"end":{"line":60,"column":2}},"17":{"start":{"line":62,"column":0},"end":{"line":62,"column":24}},"18":{"start":{"line":65,"column":0},"end":{"line":65,"column":25}},"19":{"start":{"line":66,"column":0},"end":{"line":66,"column":25}},"20":{"start":{"line":67,"column":0},"end":{"line":67,"column":25}},"21":{"start":{"line":68,"column":0},"end":{"line":68,"column":28}},"22":{"start":{"line":69,"column":0},"end":{"line":69,"column":29}},"23":{"start":{"line":71,"column":0},"end":{"line":76,"column":3}},"24":{"start":{"line":72,"column":2},"end":{"line":75,"column":5}},"25":{"start":{"line":78,"column":13},"end":{"line":78,"column":37}},"26":{"start":{"line":80,"column":0},"end":{"line":82,"column":3}},"27":{"start":{"line":81,"column":2},"end":{"line":81,"column":51}},"28":{"start":{"line":84,"column":0},"end":{"line":93,"column":1}},"29":{"start":{"line":85,"column":2},"end":{"line":85,"column":41}},"30":{"start":{"line":86,"column":2},"end":{"line":88,"column":5}},"31":{"start":{"line":87,"column":4},"end":{"line":87,"column":68}},"32":{"start":{"line":90,"column":2},"end":{"line":92,"column":5}},"33":{"start":{"line":91,"column":4},"end":{"line":91,"column":28}}},"fnMap":{"0":{"name":"(anonymous_0)","decl":{"start":{"line":26,"column":8},"end":{"line":26,"column":9}},"loc":{"start":{"line":26,"column":14},"end":{"line":26,"column":41}},"line":26},"1":{"name":"(anonymous_1)","decl":{"start":{"line":27,"column":9},"end":{"line":27,"column":10}},"loc":{"start":{"line":27,"column":18},"end":{"line":29,"column":3}},"line":27},"2":{"name":"(anonymous_2)","decl":{"start":{"line":32,"column":8},"end":{"line":32,"column":9}},"loc":{"start":{"line":32,"column":28},"end":{"line":43,"column":1}},"line":32},"3":{"name":"(anonymous_3)","decl":{"start":{"line":46,"column":8},"end":{"line":46,"column":9}},"loc":{"start":{"line":46,"column":28},"end":{"line":49,"column":1}},"line":46},"4":{"name":"(anonymous_4)","decl":{"start":{"line":71,"column":13},"end":{"line":71,"column":14}},"loc":{"start":{"line":71,"column":27},"end":{"line":76,"column":1}},"line":71},"5":{"name":"(anonymous_5)","decl":{"start":{"line":80,"column":17},"end":{"line":80,"column":18}},"loc":{"start":{"line":80,"column":23},"end":{"line":82,"column":1}},"line":80},"6":{"name":"(anonymous_6)","decl":{"start":{"line":86,"column":15},"end":{"line":86,"column":16}},"loc":{"start":{"line":86,"column":29},"end":{"line":88,"column":3}},"line":86},"7":{"name":"(anonymous_7)","decl":{"start":{"line":90,"column":15},"end":{"line":90,"column":16}},"loc":{"start":{"line":90,"column":29},"end":{"line":92,"column":3}},"line":90}},"branchMap":{"0":{"loc":{"start":{"line":78,"column":13},"end":{"line":78,"column":37}},"type":"binary-expr","locations":[{"start":{"line":78,"column":13},"end":{"line":78,"column":29}},{"start":{"line":78,"column":33},"end":{"line":78,"column":37}}],"line":78},"1":{"loc":{"start":{"line":84,"column":0},"end":{"line":93,"column":1}},"type":"if","locations":[{"start":{"line":84,"column":0},"end":{"line":93,"column":1}},{"start":{"line":89,"column":7},"end":{"line":93,"column":1}}],"line":84}},"s":{"0":3,"1":3,"2":3,"3":2,"4":0,"5":3,"6":21,"7":21,"8":21,"9":21,"10":3,"11":21,"12":21,"13":3,"14":3,"15":3,"16":3,"17":3,"18":3,"19":3,"20":3,"21":3,"22":3,"23":3,"24":2,"25":3,"26":3,"27":1,"28":3,"29":0,"30":0,"31":0,"32":3,"33":0},"f":{"0":2,"1":0,"2":21,"3":21,"4":2,"5":1,"6":0,"7":0},"b":{"0":[3,0],"1":[0,3]},"_coverageSchema":"1a1c01bbd47fc00a2c39e90264f33305004495a9","hash":"a9e6158390baef6929171ec89676372db6af1be9"}
,"C:\\Users\\H Desire\\Desktop\\Andela ALT Technical\\mybrand_day_before_demo\\BackEnd\\controllers\\auth.js": {"path":"C:\\Users\\H Desire\\Desktop\\Andela ALT Technical\\mybrand_day_before_demo\\BackEnd\\controllers\\auth.js","statementMap":{"0":{"start":{"line":8,"column":22},"end":{"line":69,"column":1}},"1":{"start":{"line":9,"column":13},"end":{"line":9,"column":26}},"2":{"start":{"line":10,"column":17},"end":{"line":10,"column":34}},"3":{"start":{"line":11,"column":14},"end":{"line":11,"column":28}},"4":{"start":{"line":12,"column":17},"end":{"line":12,"column":34}},"5":{"start":{"line":14,"column":2},"end":{"line":68,"column":3}},"6":{"start":{"line":15,"column":15},"end":{"line":20,"column":6}},"7":{"start":{"line":18,"column":6},"end":{"line":18,"column":25}},"8":{"start":{"line":19,"column":6},"end":{"line":19,"column":62}},"9":{"start":{"line":22,"column":4},"end":{"line":40,"column":5}},"10":{"start":{"line":24,"column":17},"end":{"line":24,"column":25}},"11":{"start":{"line":25,"column":6},"end":{"line":25,"column":74}},"12":{"start":{"line":26,"column":6},"end":{"line":32,"column":9}},"13":{"start":{"line":28,"column":8},"end":{"line":28,"column":34}},"14":{"start":{"line":29,"column":8},"end":{"line":31,"column":76}},"15":{"start":{"line":35,"column":6},"end":{"line":39,"column":7}},"16":{"start":{"line":36,"column":8},"end":{"line":36,"column":57}},"17":{"start":{"line":38,"column":8},"end":{"line":38,"column":70}},"18":{"start":{"line":42,"column":4},"end":{"line":47,"column":5}},"19":{"start":{"line":43,"column":6},"end":{"line":46,"column":9}},"20":{"start":{"line":49,"column":4},"end":{"line":67,"column":5}},"21":{"start":{"line":50,"column":6},"end":{"line":53,"column":9}},"22":{"start":{"line":54,"column":6},"end":{"line":66,"column":7}},"23":{"start":{"line":55,"column":8},"end":{"line":58,"column":11}},"24":{"start":{"line":60,"column":8},"end":{"line":65,"column":9}},"25":{"start":{"line":61,"column":10},"end":{"line":64,"column":13}},"26":{"start":{"line":71,"column":22},"end":{"line":104,"column":1}},"27":{"start":{"line":72,"column":2},"end":{"line":103,"column":3}},"28":{"start":{"line":73,"column":15},"end":{"line":78,"column":6}},"29":{"start":{"line":76,"column":6},"end":{"line":76,"column":25}},"30":{"start":{"line":77,"column":6},"end":{"line":77,"column":77}},"31":{"start":{"line":80,"column":4},"end":{"line":97,"column":5}},"32":{"start":{"line":82,"column":19},"end":{"line":82,"column":73}},"33":{"start":{"line":84,"column":6},"end":{"line":96,"column":7}},"34":{"start":{"line":87,"column":8},"end":{"line":87,"column":34}},"35":{"start":{"line":88,"column":22},"end":{"line":88,"column":78}},"36":{"start":{"line":90,"column":8},"end":{"line":90,"column":62}},"37":{"start":{"line":91,"column":8},"end":{"line":95,"column":11}},"38":{"start":{"line":98,"column":4},"end":{"line":100,"column":5}},"39":{"start":{"line":99,"column":6},"end":{"line":99,"column":77}},"40":{"start":{"line":102,"column":4},"end":{"line":102,"column":79}},"41":{"start":{"line":106,"column":23},"end":{"line":109,"column":1}},"42":{"start":{"line":107,"column":2},"end":{"line":107,"column":23}},"43":{"start":{"line":108,"column":2},"end":{"line":108,"column":55}},"44":{"start":{"line":111,"column":29},"end":{"line":116,"column":2}},"45":{"start":{"line":118,"column":22},"end":{"line":144,"column":1}},"46":{"start":{"line":119,"column":20},"end":{"line":119,"column":45}},"47":{"start":{"line":120,"column":2},"end":{"line":124,"column":3}},"48":{"start":{"line":121,"column":4},"end":{"line":123,"column":66}},"49":{"start":{"line":126,"column":16},"end":{"line":126,"column":36}},"50":{"start":{"line":127,"column":18},"end":{"line":127,"column":62}},"51":{"start":{"line":128,"column":15},"end":{"line":128,"column":22}},"52":{"start":{"line":132,"column":13},"end":{"line":135,"column":4}},"53":{"start":{"line":133,"column":4},"end":{"line":133,"column":23}},"54":{"start":{"line":134,"column":4},"end":{"line":134,"column":75}},"55":{"start":{"line":138,"column":2},"end":{"line":142,"column":3}},"56":{"start":{"line":139,"column":4},"end":{"line":141,"column":7}},"57":{"start":{"line":143,"column":2},"end":{"line":143,"column":9}},"58":{"start":{"line":146,"column":23},"end":{"line":174,"column":1}},"59":{"start":{"line":147,"column":20},"end":{"line":147,"column":45}},"60":{"start":{"line":149,"column":2},"end":{"line":153,"column":3}},"61":{"start":{"line":150,"column":4},"end":{"line":152,"column":66}},"62":{"start":{"line":156,"column":16},"end":{"line":156,"column":36}},"63":{"start":{"line":157,"column":18},"end":{"line":157,"column":62}},"64":{"start":{"line":158,"column":15},"end":{"line":158,"column":22}},"65":{"start":{"line":161,"column":13},"end":{"line":164,"column":4}},"66":{"start":{"line":162,"column":4},"end":{"line":162,"column":23}},"67":{"start":{"line":163,"column":4},"end":{"line":163,"column":75}},"68":{"start":{"line":168,"column":2},"end":{"line":172,"column":3}},"69":{"start":{"line":169,"column":4},"end":{"line":171,"column":7}},"70":{"start":{"line":173,"column":2},"end":{"line":173,"column":9}}},"fnMap":{"0":{"name":"(anonymous_0)","decl":{"start":{"line":8,"column":22},"end":{"line":8,"column":23}},"loc":{"start":{"line":8,"column":42},"end":{"line":69,"column":1}},"line":8},"1":{"name":"(anonymous_1)","decl":{"start":{"line":17,"column":13},"end":{"line":17,"column":14}},"loc":{"start":{"line":17,"column":24},"end":{"line":20,"column":5}},"line":17},"2":{"name":"(anonymous_2)","decl":{"start":{"line":26,"column":29},"end":{"line":26,"column":30}},"loc":{"start":{"line":26,"column":39},"end":{"line":32,"column":7}},"line":26},"3":{"name":"(anonymous_3)","decl":{"start":{"line":71,"column":22},"end":{"line":71,"column":23}},"loc":{"start":{"line":71,"column":48},"end":{"line":104,"column":1}},"line":71},"4":{"name":"(anonymous_4)","decl":{"start":{"line":75,"column":13},"end":{"line":75,"column":14}},"loc":{"start":{"line":75,"column":24},"end":{"line":78,"column":5}},"line":75},"5":{"name":"(anonymous_5)","decl":{"start":{"line":106,"column":23},"end":{"line":106,"column":24}},"loc":{"start":{"line":106,"column":37},"end":{"line":109,"column":1}},"line":106},"6":{"name":"(anonymous_6)","decl":{"start":{"line":118,"column":22},"end":{"line":118,"column":23}},"loc":{"start":{"line":118,"column":48},"end":{"line":144,"column":1}},"line":118},"7":{"name":"(anonymous_7)","decl":{"start":{"line":132,"column":55},"end":{"line":132,"column":56}},"loc":{"start":{"line":132,"column":66},"end":{"line":135,"column":3}},"line":132},"8":{"name":"(anonymous_8)","decl":{"start":{"line":146,"column":23},"end":{"line":146,"column":24}},"loc":{"start":{"line":146,"column":49},"end":{"line":174,"column":1}},"line":146},"9":{"name":"(anonymous_9)","decl":{"start":{"line":161,"column":55},"end":{"line":161,"column":56}},"loc":{"start":{"line":161,"column":66},"end":{"line":164,"column":3}},"line":161}},"branchMap":{"0":{"loc":{"start":{"line":14,"column":2},"end":{"line":68,"column":3}},"type":"if","locations":[{"start":{"line":14,"column":2},"end":{"line":68,"column":3}},{"start":{"line":41,"column":9},"end":{"line":68,"column":3}}],"line":14},"1":{"loc":{"start":{"line":14,"column":6},"end":{"line":14,"column":43}},"type":"binary-expr","locations":[{"start":{"line":14,"column":6},"end":{"line":14,"column":10}},{"start":{"line":14,"column":14},"end":{"line":14,"column":19}},{"start":{"line":14,"column":23},"end":{"line":14,"column":31}},{"start":{"line":14,"column":35},"end":{"line":14,"column":43}}],"line":14},"2":{"loc":{"start":{"line":22,"column":4},"end":{"line":40,"column":5}},"type":"if","locations":[{"start":{"line":22,"column":4},"end":{"line":40,"column":5}},{"start":{"line":33,"column":11},"end":{"line":40,"column":5}}],"line":22},"3":{"loc":{"start":{"line":35,"column":6},"end":{"line":39,"column":7}},"type":"if","locations":[{"start":{"line":35,"column":6},"end":{"line":39,"column":7}},{"start":{"line":37,"column":13},"end":{"line":39,"column":7}}],"line":35},"4":{"loc":{"start":{"line":42,"column":4},"end":{"line":47,"column":5}},"type":"if","locations":[{"start":{"line":42,"column":4},"end":{"line":47,"column":5}},{"start":{},"end":{}}],"line":42},"5":{"loc":{"start":{"line":49,"column":4},"end":{"line":67,"column":5}},"type":"if","locations":[{"start":{"line":49,"column":4},"end":{"line":67,"column":5}},{"start":{},"end":{}}],"line":49},"6":{"loc":{"start":{"line":54,"column":6},"end":{"line":66,"column":7}},"type":"if","locations":[{"start":{"line":54,"column":6},"end":{"line":66,"column":7}},{"start":{},"end":{}}],"line":54},"7":{"loc":{"start":{"line":60,"column":8},"end":{"line":65,"column":9}},"type":"if","locations":[{"start":{"line":60,"column":8},"end":{"line":65,"column":9}},{"start":{},"end":{}}],"line":60},"8":{"loc":{"start":{"line":72,"column":2},"end":{"line":103,"column":3}},"type":"if","locations":[{"start":{"line":72,"column":2},"end":{"line":103,"column":3}},{"start":{"line":101,"column":9},"end":{"line":103,"column":3}}],"line":72},"9":{"loc":{"start":{"line":72,"column":6},"end":{"line":72,"column":41}},"type":"binary-expr","locations":[{"start":{"line":72,"column":6},"end":{"line":72,"column":20}},{"start":{"line":72,"column":24},"end":{"line":72,"column":41}}],"line":72},"10":{"loc":{"start":{"line":80,"column":4},"end":{"line":97,"column":5}},"type":"if","locations":[{"start":{"line":80,"column":4},"end":{"line":97,"column":5}},{"start":{},"end":{}}],"line":80},"11":{"loc":{"start":{"line":84,"column":6},"end":{"line":96,"column":7}},"type":"if","locations":[{"start":{"line":84,"column":6},"end":{"line":96,"column":7}},{"start":{},"end":{}}],"line":84},"12":{"loc":{"start":{"line":98,"column":4},"end":{"line":100,"column":5}},"type":"if","locations":[{"start":{"line":98,"column":4},"end":{"line":100,"column":5}},{"start":{},"end":{}}],"line":98},"13":{"loc":{"start":{"line":120,"column":2},"end":{"line":124,"column":3}},"type":"if","locations":[{"start":{"line":120,"column":2},"end":{"line":124,"column":3}},{"start":{},"end":{}}],"line":120},"14":{"loc":{"start":{"line":138,"column":2},"end":{"line":142,"column":3}},"type":"if","locations":[{"start":{"line":138,"column":2},"end":{"line":142,"column":3}},{"start":{},"end":{}}],"line":138},"15":{"loc":{"start":{"line":149,"column":2},"end":{"line":153,"column":3}},"type":"if","locations":[{"start":{"line":149,"column":2},"end":{"line":153,"column":3}},{"start":{},"end":{}}],"line":149},"16":{"loc":{"start":{"line":168,"column":2},"end":{"line":172,"column":3}},"type":"if","locations":[{"start":{"line":168,"column":2},"end":{"line":172,"column":3}},{"start":{},"end":{}}],"line":168}},"s":{"0":3,"1":2,"2":2,"3":2,"4":2,"5":2,"6":2,"7":0,"8":0,"9":2,"10":0,"11":0,"12":0,"13":0,"14":0,"15":2,"16":1,"17":1,"18":0,"19":0,"20":0,"21":0,"22":0,"23":0,"24":0,"25":0,"26":3,"27":6,"28":6,"29":0,"30":0,"31":6,"32":6,"33":6,"34":6,"35":6,"36":6,"37":6,"38":6,"39":0,"40":0,"41":3,"42":0,"43":0,"44":3,"45":3,"46":0,"47":0,"48":0,"49":0,"50":0,"51":0,"52":0,"53":0,"54":0,"55":0,"56":0,"57":0,"58":3,"59":6,"60":6,"61":0,"62":6,"63":6,"64":6,"65":6,"66":0,"67":0,"68":6,"69":1,"70":5},"f":{"0":2,"1":0,"2":0,"3":6,"4":0,"5":0,"6":0,"7":0,"8":6,"9":0},"b":{"0":[2,0],"1":[2,2,2,2],"2":[0,2],"3":[1,1],"4":[0,0],"5":[0,0],"6":[0,0],"7":[0,0],"8":[6,0],"9":[6,6],"10":[6,0],"11":[6,0],"12":[0,6],"13":[0,0],"14":[0,0],"15":[0,6],"16":[1,5]},"_coverageSchema":"1a1c01bbd47fc00a2c39e90264f33305004495a9","hash":"d716cf301b86b502d256901bb0bae6a804a6a659"}
,"C:\\Users\\H Desire\\Desktop\\Andela ALT Technical\\mybrand_day_before_demo\\BackEnd\\controllers\\blog.js": {"path":"C:\\Users\\H Desire\\Desktop\\Andela ALT Technical\\mybrand_day_before_demo\\BackEnd\\controllers\\blog.js","statementMap":{"0":{"start":{"line":7,"column":24},"end":{"line":21,"column":1}},"1":{"start":{"line":8,"column":2},"end":{"line":20,"column":7}},"2":{"start":{"line":13,"column":6},"end":{"line":17,"column":7}},"3":{"start":{"line":14,"column":8},"end":{"line":16,"column":11}},"4":{"start":{"line":18,"column":6},"end":{"line":18,"column":74}},"5":{"start":{"line":19,"column":6},"end":{"line":19,"column":13}},"6":{"start":{"line":23,"column":20},"end":{"line":30,"column":1}},"7":{"start":{"line":24,"column":2},"end":{"line":24,"column":29}},"8":{"start":{"line":25,"column":2},"end":{"line":27,"column":3}},"9":{"start":{"line":26,"column":4},"end":{"line":26,"column":61}},"10":{"start":{"line":29,"column":2},"end":{"line":29,"column":73}},"11":{"start":{"line":32,"column":20},"end":{"line":52,"column":1}},"12":{"start":{"line":33,"column":14},"end":{"line":33,"column":62}},"13":{"start":{"line":34,"column":2},"end":{"line":51,"column":7}},"14":{"start":{"line":40,"column":6},"end":{"line":44,"column":7}},"15":{"start":{"line":41,"column":8},"end":{"line":43,"column":11}},"16":{"start":{"line":45,"column":6},"end":{"line":50,"column":9}},"17":{"start":{"line":54,"column":27},"end":{"line":68,"column":1}},"18":{"start":{"line":55,"column":14},"end":{"line":55,"column":61}},"19":{"start":{"line":56,"column":2},"end":{"line":67,"column":7}},"20":{"start":{"line":61,"column":6},"end":{"line":65,"column":7}},"21":{"start":{"line":62,"column":8},"end":{"line":64,"column":11}},"22":{"start":{"line":66,"column":6},"end":{"line":66,"column":22}},"23":{"start":{"line":70,"column":30},"end":{"line":79,"column":1}},"24":{"start":{"line":71,"column":2},"end":{"line":78,"column":5}},"25":{"start":{"line":72,"column":4},"end":{"line":76,"column":5}},"26":{"start":{"line":73,"column":6},"end":{"line":75,"column":9}},"27":{"start":{"line":77,"column":4},"end":{"line":77,"column":25}},"28":{"start":{"line":81,"column":26},"end":{"line":97,"column":1}},"29":{"start":{"line":82,"column":2},"end":{"line":96,"column":7}},"30":{"start":{"line":87,"column":6},"end":{"line":91,"column":7}},"31":{"start":{"line":88,"column":8},"end":{"line":90,"column":11}},"32":{"start":{"line":92,"column":6},"end":{"line":95,"column":9}},"33":{"start":{"line":99,"column":30},"end":{"line":115,"column":1}},"34":{"start":{"line":100,"column":2},"end":{"line":114,"column":7}},"35":{"start":{"line":105,"column":6},"end":{"line":109,"column":7}},"36":{"start":{"line":106,"column":8},"end":{"line":108,"column":11}},"37":{"start":{"line":110,"column":6},"end":{"line":113,"column":9}},"38":{"start":{"line":117,"column":28},"end":{"line":138,"column":1}},"39":{"start":{"line":118,"column":14},"end":{"line":118,"column":61}},"40":{"start":{"line":119,"column":13},"end":{"line":119,"column":36}},"41":{"start":{"line":120,"column":17},"end":{"line":120,"column":19}},"42":{"start":{"line":122,"column":2},"end":{"line":137,"column":7}},"43":{"start":{"line":128,"column":6},"end":{"line":132,"column":7}},"44":{"start":{"line":129,"column":8},"end":{"line":131,"column":11}},"45":{"start":{"line":133,"column":6},"end":{"line":136,"column":9}},"46":{"start":{"line":140,"column":22},"end":{"line":240,"column":1}},"47":{"start":{"line":141,"column":2},"end":{"line":141,"column":24}},"48":{"start":{"line":143,"column":2},"end":{"line":163,"column":3}},"49":{"start":{"line":144,"column":15},"end":{"line":144,"column":33}},"50":{"start":{"line":145,"column":4},"end":{"line":145,"column":33}},"51":{"start":{"line":146,"column":4},"end":{"line":162,"column":7}},"52":{"start":{"line":147,"column":6},"end":{"line":154,"column":7}},"53":{"start":{"line":148,"column":8},"end":{"line":148,"column":25}},"54":{"start":{"line":149,"column":8},"end":{"line":153,"column":11}},"55":{"start":{"line":155,"column":6},"end":{"line":155,"column":39}},"56":{"start":{"line":156,"column":6},"end":{"line":161,"column":9}},"57":{"start":{"line":165,"column":13},"end":{"line":165,"column":42}},"58":{"start":{"line":167,"column":2},"end":{"line":167,"column":29}},"59":{"start":{"line":169,"column":2},"end":{"line":239,"column":5}},"60":{"start":{"line":175,"column":4},"end":{"line":179,"column":5}},"61":{"start":{"line":176,"column":6},"end":{"line":178,"column":9}},"62":{"start":{"line":181,"column":31},"end":{"line":181,"column":37}},"63":{"start":{"line":183,"column":4},"end":{"line":187,"column":5}},"64":{"start":{"line":184,"column":6},"end":{"line":186,"column":9}},"65":{"start":{"line":189,"column":4},"end":{"line":193,"column":5}},"66":{"start":{"line":190,"column":6},"end":{"line":192,"column":9}},"67":{"start":{"line":194,"column":4},"end":{"line":198,"column":5}},"68":{"start":{"line":195,"column":6},"end":{"line":197,"column":9}},"69":{"start":{"line":200,"column":15},"end":{"line":200,"column":31}},"70":{"start":{"line":201,"column":4},"end":{"line":201,"column":33}},"71":{"start":{"line":203,"column":4},"end":{"line":222,"column":5}},"72":{"start":{"line":205,"column":6},"end":{"line":209,"column":7}},"73":{"start":{"line":206,"column":8},"end":{"line":208,"column":11}},"74":{"start":{"line":210,"column":6},"end":{"line":210,"column":31}},"75":{"start":{"line":220,"column":6},"end":{"line":220,"column":58}},"76":{"start":{"line":221,"column":6},"end":{"line":221,"column":48}},"77":{"start":{"line":223,"column":4},"end":{"line":238,"column":7}},"78":{"start":{"line":224,"column":6},"end":{"line":231,"column":7}},"79":{"start":{"line":225,"column":8},"end":{"line":225,"column":25}},"80":{"start":{"line":226,"column":8},"end":{"line":230,"column":11}},"81":{"start":{"line":232,"column":6},"end":{"line":232,"column":31}},"82":{"start":{"line":233,"column":6},"end":{"line":237,"column":9}},"83":{"start":{"line":242,"column":22},"end":{"line":256,"column":1}},"84":{"start":{"line":243,"column":13},"end":{"line":243,"column":21}},"85":{"start":{"line":244,"column":2},"end":{"line":255,"column":5}},"86":{"start":{"line":245,"column":4},"end":{"line":249,"column":5}},"87":{"start":{"line":246,"column":6},"end":{"line":248,"column":9}},"88":{"start":{"line":250,"column":4},"end":{"line":254,"column":7}},"89":{"start":{"line":258,"column":22},"end":{"line":318,"column":1}},"90":{"start":{"line":259,"column":13},"end":{"line":259,"column":42}},"91":{"start":{"line":261,"column":2},"end":{"line":261,"column":29}},"92":{"start":{"line":265,"column":2},"end":{"line":317,"column":5}},"93":{"start":{"line":266,"column":4},"end":{"line":270,"column":5}},"94":{"start":{"line":267,"column":6},"end":{"line":269,"column":9}},"95":{"start":{"line":273,"column":31},"end":{"line":273,"column":37}},"96":{"start":{"line":275,"column":4},"end":{"line":279,"column":5}},"97":{"start":{"line":276,"column":6},"end":{"line":278,"column":9}},"98":{"start":{"line":281,"column":4},"end":{"line":285,"column":5}},"99":{"start":{"line":282,"column":6},"end":{"line":284,"column":9}},"100":{"start":{"line":286,"column":4},"end":{"line":290,"column":5}},"101":{"start":{"line":287,"column":6},"end":{"line":289,"column":9}},"102":{"start":{"line":292,"column":15},"end":{"line":292,"column":23}},"103":{"start":{"line":293,"column":4},"end":{"line":293,"column":34}},"104":{"start":{"line":294,"column":4},"end":{"line":303,"column":5}},"105":{"start":{"line":296,"column":6},"end":{"line":300,"column":7}},"106":{"start":{"line":297,"column":8},"end":{"line":299,"column":11}},"107":{"start":{"line":301,"column":6},"end":{"line":301,"column":62}},"108":{"start":{"line":302,"column":6},"end":{"line":302,"column":52}},"109":{"start":{"line":304,"column":4},"end":{"line":316,"column":7}},"110":{"start":{"line":305,"column":6},"end":{"line":310,"column":7}},"111":{"start":{"line":306,"column":8},"end":{"line":309,"column":11}},"112":{"start":{"line":311,"column":6},"end":{"line":315,"column":9}},"113":{"start":{"line":326,"column":21},"end":{"line":328,"column":1}},"114":{"start":{"line":327,"column":2},"end":{"line":327,"column":77}},"115":{"start":{"line":330,"column":26},"end":{"line":361,"column":1}},"116":{"start":{"line":332,"column":16},"end":{"line":332,"column":18}},"117":{"start":{"line":335,"column":2},"end":{"line":360,"column":3}},"118":{"start":{"line":336,"column":4},"end":{"line":336,"column":62}},"119":{"start":{"line":339,"column":4},"end":{"line":341,"column":5}},"120":{"start":{"line":340,"column":6},"end":{"line":340,"column":42}},"121":{"start":{"line":344,"column":4},"end":{"line":359,"column":24}},"122":{"start":{"line":345,"column":6},"end":{"line":349,"column":7}},"123":{"start":{"line":346,"column":8},"end":{"line":348,"column":11}},"124":{"start":{"line":350,"column":6},"end":{"line":358,"column":9}},"125":{"start":{"line":363,"column":23},"end":{"line":391,"column":1}},"126":{"start":{"line":364,"column":16},"end":{"line":364,"column":32}},"127":{"start":{"line":365,"column":15},"end":{"line":365,"column":32}},"128":{"start":{"line":367,"column":2},"end":{"line":390,"column":7}},"129":{"start":{"line":377,"column":6},"end":{"line":389,"column":7}},"130":{"start":{"line":378,"column":8},"end":{"line":378,"column":25}},"131":{"start":{"line":379,"column":8},"end":{"line":382,"column":11}},"132":{"start":{"line":384,"column":8},"end":{"line":388,"column":11}},"133":{"start":{"line":393,"column":25},"end":{"line":416,"column":1}},"134":{"start":{"line":394,"column":16},"end":{"line":394,"column":32}},"135":{"start":{"line":396,"column":2},"end":{"line":415,"column":7}},"136":{"start":{"line":404,"column":6},"end":{"line":414,"column":7}},"137":{"start":{"line":405,"column":8},"end":{"line":407,"column":11}},"138":{"start":{"line":409,"column":8},"end":{"line":413,"column":11}},"139":{"start":{"line":418,"column":29},"end":{"line":447,"column":1}},"140":{"start":{"line":419,"column":16},"end":{"line":419,"column":32}},"141":{"start":{"line":421,"column":2},"end":{"line":446,"column":5}},"142":{"start":{"line":424,"column":4},"end":{"line":445,"column":5}},"143":{"start":{"line":425,"column":6},"end":{"line":427,"column":9}},"144":{"start":{"line":429,"column":6},"end":{"line":444,"column":11}},"145":{"start":{"line":437,"column":10},"end":{"line":443,"column":11}},"146":{"start":{"line":438,"column":12},"end":{"line":440,"column":15}},"147":{"start":{"line":442,"column":12},"end":{"line":442,"column":29}}},"fnMap":{"0":{"name":"(anonymous_0)","decl":{"start":{"line":7,"column":24},"end":{"line":7,"column":25}},"loc":{"start":{"line":7,"column":48},"end":{"line":21,"column":1}},"line":7},"1":{"name":"(anonymous_1)","decl":{"start":{"line":12,"column":10},"end":{"line":12,"column":11}},"loc":{"start":{"line":12,"column":25},"end":{"line":20,"column":5}},"line":12},"2":{"name":"(anonymous_2)","decl":{"start":{"line":23,"column":20},"end":{"line":23,"column":21}},"loc":{"start":{"line":23,"column":34},"end":{"line":30,"column":1}},"line":23},"3":{"name":"(anonymous_3)","decl":{"start":{"line":32,"column":20},"end":{"line":32,"column":21}},"loc":{"start":{"line":32,"column":34},"end":{"line":52,"column":1}},"line":32},"4":{"name":"(anonymous_4)","decl":{"start":{"line":39,"column":10},"end":{"line":39,"column":11}},"loc":{"start":{"line":39,"column":25},"end":{"line":51,"column":5}},"line":39},"5":{"name":"(anonymous_5)","decl":{"start":{"line":54,"column":27},"end":{"line":54,"column":28}},"loc":{"start":{"line":54,"column":41},"end":{"line":68,"column":1}},"line":54},"6":{"name":"(anonymous_6)","decl":{"start":{"line":60,"column":10},"end":{"line":60,"column":11}},"loc":{"start":{"line":60,"column":26},"end":{"line":67,"column":5}},"line":60},"7":{"name":"(anonymous_7)","decl":{"start":{"line":70,"column":30},"end":{"line":70,"column":31}},"loc":{"start":{"line":70,"column":44},"end":{"line":79,"column":1}},"line":70},"8":{"name":"(anonymous_8)","decl":{"start":{"line":71,"column":32},"end":{"line":71,"column":33}},"loc":{"start":{"line":71,"column":53},"end":{"line":78,"column":3}},"line":71},"9":{"name":"(anonymous_9)","decl":{"start":{"line":81,"column":26},"end":{"line":81,"column":27}},"loc":{"start":{"line":81,"column":40},"end":{"line":97,"column":1}},"line":81},"10":{"name":"(anonymous_10)","decl":{"start":{"line":86,"column":10},"end":{"line":86,"column":11}},"loc":{"start":{"line":86,"column":26},"end":{"line":96,"column":5}},"line":86},"11":{"name":"(anonymous_11)","decl":{"start":{"line":99,"column":30},"end":{"line":99,"column":31}},"loc":{"start":{"line":99,"column":44},"end":{"line":115,"column":1}},"line":99},"12":{"name":"(anonymous_12)","decl":{"start":{"line":104,"column":10},"end":{"line":104,"column":11}},"loc":{"start":{"line":104,"column":25},"end":{"line":114,"column":5}},"line":104},"13":{"name":"(anonymous_13)","decl":{"start":{"line":117,"column":28},"end":{"line":117,"column":29}},"loc":{"start":{"line":117,"column":42},"end":{"line":138,"column":1}},"line":117},"14":{"name":"(anonymous_14)","decl":{"start":{"line":127,"column":10},"end":{"line":127,"column":11}},"loc":{"start":{"line":127,"column":25},"end":{"line":137,"column":5}},"line":127},"15":{"name":"(anonymous_15)","decl":{"start":{"line":140,"column":22},"end":{"line":140,"column":23}},"loc":{"start":{"line":140,"column":36},"end":{"line":240,"column":1}},"line":140},"16":{"name":"(anonymous_16)","decl":{"start":{"line":146,"column":14},"end":{"line":146,"column":15}},"loc":{"start":{"line":146,"column":31},"end":{"line":162,"column":5}},"line":146},"17":{"name":"(anonymous_17)","decl":{"start":{"line":169,"column":18},"end":{"line":169,"column":19}},"loc":{"start":{"line":169,"column":42},"end":{"line":239,"column":3}},"line":169},"18":{"name":"(anonymous_18)","decl":{"start":{"line":223,"column":14},"end":{"line":223,"column":15}},"loc":{"start":{"line":223,"column":31},"end":{"line":238,"column":5}},"line":223},"19":{"name":"(anonymous_19)","decl":{"start":{"line":242,"column":22},"end":{"line":242,"column":23}},"loc":{"start":{"line":242,"column":36},"end":{"line":256,"column":1}},"line":242},"20":{"name":"(anonymous_20)","decl":{"start":{"line":244,"column":14},"end":{"line":244,"column":15}},"loc":{"start":{"line":244,"column":36},"end":{"line":255,"column":3}},"line":244},"21":{"name":"(anonymous_21)","decl":{"start":{"line":258,"column":22},"end":{"line":258,"column":23}},"loc":{"start":{"line":258,"column":36},"end":{"line":318,"column":1}},"line":258},"22":{"name":"(anonymous_22)","decl":{"start":{"line":265,"column":18},"end":{"line":265,"column":19}},"loc":{"start":{"line":265,"column":42},"end":{"line":317,"column":3}},"line":265},"23":{"name":"(anonymous_23)","decl":{"start":{"line":304,"column":14},"end":{"line":304,"column":15}},"loc":{"start":{"line":304,"column":31},"end":{"line":316,"column":5}},"line":304},"24":{"name":"(anonymous_24)","decl":{"start":{"line":326,"column":21},"end":{"line":326,"column":22}},"loc":{"start":{"line":326,"column":41},"end":{"line":328,"column":1}},"line":326},"25":{"name":"(anonymous_25)","decl":{"start":{"line":330,"column":26},"end":{"line":330,"column":27}},"loc":{"start":{"line":330,"column":40},"end":{"line":361,"column":1}},"line":330},"26":{"name":"(anonymous_26)","decl":{"start":{"line":344,"column":21},"end":{"line":344,"column":22}},"loc":{"start":{"line":344,"column":37},"end":{"line":359,"column":5}},"line":344},"27":{"name":"(anonymous_27)","decl":{"start":{"line":363,"column":23},"end":{"line":363,"column":24}},"loc":{"start":{"line":363,"column":37},"end":{"line":391,"column":1}},"line":363},"28":{"name":"(anonymous_28)","decl":{"start":{"line":376,"column":10},"end":{"line":376,"column":11}},"loc":{"start":{"line":376,"column":27},"end":{"line":390,"column":5}},"line":376},"29":{"name":"(anonymous_29)","decl":{"start":{"line":393,"column":25},"end":{"line":393,"column":26}},"loc":{"start":{"line":393,"column":39},"end":{"line":416,"column":1}},"line":393},"30":{"name":"(anonymous_30)","decl":{"start":{"line":403,"column":10},"end":{"line":403,"column":11}},"loc":{"start":{"line":403,"column":27},"end":{"line":415,"column":5}},"line":403},"31":{"name":"(anonymous_31)","decl":{"start":{"line":418,"column":29},"end":{"line":418,"column":30}},"loc":{"start":{"line":418,"column":43},"end":{"line":447,"column":1}},"line":418},"32":{"name":"(anonymous_32)","decl":{"start":{"line":423,"column":10},"end":{"line":423,"column":11}},"loc":{"start":{"line":423,"column":27},"end":{"line":446,"column":3}},"line":423},"33":{"name":"(anonymous_33)","decl":{"start":{"line":436,"column":14},"end":{"line":436,"column":15}},"loc":{"start":{"line":436,"column":31},"end":{"line":444,"column":9}},"line":436}},"branchMap":{"0":{"loc":{"start":{"line":13,"column":6},"end":{"line":17,"column":7}},"type":"if","locations":[{"start":{"line":13,"column":6},"end":{"line":17,"column":7}},{"start":{},"end":{}}],"line":13},"1":{"loc":{"start":{"line":13,"column":10},"end":{"line":13,"column":22}},"type":"binary-expr","locations":[{"start":{"line":13,"column":10},"end":{"line":13,"column":13}},{"start":{"line":13,"column":17},"end":{"line":13,"column":22}}],"line":13},"2":{"loc":{"start":{"line":25,"column":2},"end":{"line":27,"column":3}},"type":"if","locations":[{"start":{"line":25,"column":2},"end":{"line":27,"column":3}},{"start":{},"end":{}}],"line":25},"3":{"loc":{"start":{"line":33,"column":14},"end":{"line":33,"column":62}},"type":"cond-expr","locations":[{"start":{"line":33,"column":32},"end":{"line":33,"column":57}},{"start":{"line":33,"column":60},"end":{"line":33,"column":62}}],"line":33},"4":{"loc":{"start":{"line":40,"column":6},"end":{"line":44,"column":7}},"type":"if","locations":[{"start":{"line":40,"column":6},"end":{"line":44,"column":7}},{"start":{},"end":{}}],"line":40},"5":{"loc":{"start":{"line":55,"column":14},"end":{"line":55,"column":61}},"type":"cond-expr","locations":[{"start":{"line":55,"column":32},"end":{"line":55,"column":57}},{"start":{"line":55,"column":60},"end":{"line":55,"column":61}}],"line":55},"6":{"loc":{"start":{"line":61,"column":6},"end":{"line":65,"column":7}},"type":"if","locations":[{"start":{"line":61,"column":6},"end":{"line":65,"column":7}},{"start":{},"end":{}}],"line":61},"7":{"loc":{"start":{"line":72,"column":4},"end":{"line":76,"column":5}},"type":"if","locations":[{"start":{"line":72,"column":4},"end":{"line":76,"column":5}},{"start":{},"end":{}}],"line":72},"8":{"loc":{"start":{"line":87,"column":6},"end":{"line":91,"column":7}},"type":"if","locations":[{"start":{"line":87,"column":6},"end":{"line":91,"column":7}},{"start":{},"end":{}}],"line":87},"9":{"loc":{"start":{"line":105,"column":6},"end":{"line":109,"column":7}},"type":"if","locations":[{"start":{"line":105,"column":6},"end":{"line":109,"column":7}},{"start":{},"end":{}}],"line":105},"10":{"loc":{"start":{"line":118,"column":14},"end":{"line":118,"column":61}},"type":"cond-expr","locations":[{"start":{"line":118,"column":31},"end":{"line":118,"column":55}},{"start":{"line":118,"column":58},"end":{"line":118,"column":61}}],"line":118},"11":{"loc":{"start":{"line":128,"column":6},"end":{"line":132,"column":7}},"type":"if","locations":[{"start":{"line":128,"column":6},"end":{"line":132,"column":7}},{"start":{},"end":{}}],"line":128},"12":{"loc":{"start":{"line":143,"column":2},"end":{"line":163,"column":3}},"type":"if","locations":[{"start":{"line":143,"column":2},"end":{"line":163,"column":3}},{"start":{},"end":{}}],"line":143},"13":{"loc":{"start":{"line":147,"column":6},"end":{"line":154,"column":7}},"type":"if","locations":[{"start":{"line":147,"column":6},"end":{"line":154,"column":7}},{"start":{},"end":{}}],"line":147},"14":{"loc":{"start":{"line":175,"column":4},"end":{"line":179,"column":5}},"type":"if","locations":[{"start":{"line":175,"column":4},"end":{"line":179,"column":5}},{"start":{},"end":{}}],"line":175},"15":{"loc":{"start":{"line":183,"column":4},"end":{"line":187,"column":5}},"type":"if","locations":[{"start":{"line":183,"column":4},"end":{"line":187,"column":5}},{"start":{},"end":{}}],"line":183},"16":{"loc":{"start":{"line":183,"column":8},"end":{"line":183,"column":26}},"type":"binary-expr","locations":[{"start":{"line":183,"column":8},"end":{"line":183,"column":14}},{"start":{"line":183,"column":18},"end":{"line":183,"column":26}}],"line":183},"17":{"loc":{"start":{"line":189,"column":4},"end":{"line":193,"column":5}},"type":"if","locations":[{"start":{"line":189,"column":4},"end":{"line":193,"column":5}},{"start":{},"end":{}}],"line":189},"18":{"loc":{"start":{"line":194,"column":4},"end":{"line":198,"column":5}},"type":"if","locations":[{"start":{"line":194,"column":4},"end":{"line":198,"column":5}},{"start":{},"end":{}}],"line":194},"19":{"loc":{"start":{"line":203,"column":4},"end":{"line":222,"column":5}},"type":"if","locations":[{"start":{"line":203,"column":4},"end":{"line":222,"column":5}},{"start":{},"end":{}}],"line":203},"20":{"loc":{"start":{"line":205,"column":6},"end":{"line":209,"column":7}},"type":"if","locations":[{"start":{"line":205,"column":6},"end":{"line":209,"column":7}},{"start":{},"end":{}}],"line":205},"21":{"loc":{"start":{"line":224,"column":6},"end":{"line":231,"column":7}},"type":"if","locations":[{"start":{"line":224,"column":6},"end":{"line":231,"column":7}},{"start":{},"end":{}}],"line":224},"22":{"loc":{"start":{"line":245,"column":4},"end":{"line":249,"column":5}},"type":"if","locations":[{"start":{"line":245,"column":4},"end":{"line":249,"column":5}},{"start":{},"end":{}}],"line":245},"23":{"loc":{"start":{"line":266,"column":4},"end":{"line":270,"column":5}},"type":"if","locations":[{"start":{"line":266,"column":4},"end":{"line":270,"column":5}},{"start":{},"end":{}}],"line":266},"24":{"loc":{"start":{"line":275,"column":4},"end":{"line":279,"column":5}},"type":"if","locations":[{"start":{"line":275,"column":4},"end":{"line":279,"column":5}},{"start":{},"end":{}}],"line":275},"25":{"loc":{"start":{"line":275,"column":8},"end":{"line":275,"column":26}},"type":"binary-expr","locations":[{"start":{"line":275,"column":8},"end":{"line":275,"column":14}},{"start":{"line":275,"column":18},"end":{"line":275,"column":26}}],"line":275},"26":{"loc":{"start":{"line":281,"column":4},"end":{"line":285,"column":5}},"type":"if","locations":[{"start":{"line":281,"column":4},"end":{"line":285,"column":5}},{"start":{},"end":{}}],"line":281},"27":{"loc":{"start":{"line":286,"column":4},"end":{"line":290,"column":5}},"type":"if","locations":[{"start":{"line":286,"column":4},"end":{"line":290,"column":5}},{"start":{},"end":{}}],"line":286},"28":{"loc":{"start":{"line":294,"column":4},"end":{"line":303,"column":5}},"type":"if","locations":[{"start":{"line":294,"column":4},"end":{"line":303,"column":5}},{"start":{},"end":{}}],"line":294},"29":{"loc":{"start":{"line":296,"column":6},"end":{"line":300,"column":7}},"type":"if","locations":[{"start":{"line":296,"column":6},"end":{"line":300,"column":7}},{"start":{},"end":{}}],"line":296},"30":{"loc":{"start":{"line":305,"column":6},"end":{"line":310,"column":7}},"type":"if","locations":[{"start":{"line":305,"column":6},"end":{"line":310,"column":7}},{"start":{},"end":{}}],"line":305},"31":{"loc":{"start":{"line":335,"column":2},"end":{"line":360,"column":3}},"type":"if","locations":[{"start":{"line":335,"column":2},"end":{"line":360,"column":3}},{"start":{},"end":{}}],"line":335},"32":{"loc":{"start":{"line":339,"column":4},"end":{"line":341,"column":5}},"type":"if","locations":[{"start":{"line":339,"column":4},"end":{"line":341,"column":5}},{"start":{},"end":{}}],"line":339},"33":{"loc":{"start":{"line":339,"column":8},"end":{"line":339,"column":57}},"type":"binary-expr","locations":[{"start":{"line":339,"column":8},"end":{"line":339,"column":26}},{"start":{"line":339,"column":30},"end":{"line":339,"column":57}}],"line":339},"34":{"loc":{"start":{"line":345,"column":6},"end":{"line":349,"column":7}},"type":"if","locations":[{"start":{"line":345,"column":6},"end":{"line":349,"column":7}},{"start":{},"end":{}}],"line":345},"35":{"loc":{"start":{"line":353,"column":10},"end":{"line":355,"column":29}},"type":"cond-expr","locations":[{"start":{"line":354,"column":14},"end":{"line":354,"column":50}},{"start":{"line":355,"column":14},"end":{"line":355,"column":29}}],"line":353},"36":{"loc":{"start":{"line":377,"column":6},"end":{"line":389,"column":7}},"type":"if","locations":[{"start":{"line":377,"column":6},"end":{"line":389,"column":7}},{"start":{"line":383,"column":13},"end":{"line":389,"column":7}}],"line":377},"37":{"loc":{"start":{"line":404,"column":6},"end":{"line":414,"column":7}},"type":"if","locations":[{"start":{"line":404,"column":6},"end":{"line":414,"column":7}},{"start":{"line":408,"column":13},"end":{"line":414,"column":7}}],"line":404},"38":{"loc":{"start":{"line":424,"column":4},"end":{"line":445,"column":5}},"type":"if","locations":[{"start":{"line":424,"column":4},"end":{"line":445,"column":5}},{"start":{"line":428,"column":11},"end":{"line":445,"column":5}}],"line":424},"39":{"loc":{"start":{"line":437,"column":10},"end":{"line":443,"column":11}},"type":"if","locations":[{"start":{"line":437,"column":10},"end":{"line":443,"column":11}},{"start":{"line":441,"column":17},"end":{"line":443,"column":11}}],"line":437}},"s":{"0":3,"1":0,"2":0,"3":0,"4":0,"5":0,"6":3,"7":0,"8":0,"9":0,"10":0,"11":3,"12":0,"13":0,"14":0,"15":0,"16":0,"17":3,"18":0,"19":0,"20":0,"21":0,"22":0,"23":3,"24":0,"25":0,"26":0,"27":0,"28":3,"29":0,"30":0,"31":0,"32":0,"33":3,"34":0,"35":0,"36":0,"37":0,"38":3,"39":0,"40":0,"41":0,"42":0,"43":0,"44":0,"45":0,"46":3,"47":5,"48":5,"49":5,"50":5,"51":5,"52":5,"53":4,"54":4,"55":1,"56":1,"57":5,"58":5,"59":5,"60":0,"61":0,"62":0,"63":0,"64":0,"65":0,"66":0,"67":0,"68":0,"69":0,"70":0,"71":0,"72":0,"73":0,"74":0,"75":0,"76":0,"77":0,"78":0,"79":0,"80":0,"81":0,"82":0,"83":3,"84":0,"85":0,"86":0,"87":0,"88":0,"89":3,"90":0,"91":0,"92":0,"93":0,"94":0,"95":0,"96":0,"97":0,"98":0,"99":0,"100":0,"101":0,"102":0,"103":0,"104":0,"105":0,"106":0,"107":0,"108":0,"109":0,"110":0,"111":0,"112":0,"113":3,"114":0,"115":3,"116":0,"117":0,"118":0,"119":0,"120":0,"121":0,"122":0,"123":0,"124":0,"125":3,"126":0,"127":0,"128":0,"129":0,"130":0,"131":0,"132":0,"133":3,"134":0,"135":0,"136":0,"137":0,"138":0,"139":3,"140":0,"141":0,"142":0,"143":0,"144":0,"145":0,"146":0,"147":0},"f":{"0":0,"1":0,"2":0,"3":0,"4":0,"5":0,"6":0,"7":0,"8":0,"9":0,"10":0,"11":0,"12":0,"13":0,"14":0,"15":5,"16":5,"17":0,"18":0,"19":0,"20":0,"21":0,"22":0,"23":0,"24":0,"25":0,"26":0,"27":0,"28":0,"29":0,"30":0,"31":0,"32":0,"33":0},"b":{"0":[0,0],"1":[0,0],"2":[0,0],"3":[0,0],"4":[0,0],"5":[0,0],"6":[0,0],"7":[0,0],"8":[0,0],"9":[0,0],"10":[0,0],"11":[0,0],"12":[5,0],"13":[4,1],"14":[0,0],"15":[0,0],"16":[0,0],"17":[0,0],"18":[0,0],"19":[0,0],"20":[0,0],"21":[0,0],"22":[0,0],"23":[0,0],"24":[0,0],"25":[0,0],"26":[0,0],"27":[0,0],"28":[0,0],"29":[0,0],"30":[0,0],"31":[0,0],"32":[0,0],"33":[0,0],"34":[0,0],"35":[0,0],"36":[0,0],"37":[0,0],"38":[0,0],"39":[0,0]},"_coverageSchema":"1a1c01bbd47fc00a2c39e90264f33305004495a9","hash":"668782963568e6572ed17168dc9fa1e68e0dd264"}
,"C:\\Users\\H Desire\\Desktop\\Andela ALT Technical\\mybrand_day_before_demo\\BackEnd\\controllers\\category.js": {"path":"C:\\Users\\H Desire\\Desktop\\Andela ALT Technical\\mybrand_day_before_demo\\BackEnd\\controllers\\category.js","statementMap":{"0":{"start":{"line":4,"column":22},"end":{"line":24,"column":1}},"1":{"start":{"line":5,"column":19},"end":{"line":5,"column":41}},"2":{"start":{"line":6,"column":2},"end":{"line":6,"column":24}},"3":{"start":{"line":7,"column":2},"end":{"line":23,"column":3}},"4":{"start":{"line":8,"column":4},"end":{"line":20,"column":7}},"5":{"start":{"line":9,"column":6},"end":{"line":14,"column":7}},"6":{"start":{"line":10,"column":8},"end":{"line":13,"column":11}},"7":{"start":{"line":15,"column":6},"end":{"line":19,"column":9}},"8":{"start":{"line":22,"column":4},"end":{"line":22,"column":61}},"9":{"start":{"line":26,"column":28},"end":{"line":36,"column":1}},"10":{"start":{"line":27,"column":2},"end":{"line":35,"column":5}},"11":{"start":{"line":28,"column":4},"end":{"line":32,"column":5}},"12":{"start":{"line":29,"column":6},"end":{"line":31,"column":9}},"13":{"start":{"line":33,"column":4},"end":{"line":33,"column":28}},"14":{"start":{"line":34,"column":4},"end":{"line":34,"column":11}},"15":{"start":{"line":38,"column":20},"end":{"line":40,"column":1}},"16":{"start":{"line":39,"column":2},"end":{"line":39,"column":32}},"17":{"start":{"line":42,"column":22},"end":{"line":57,"column":1}},"18":{"start":{"line":43,"column":17},"end":{"line":43,"column":29}},"19":{"start":{"line":44,"column":2},"end":{"line":56,"column":5}},"20":{"start":{"line":45,"column":4},"end":{"line":50,"column":5}},"21":{"start":{"line":46,"column":6},"end":{"line":49,"column":9}},"22":{"start":{"line":51,"column":4},"end":{"line":55,"column":7}},"23":{"start":{"line":59,"column":22},"end":{"line":71,"column":1}},"24":{"start":{"line":60,"column":17},"end":{"line":60,"column":29}},"25":{"start":{"line":61,"column":2},"end":{"line":61,"column":32}},"26":{"start":{"line":63,"column":2},"end":{"line":70,"column":5}},"27":{"start":{"line":64,"column":4},"end":{"line":68,"column":5}},"28":{"start":{"line":65,"column":6},"end":{"line":67,"column":9}},"29":{"start":{"line":69,"column":4},"end":{"line":69,"column":21}},"30":{"start":{"line":73,"column":20},"end":{"line":86,"column":1}},"31":{"start":{"line":74,"column":2},"end":{"line":85,"column":5}},"32":{"start":{"line":75,"column":4},"end":{"line":79,"column":5}},"33":{"start":{"line":76,"column":6},"end":{"line":78,"column":9}},"34":{"start":{"line":80,"column":4},"end":{"line":84,"column":7}}},"fnMap":{"0":{"name":"(anonymous_0)","decl":{"start":{"line":4,"column":22},"end":{"line":4,"column":23}},"loc":{"start":{"line":4,"column":36},"end":{"line":24,"column":1}},"line":4},"1":{"name":"(anonymous_1)","decl":{"start":{"line":8,"column":18},"end":{"line":8,"column":19}},"loc":{"start":{"line":8,"column":33},"end":{"line":20,"column":5}},"line":8},"2":{"name":"(anonymous_2)","decl":{"start":{"line":26,"column":28},"end":{"line":26,"column":29}},"loc":{"start":{"line":26,"column":52},"end":{"line":36,"column":1}},"line":26},"3":{"name":"(anonymous_3)","decl":{"start":{"line":27,"column":29},"end":{"line":27,"column":30}},"loc":{"start":{"line":27,"column":48},"end":{"line":35,"column":3}},"line":27},"4":{"name":"(anonymous_4)","decl":{"start":{"line":38,"column":20},"end":{"line":38,"column":21}},"loc":{"start":{"line":38,"column":34},"end":{"line":40,"column":1}},"line":38},"5":{"name":"(anonymous_5)","decl":{"start":{"line":42,"column":22},"end":{"line":42,"column":23}},"loc":{"start":{"line":42,"column":36},"end":{"line":57,"column":1}},"line":42},"6":{"name":"(anonymous_6)","decl":{"start":{"line":44,"column":18},"end":{"line":44,"column":19}},"loc":{"start":{"line":44,"column":44},"end":{"line":56,"column":3}},"line":44},"7":{"name":"(anonymous_7)","decl":{"start":{"line":59,"column":22},"end":{"line":59,"column":23}},"loc":{"start":{"line":59,"column":36},"end":{"line":71,"column":1}},"line":59},"8":{"name":"(anonymous_8)","decl":{"start":{"line":63,"column":16},"end":{"line":63,"column":17}},"loc":{"start":{"line":63,"column":33},"end":{"line":70,"column":3}},"line":63},"9":{"name":"(anonymous_9)","decl":{"start":{"line":73,"column":20},"end":{"line":73,"column":21}},"loc":{"start":{"line":73,"column":34},"end":{"line":86,"column":1}},"line":73},"10":{"name":"(anonymous_10)","decl":{"start":{"line":74,"column":23},"end":{"line":74,"column":24}},"loc":{"start":{"line":74,"column":44},"end":{"line":85,"column":3}},"line":74}},"branchMap":{"0":{"loc":{"start":{"line":7,"column":2},"end":{"line":23,"column":3}},"type":"if","locations":[{"start":{"line":7,"column":2},"end":{"line":23,"column":3}},{"start":{"line":21,"column":9},"end":{"line":23,"column":3}}],"line":7},"1":{"loc":{"start":{"line":9,"column":6},"end":{"line":14,"column":7}},"type":"if","locations":[{"start":{"line":9,"column":6},"end":{"line":14,"column":7}},{"start":{},"end":{}}],"line":9},"2":{"loc":{"start":{"line":28,"column":4},"end":{"line":32,"column":5}},"type":"if","locations":[{"start":{"line":28,"column":4},"end":{"line":32,"column":5}},{"start":{},"end":{}}],"line":28},"3":{"loc":{"start":{"line":28,"column":8},"end":{"line":28,"column":24}},"type":"binary-expr","locations":[{"start":{"line":28,"column":8},"end":{"line":28,"column":11}},{"start":{"line":28,"column":15},"end":{"line":28,"column":24}}],"line":28},"4":{"loc":{"start":{"line":45,"column":4},"end":{"line":50,"column":5}},"type":"if","locations":[{"start":{"line":45,"column":4},"end":{"line":50,"column":5}},{"start":{},"end":{}}],"line":45},"5":{"loc":{"start":{"line":64,"column":4},"end":{"line":68,"column":5}},"type":"if","locations":[{"start":{"line":64,"column":4},"end":{"line":68,"column":5}},{"start":{},"end":{}}],"line":64},"6":{"loc":{"start":{"line":75,"column":4},"end":{"line":79,"column":5}},"type":"if","locations":[{"start":{"line":75,"column":4},"end":{"line":79,"column":5}},{"start":{},"end":{}}],"line":75}},"s":{"0":3,"1":0,"2":0,"3":0,"4":0,"5":0,"6":0,"7":0,"8":0,"9":3,"10":0,"11":0,"12":0,"13":0,"14":0,"15":3,"16":0,"17":3,"18":0,"19":0,"20":0,"21":0,"22":0,"23":3,"24":0,"25":0,"26":0,"27":0,"28":0,"29":0,"30":3,"31":0,"32":0,"33":0,"34":0},"f":{"0":0,"1":0,"2":0,"3":0,"4":0,"5":0,"6":0,"7":0,"8":0,"9":0,"10":0},"b":{"0":[0,0],"1":[0,0],"2":[0,0],"3":[0,0],"4":[0,0],"5":[0,0],"6":[0,0]},"_coverageSchema":"1a1c01bbd47fc00a2c39e90264f33305004495a9","hash":"9856c764604705a7da4cab929e50ef3e8bc4a791"}
,"C:\\Users\\H Desire\\Desktop\\Andela ALT Technical\\mybrand_day_before_demo\\BackEnd\\controllers\\message.js": {"path":"C:\\Users\\H Desire\\Desktop\\Andela ALT Technical\\mybrand_day_before_demo\\BackEnd\\controllers\\message.js","statementMap":{"0":{"start":{"line":7,"column":27},"end":{"line":19,"column":1}},"1":{"start":{"line":8,"column":2},"end":{"line":18,"column":7}},"2":{"start":{"line":11,"column":6},"end":{"line":15,"column":7}},"3":{"start":{"line":12,"column":8},"end":{"line":14,"column":11}},"4":{"start":{"line":16,"column":6},"end":{"line":16,"column":28}},"5":{"start":{"line":17,"column":6},"end":{"line":17,"column":13}},"6":{"start":{"line":21,"column":20},"end":{"line":23,"column":1}},"7":{"start":{"line":22,"column":2},"end":{"line":22,"column":31}},"8":{"start":{"line":25,"column":20},"end":{"line":43,"column":1}},"9":{"start":{"line":26,"column":14},"end":{"line":26,"column":62}},"10":{"start":{"line":27,"column":2},"end":{"line":42,"column":7}},"11":{"start":{"line":30,"column":6},"end":{"line":35,"column":7}},"12":{"start":{"line":31,"column":8},"end":{"line":31,"column":25}},"13":{"start":{"line":32,"column":8},"end":{"line":34,"column":11}},"14":{"start":{"line":36,"column":6},"end":{"line":41,"column":9}},"15":{"start":{"line":45,"column":26},"end":{"line":61,"column":1}},"16":{"start":{"line":46,"column":2},"end":{"line":60,"column":7}},"17":{"start":{"line":51,"column":6},"end":{"line":55,"column":7}},"18":{"start":{"line":52,"column":8},"end":{"line":54,"column":11}},"19":{"start":{"line":56,"column":6},"end":{"line":59,"column":9}},"20":{"start":{"line":63,"column":22},"end":{"line":113,"column":1}},"21":{"start":{"line":64,"column":13},"end":{"line":64,"column":42}},"22":{"start":{"line":66,"column":2},"end":{"line":66,"column":29}},"23":{"start":{"line":67,"column":2},"end":{"line":112,"column":5}},"24":{"start":{"line":75,"column":39},"end":{"line":75,"column":45}},"25":{"start":{"line":77,"column":4},"end":{"line":81,"column":5}},"26":{"start":{"line":78,"column":6},"end":{"line":80,"column":9}},"27":{"start":{"line":83,"column":4},"end":{"line":87,"column":5}},"28":{"start":{"line":84,"column":6},"end":{"line":86,"column":9}},"29":{"start":{"line":88,"column":4},"end":{"line":92,"column":5}},"30":{"start":{"line":89,"column":6},"end":{"line":91,"column":9}},"31":{"start":{"line":94,"column":18},"end":{"line":94,"column":37}},"32":{"start":{"line":95,"column":4},"end":{"line":95,"column":40}},"33":{"start":{"line":97,"column":4},"end":{"line":111,"column":7}},"34":{"start":{"line":98,"column":6},"end":{"line":105,"column":7}},"35":{"start":{"line":99,"column":8},"end":{"line":99,"column":25}},"36":{"start":{"line":100,"column":8},"end":{"line":104,"column":11}},"37":{"start":{"line":106,"column":6},"end":{"line":110,"column":9}},"38":{"start":{"line":115,"column":22},"end":{"line":129,"column":1}},"39":{"start":{"line":116,"column":16},"end":{"line":116,"column":27}},"40":{"start":{"line":117,"column":2},"end":{"line":128,"column":5}},"41":{"start":{"line":118,"column":4},"end":{"line":122,"column":5}},"42":{"start":{"line":119,"column":6},"end":{"line":121,"column":9}},"43":{"start":{"line":123,"column":4},"end":{"line":127,"column":7}},"44":{"start":{"line":131,"column":22},"end":{"line":152,"column":1}},"45":{"start":{"line":132,"column":13},"end":{"line":132,"column":42}},"46":{"start":{"line":133,"column":2},"end":{"line":133,"column":29}},"47":{"start":{"line":134,"column":2},"end":{"line":151,"column":5}},"48":{"start":{"line":135,"column":18},"end":{"line":135,"column":29}},"49":{"start":{"line":136,"column":4},"end":{"line":136,"column":40}},"50":{"start":{"line":138,"column":4},"end":{"line":150,"column":7}},"51":{"start":{"line":139,"column":6},"end":{"line":144,"column":7}},"52":{"start":{"line":140,"column":8},"end":{"line":143,"column":11}},"53":{"start":{"line":145,"column":6},"end":{"line":149,"column":9}}},"fnMap":{"0":{"name":"(anonymous_0)","decl":{"start":{"line":7,"column":27},"end":{"line":7,"column":28}},"loc":{"start":{"line":7,"column":51},"end":{"line":19,"column":1}},"line":7},"1":{"name":"(anonymous_1)","decl":{"start":{"line":10,"column":10},"end":{"line":10,"column":11}},"loc":{"start":{"line":10,"column":28},"end":{"line":18,"column":5}},"line":10},"2":{"name":"(anonymous_2)","decl":{"start":{"line":21,"column":20},"end":{"line":21,"column":21}},"loc":{"start":{"line":21,"column":34},"end":{"line":23,"column":1}},"line":21},"3":{"name":"(anonymous_3)","decl":{"start":{"line":25,"column":20},"end":{"line":25,"column":21}},"loc":{"start":{"line":25,"column":34},"end":{"line":43,"column":1}},"line":25},"4":{"name":"(anonymous_4)","decl":{"start":{"line":29,"column":10},"end":{"line":29,"column":11}},"loc":{"start":{"line":29,"column":25},"end":{"line":42,"column":5}},"line":29},"5":{"name":"(anonymous_5)","decl":{"start":{"line":45,"column":26},"end":{"line":45,"column":27}},"loc":{"start":{"line":45,"column":40},"end":{"line":61,"column":1}},"line":45},"6":{"name":"(anonymous_6)","decl":{"start":{"line":50,"column":10},"end":{"line":50,"column":11}},"loc":{"start":{"line":50,"column":29},"end":{"line":60,"column":5}},"line":50},"7":{"name":"(anonymous_7)","decl":{"start":{"line":63,"column":22},"end":{"line":63,"column":23}},"loc":{"start":{"line":63,"column":36},"end":{"line":113,"column":1}},"line":63},"8":{"name":"(anonymous_8)","decl":{"start":{"line":67,"column":18},"end":{"line":67,"column":19}},"loc":{"start":{"line":67,"column":35},"end":{"line":112,"column":3}},"line":67},"9":{"name":"(anonymous_9)","decl":{"start":{"line":97,"column":17},"end":{"line":97,"column":18}},"loc":{"start":{"line":97,"column":34},"end":{"line":111,"column":5}},"line":97},"10":{"name":"(anonymous_10)","decl":{"start":{"line":115,"column":22},"end":{"line":115,"column":23}},"loc":{"start":{"line":115,"column":36},"end":{"line":129,"column":1}},"line":115},"11":{"name":"(anonymous_11)","decl":{"start":{"line":117,"column":17},"end":{"line":117,"column":18}},"loc":{"start":{"line":117,"column":42},"end":{"line":128,"column":3}},"line":117},"12":{"name":"(anonymous_12)","decl":{"start":{"line":131,"column":22},"end":{"line":131,"column":23}},"loc":{"start":{"line":131,"column":36},"end":{"line":152,"column":1}},"line":131},"13":{"name":"(anonymous_13)","decl":{"start":{"line":134,"column":18},"end":{"line":134,"column":19}},"loc":{"start":{"line":134,"column":35},"end":{"line":151,"column":3}},"line":134},"14":{"name":"(anonymous_14)","decl":{"start":{"line":138,"column":17},"end":{"line":138,"column":18}},"loc":{"start":{"line":138,"column":34},"end":{"line":150,"column":5}},"line":138}},"branchMap":{"0":{"loc":{"start":{"line":11,"column":6},"end":{"line":15,"column":7}},"type":"if","locations":[{"start":{"line":11,"column":6},"end":{"line":15,"column":7}},{"start":{},"end":{}}],"line":11},"1":{"loc":{"start":{"line":11,"column":10},"end":{"line":11,"column":25}},"type":"binary-expr","locations":[{"start":{"line":11,"column":10},"end":{"line":11,"column":13}},{"start":{"line":11,"column":17},"end":{"line":11,"column":25}}],"line":11},"2":{"loc":{"start":{"line":26,"column":14},"end":{"line":26,"column":62}},"type":"cond-expr","locations":[{"start":{"line":26,"column":32},"end":{"line":26,"column":57}},{"start":{"line":26,"column":60},"end":{"line":26,"column":62}}],"line":26},"3":{"loc":{"start":{"line":30,"column":6},"end":{"line":35,"column":7}},"type":"if","locations":[{"start":{"line":30,"column":6},"end":{"line":35,"column":7}},{"start":{},"end":{}}],"line":30},"4":{"loc":{"start":{"line":51,"column":6},"end":{"line":55,"column":7}},"type":"if","locations":[{"start":{"line":51,"column":6},"end":{"line":55,"column":7}},{"start":{},"end":{}}],"line":51},"5":{"loc":{"start":{"line":77,"column":4},"end":{"line":81,"column":5}},"type":"if","locations":[{"start":{"line":77,"column":4},"end":{"line":81,"column":5}},{"start":{},"end":{}}],"line":77},"6":{"loc":{"start":{"line":77,"column":8},"end":{"line":77,"column":36}},"type":"binary-expr","locations":[{"start":{"line":77,"column":8},"end":{"line":77,"column":15}},{"start":{"line":77,"column":19},"end":{"line":77,"column":25}},{"start":{"line":77,"column":29},"end":{"line":77,"column":36}}],"line":77},"7":{"loc":{"start":{"line":83,"column":4},"end":{"line":87,"column":5}},"type":"if","locations":[{"start":{"line":83,"column":4},"end":{"line":87,"column":5}},{"start":{},"end":{}}],"line":83},"8":{"loc":{"start":{"line":88,"column":4},"end":{"line":92,"column":5}},"type":"if","locations":[{"start":{"line":88,"column":4},"end":{"line":92,"column":5}},{"start":{},"end":{}}],"line":88},"9":{"loc":{"start":{"line":98,"column":6},"end":{"line":105,"column":7}},"type":"if","locations":[{"start":{"line":98,"column":6},"end":{"line":105,"column":7}},{"start":{},"end":{}}],"line":98},"10":{"loc":{"start":{"line":118,"column":4},"end":{"line":122,"column":5}},"type":"if","locations":[{"start":{"line":118,"column":4},"end":{"line":122,"column":5}},{"start":{},"end":{}}],"line":118},"11":{"loc":{"start":{"line":139,"column":6},"end":{"line":144,"column":7}},"type":"if","locations":[{"start":{"line":139,"column":6},"end":{"line":144,"column":7}},{"start":{},"end":{}}],"line":139}},"s":{"0":3,"1":0,"2":0,"3":0,"4":0,"5":0,"6":3,"7":0,"8":3,"9":0,"10":0,"11":0,"12":0,"13":0,"14":0,"15":3,"16":0,"17":0,"18":0,"19":0,"20":3,"21":0,"22":0,"23":0,"24":0,"25":0,"26":0,"27":0,"28":0,"29":0,"30":0,"31":0,"32":0,"33":0,"34":0,"35":0,"36":0,"37":0,"38":3,"39":0,"40":0,"41":0,"42":0,"43":0,"44":3,"45":0,"46":0,"47":0,"48":0,"49":0,"50":0,"51":0,"52":0,"53":0},"f":{"0":0,"1":0,"2":0,"3":0,"4":0,"5":0,"6":0,"7":0,"8":0,"9":0,"10":0,"11":0,"12":0,"13":0,"14":0},"b":{"0":[0,0],"1":[0,0],"2":[0,0],"3":[0,0],"4":[0,0],"5":[0,0],"6":[0,0,0],"7":[0,0],"8":[0,0],"9":[0,0],"10":[0,0],"11":[0,0]},"_coverageSchema":"1a1c01bbd47fc00a2c39e90264f33305004495a9","hash":"2808590489559ff389b67e62cea5383330e605c7"}
,"C:\\Users\\H Desire\\Desktop\\Andela ALT Technical\\mybrand_day_before_demo\\BackEnd\\controllers\\user.js": {"path":"C:\\Users\\H Desire\\Desktop\\Andela ALT Technical\\mybrand_day_before_demo\\BackEnd\\controllers\\user.js","statementMap":{"0":{"start":{"line":4,"column":24},"end":{"line":15,"column":1}},"1":{"start":{"line":5,"column":2},"end":{"line":14,"column":5}},"2":{"start":{"line":6,"column":4},"end":{"line":11,"column":5}},"3":{"start":{"line":7,"column":6},"end":{"line":10,"column":9}},"4":{"start":{"line":12,"column":4},"end":{"line":12,"column":23}},"5":{"start":{"line":13,"column":4},"end":{"line":13,"column":11}},"6":{"start":{"line":17,"column":20},"end":{"line":21,"column":1}},"7":{"start":{"line":18,"column":2},"end":{"line":18,"column":42}},"8":{"start":{"line":19,"column":2},"end":{"line":19,"column":31}},"9":{"start":{"line":20,"column":2},"end":{"line":20,"column":31}},"10":{"start":{"line":23,"column":22},"end":{"line":36,"column":1}},"11":{"start":{"line":24,"column":13},"end":{"line":24,"column":24}},"12":{"start":{"line":25,"column":2},"end":{"line":35,"column":5}},"13":{"start":{"line":26,"column":4},"end":{"line":30,"column":5}},"14":{"start":{"line":27,"column":6},"end":{"line":29,"column":9}},"15":{"start":{"line":31,"column":4},"end":{"line":34,"column":7}},"16":{"start":{"line":38,"column":25},"end":{"line":44,"column":1}},"17":{"start":{"line":39,"column":2},"end":{"line":42,"column":3}},"18":{"start":{"line":40,"column":4},"end":{"line":40,"column":61}},"19":{"start":{"line":41,"column":4},"end":{"line":41,"column":44}},"20":{"start":{"line":43,"column":2},"end":{"line":43,"column":9}},"21":{"start":{"line":47,"column":25},"end":{"line":62,"column":1}},"22":{"start":{"line":48,"column":2},"end":{"line":61,"column":7}},"23":{"start":{"line":51,"column":6},"end":{"line":55,"column":7}},"24":{"start":{"line":52,"column":8},"end":{"line":54,"column":11}},"25":{"start":{"line":56,"column":6},"end":{"line":60,"column":9}},"26":{"start":{"line":64,"column":22},"end":{"line":81,"column":1}},"27":{"start":{"line":65,"column":13},"end":{"line":65,"column":24}},"28":{"start":{"line":66,"column":2},"end":{"line":80,"column":4}},"29":{"start":{"line":71,"column":6},"end":{"line":75,"column":7}},"30":{"start":{"line":72,"column":8},"end":{"line":74,"column":11}},"31":{"start":{"line":76,"column":6},"end":{"line":76,"column":39}},"32":{"start":{"line":77,"column":6},"end":{"line":77,"column":28}},"33":{"start":{"line":78,"column":6},"end":{"line":78,"column":65}}},"fnMap":{"0":{"name":"(anonymous_0)","decl":{"start":{"line":4,"column":24},"end":{"line":4,"column":25}},"loc":{"start":{"line":4,"column":48},"end":{"line":15,"column":1}},"line":4},"1":{"name":"(anonymous_1)","decl":{"start":{"line":5,"column":25},"end":{"line":5,"column":26}},"loc":{"start":{"line":5,"column":40},"end":{"line":14,"column":3}},"line":5},"2":{"name":"(anonymous_2)","decl":{"start":{"line":17,"column":20},"end":{"line":17,"column":21}},"loc":{"start":{"line":17,"column":34},"end":{"line":21,"column":1}},"line":17},"3":{"name":"(anonymous_3)","decl":{"start":{"line":23,"column":22},"end":{"line":23,"column":23}},"loc":{"start":{"line":23,"column":36},"end":{"line":36,"column":1}},"line":23},"4":{"name":"(anonymous_4)","decl":{"start":{"line":25,"column":14},"end":{"line":25,"column":15}},"loc":{"start":{"line":25,"column":36},"end":{"line":35,"column":3}},"line":25},"5":{"name":"(anonymous_5)","decl":{"start":{"line":38,"column":25},"end":{"line":38,"column":26}},"loc":{"start":{"line":38,"column":45},"end":{"line":44,"column":1}},"line":38},"6":{"name":"(anonymous_6)","decl":{"start":{"line":47,"column":25},"end":{"line":47,"column":26}},"loc":{"start":{"line":47,"column":39},"end":{"line":62,"column":1}},"line":47},"7":{"name":"(anonymous_7)","decl":{"start":{"line":50,"column":10},"end":{"line":50,"column":11}},"loc":{"start":{"line":50,"column":26},"end":{"line":61,"column":5}},"line":50},"8":{"name":"(anonymous_8)","decl":{"start":{"line":64,"column":22},"end":{"line":64,"column":23}},"loc":{"start":{"line":64,"column":36},"end":{"line":81,"column":1}},"line":64},"9":{"name":"(anonymous_9)","decl":{"start":{"line":70,"column":4},"end":{"line":70,"column":5}},"loc":{"start":{"line":70,"column":19},"end":{"line":79,"column":5}},"line":70}},"branchMap":{"0":{"loc":{"start":{"line":6,"column":4},"end":{"line":11,"column":5}},"type":"if","locations":[{"start":{"line":6,"column":4},"end":{"line":11,"column":5}},{"start":{},"end":{}}],"line":6},"1":{"loc":{"start":{"line":6,"column":8},"end":{"line":6,"column":20}},"type":"binary-expr","locations":[{"start":{"line":6,"column":8},"end":{"line":6,"column":11}},{"start":{"line":6,"column":15},"end":{"line":6,"column":20}}],"line":6},"2":{"loc":{"start":{"line":26,"column":4},"end":{"line":30,"column":5}},"type":"if","locations":[{"start":{"line":26,"column":4},"end":{"line":30,"column":5}},{"start":{},"end":{}}],"line":26},"3":{"loc":{"start":{"line":39,"column":2},"end":{"line":42,"column":3}},"type":"if","locations":[{"start":{"line":39,"column":2},"end":{"line":42,"column":3}},{"start":{},"end":{}}],"line":39},"4":{"loc":{"start":{"line":51,"column":6},"end":{"line":55,"column":7}},"type":"if","locations":[{"start":{"line":51,"column":6},"end":{"line":55,"column":7}},{"start":{},"end":{}}],"line":51},"5":{"loc":{"start":{"line":71,"column":6},"end":{"line":75,"column":7}},"type":"if","locations":[{"start":{"line":71,"column":6},"end":{"line":75,"column":7}},{"start":{},"end":{}}],"line":71}},"s":{"0":3,"1":0,"2":0,"3":0,"4":0,"5":0,"6":3,"7":0,"8":0,"9":0,"10":3,"11":0,"12":0,"13":0,"14":0,"15":0,"16":3,"17":0,"18":0,"19":0,"20":0,"21":3,"22":0,"23":0,"24":0,"25":0,"26":3,"27":0,"28":0,"29":0,"30":0,"31":0,"32":0,"33":0},"f":{"0":0,"1":0,"2":0,"3":0,"4":0,"5":0,"6":0,"7":0,"8":0,"9":0},"b":{"0":[0,0],"1":[0,0],"2":[0,0],"3":[0,0],"4":[0,0],"5":[0,0]},"_coverageSchema":"1a1c01bbd47fc00a2c39e90264f33305004495a9","hash":"dec8dd4a2c41a1270e9d5b34e8d240eca9eb5265"}
,"C:\\Users\\H Desire\\Desktop\\Andela ALT Technical\\mybrand_day_before_demo\\BackEnd\\helper\\dbErroHandler.js": {"path":"C:\\Users\\H Desire\\Desktop\\Andela ALT Technical\\mybrand_day_before_demo\\BackEnd\\helper\\dbErroHandler.js","statementMap":{"0":{"start":{"line":6,"column":22},"end":{"line":22,"column":1}},"1":{"start":{"line":8,"column":2},"end":{"line":19,"column":3}},"2":{"start":{"line":9,"column":20},"end":{"line":12,"column":5}},"3":{"start":{"line":13,"column":4},"end":{"line":16,"column":24}},"4":{"start":{"line":18,"column":4},"end":{"line":18,"column":43}},"5":{"start":{"line":21,"column":2},"end":{"line":21,"column":16}},"6":{"start":{"line":28,"column":16},"end":{"line":28,"column":18}},"7":{"start":{"line":30,"column":2},"end":{"line":44,"column":3}},"8":{"start":{"line":31,"column":4},"end":{"line":38,"column":5}},"9":{"start":{"line":34,"column":8},"end":{"line":34,"column":39}},"10":{"start":{"line":35,"column":8},"end":{"line":35,"column":14}},"11":{"start":{"line":37,"column":8},"end":{"line":37,"column":41}},"12":{"start":{"line":40,"column":4},"end":{"line":43,"column":5}},"13":{"start":{"line":41,"column":6},"end":{"line":42,"column":52}},"14":{"start":{"line":42,"column":8},"end":{"line":42,"column":52}},"15":{"start":{"line":46,"column":2},"end":{"line":46,"column":17}}},"fnMap":{"0":{"name":"(anonymous_0)","decl":{"start":{"line":6,"column":22},"end":{"line":6,"column":23}},"loc":{"start":{"line":6,"column":33},"end":{"line":22,"column":1}},"line":6},"1":{"name":"errorHandler","decl":{"start":{"line":27,"column":16},"end":{"line":27,"column":28}},"loc":{"start":{"line":27,"column":36},"end":{"line":47,"column":1}},"line":27}},"branchMap":{"0":{"loc":{"start":{"line":30,"column":2},"end":{"line":44,"column":3}},"type":"if","locations":[{"start":{"line":30,"column":2},"end":{"line":44,"column":3}},{"start":{"line":39,"column":9},"end":{"line":44,"column":3}}],"line":30},"1":{"loc":{"start":{"line":31,"column":4},"end":{"line":38,"column":5}},"type":"switch","locations":[{"start":{"line":32,"column":6},"end":{"line":32,"column":17}},{"start":{"line":33,"column":6},"end":{"line":35,"column":14}},{"start":{"line":36,"column":6},"end":{"line":37,"column":41}}],"line":31},"2":{"loc":{"start":{"line":41,"column":6},"end":{"line":42,"column":52}},"type":"if","locations":[{"start":{"line":41,"column":6},"end":{"line":42,"column":52}},{"start":{},"end":{}}],"line":41}},"s":{"0":3,"1":0,"2":0,"3":0,"4":0,"5":0,"6":0,"7":0,"8":0,"9":0,"10":0,"11":0,"12":0,"13":0,"14":0,"15":0},"f":{"0":0,"1":0},"b":{"0":[0,0],"1":[0,0,0],"2":[0,0]},"_coverageSchema":"1a1c01bbd47fc00a2c39e90264f33305004495a9","hash":"d98e69ba667ac59fd04ecff158c9cbf71f7f29c5"}
,"C:\\Users\\H Desire\\Desktop\\Andela ALT Technical\\mybrand_day_before_demo\\BackEnd\\middlewares\\auth.js": {"path":"C:\\Users\\H Desire\\Desktop\\Andela ALT Technical\\mybrand_day_before_demo\\BackEnd\\middlewares\\auth.js","statementMap":{"0":{"start":{"line":6,"column":27},"end":{"line":25,"column":1}},"1":{"start":{"line":7,"column":14},"end":{"line":7,"column":76}},"2":{"start":{"line":9,"column":2},"end":{"line":13,"column":3}},"3":{"start":{"line":10,"column":4},"end":{"line":12,"column":67}},"4":{"start":{"line":15,"column":2},"end":{"line":15,"column":27}},"5":{"start":{"line":17,"column":2},"end":{"line":23,"column":3}},"6":{"start":{"line":18,"column":20},"end":{"line":18,"column":64}},"7":{"start":{"line":20,"column":4},"end":{"line":20,"column":23}},"8":{"start":{"line":22,"column":4},"end":{"line":22,"column":71}},"9":{"start":{"line":24,"column":2},"end":{"line":24,"column":16}}},"fnMap":{"0":{"name":"(anonymous_0)","decl":{"start":{"line":6,"column":27},"end":{"line":6,"column":28}},"loc":{"start":{"line":6,"column":47},"end":{"line":25,"column":1}},"line":6}},"branchMap":{"0":{"loc":{"start":{"line":7,"column":14},"end":{"line":7,"column":76}},"type":"binary-expr","locations":[{"start":{"line":7,"column":14},"end":{"line":7,"column":28}},{"start":{"line":7,"column":32},"end":{"line":7,"column":47}},{"start":{"line":7,"column":51},"end":{"line":7,"column":76}}],"line":7},"1":{"loc":{"start":{"line":9,"column":2},"end":{"line":13,"column":3}},"type":"if","locations":[{"start":{"line":9,"column":2},"end":{"line":13,"column":3}},{"start":{},"end":{}}],"line":9}},"s":{"0":3,"1":7,"2":7,"3":1,"4":6,"5":6,"6":6,"7":6,"8":0,"9":6},"f":{"0":7},"b":{"0":[7,7,7],"1":[1,6]},"_coverageSchema":"1a1c01bbd47fc00a2c39e90264f33305004495a9","hash":"7dd14e766e9b55648c9456cd21d4249ece25a96d"}
,"C:\\Users\\H Desire\\Desktop\\Andela ALT Technical\\mybrand_day_before_demo\\BackEnd\\middlewares\\blog.js": {"path":"C:\\Users\\H Desire\\Desktop\\Andela ALT Technical\\mybrand_day_before_demo\\BackEnd\\middlewares\\blog.js","statementMap":{"0":{"start":{"line":3,"column":27},"end":{"line":27,"column":1}},"1":{"start":{"line":4,"column":15},"end":{"line":4,"column":32}},"2":{"start":{"line":6,"column":2},"end":{"line":24,"column":7}},"3":{"start":{"line":11,"column":6},"end":{"line":23,"column":7}},"4":{"start":{"line":12,"column":8},"end":{"line":12,"column":25}},"5":{"start":{"line":13,"column":8},"end":{"line":16,"column":11}},"6":{"start":{"line":18,"column":8},"end":{"line":22,"column":11}},"7":{"start":{"line":26,"column":2},"end":{"line":26,"column":9}}},"fnMap":{"0":{"name":"(anonymous_0)","decl":{"start":{"line":3,"column":27},"end":{"line":3,"column":28}},"loc":{"start":{"line":3,"column":47},"end":{"line":27,"column":1}},"line":3},"1":{"name":"(anonymous_1)","decl":{"start":{"line":10,"column":10},"end":{"line":10,"column":11}},"loc":{"start":{"line":10,"column":27},"end":{"line":24,"column":5}},"line":10}},"branchMap":{"0":{"loc":{"start":{"line":11,"column":6},"end":{"line":23,"column":7}},"type":"if","locations":[{"start":{"line":11,"column":6},"end":{"line":23,"column":7}},{"start":{"line":17,"column":13},"end":{"line":23,"column":7}}],"line":11}},"s":{"0":3,"1":0,"2":0,"3":0,"4":0,"5":0,"6":0,"7":0},"f":{"0":0,"1":0},"b":{"0":[0,0]},"_coverageSchema":"1a1c01bbd47fc00a2c39e90264f33305004495a9","hash":"e7da69e29eb42a9b971d22ecdafd23aa2ddc59f9"}
,"C:\\Users\\H Desire\\Desktop\\Andela ALT Technical\\mybrand_day_before_demo\\BackEnd\\middlewares\\checkerros.js": {"path":"C:\\Users\\H Desire\\Desktop\\Andela ALT Technical\\mybrand_day_before_demo\\BackEnd\\middlewares\\checkerros.js","statementMap":{"0":{"start":{"line":2,"column":2},"end":{"line":18,"column":3}},"1":{"start":{"line":3,"column":18},"end":{"line":3,"column":20}},"2":{"start":{"line":4,"column":17},"end":{"line":4,"column":40}},"3":{"start":{"line":6,"column":4},"end":{"line":15,"column":7}},"4":{"start":{"line":7,"column":20},"end":{"line":7,"column":43}},"5":{"start":{"line":9,"column":6},"end":{"line":11,"column":7}},"6":{"start":{"line":10,"column":8},"end":{"line":10,"column":78}},"7":{"start":{"line":13,"column":6},"end":{"line":13,"column":69}},"8":{"start":{"line":14,"column":6},"end":{"line":14,"column":27}},"9":{"start":{"line":17,"column":4},"end":{"line":17,"column":39}},"10":{"start":{"line":20,"column":2},"end":{"line":20,"column":9}}},"fnMap":{"0":{"name":"mongooseErrorHandler","decl":{"start":{"line":1,"column":16},"end":{"line":1,"column":36}},"loc":{"start":{"line":1,"column":58},"end":{"line":21,"column":1}},"line":1},"1":{"name":"(anonymous_1)","decl":{"start":{"line":6,"column":17},"end":{"line":6,"column":18}},"loc":{"start":{"line":6,"column":26},"end":{"line":15,"column":5}},"line":6}},"branchMap":{"0":{"loc":{"start":{"line":2,"column":2},"end":{"line":18,"column":3}},"type":"if","locations":[{"start":{"line":2,"column":2},"end":{"line":18,"column":3}},{"start":{},"end":{}}],"line":2},"1":{"loc":{"start":{"line":9,"column":6},"end":{"line":11,"column":7}},"type":"if","locations":[{"start":{"line":9,"column":6},"end":{"line":11,"column":7}},{"start":{},"end":{}}],"line":9},"2":{"loc":{"start":{"line":9,"column":10},"end":{"line":9,"column":74}},"type":"binary-expr","locations":[{"start":{"line":9,"column":10},"end":{"line":9,"column":36}},{"start":{"line":9,"column":40},"end":{"line":9,"column":74}}],"line":9}},"s":{"0":0,"1":0,"2":0,"3":0,"4":0,"5":0,"6":0,"7":0,"8":0,"9":0,"10":0},"f":{"0":0,"1":0},"b":{"0":[0,0],"1":[0,0],"2":[0,0]},"_coverageSchema":"1a1c01bbd47fc00a2c39e90264f33305004495a9","hash":"e9ad910c3abd30d695d1ca4d5a9aa756e4169ccc"}
,"C:\\Users\\H Desire\\Desktop\\Andela ALT Technical\\mybrand_day_before_demo\\BackEnd\\models\\blog.js": {"path":"C:\\Users\\H Desire\\Desktop\\Andela ALT Technical\\mybrand_day_before_demo\\BackEnd\\models\\blog.js","statementMap":{"0":{"start":{"line":2,"column":21},"end":{"line":2,"column":36}},"1":{"start":{"line":4,"column":19},"end":{"line":43,"column":1}},"2":{"start":{"line":45,"column":11},"end":{"line":45,"column":45}}},"fnMap":{},"branchMap":{},"s":{"0":3,"1":3,"2":3},"f":{},"b":{},"_coverageSchema":"1a1c01bbd47fc00a2c39e90264f33305004495a9","hash":"65b436f0e4b17d6839443276b8132a22a4fdbd9b"}
,"C:\\Users\\H Desire\\Desktop\\Andela ALT Technical\\mybrand_day_before_demo\\BackEnd\\models\\category.js": {"path":"C:\\Users\\H Desire\\Desktop\\Andela ALT Technical\\mybrand_day_before_demo\\BackEnd\\models\\category.js","statementMap":{"0":{"start":{"line":3,"column":23},"end":{"line":14,"column":1}},"1":{"start":{"line":16,"column":15},"end":{"line":16,"column":57}}},"fnMap":{},"branchMap":{},"s":{"0":3,"1":3},"f":{},"b":{},"_coverageSchema":"1a1c01bbd47fc00a2c39e90264f33305004495a9","hash":"651acfb47c2c9a8038c39d28ac8d827accd31358"}
,"C:\\Users\\H Desire\\Desktop\\Andela ALT Technical\\mybrand_day_before_demo\\BackEnd\\models\\message.js": {"path":"C:\\Users\\H Desire\\Desktop\\Andela ALT Technical\\mybrand_day_before_demo\\BackEnd\\models\\message.js","statementMap":{"0":{"start":{"line":2,"column":21},"end":{"line":2,"column":36}},"1":{"start":{"line":4,"column":22},"end":{"line":26,"column":1}},"2":{"start":{"line":28,"column":14},"end":{"line":28,"column":54}}},"fnMap":{},"branchMap":{},"s":{"0":3,"1":3,"2":3},"f":{},"b":{},"_coverageSchema":"1a1c01bbd47fc00a2c39e90264f33305004495a9","hash":"aabff9b0ec4027c9939bcc7fb0a53a6ba5b7e8fd"}
,"C:\\Users\\H Desire\\Desktop\\Andela ALT Technical\\mybrand_day_before_demo\\BackEnd\\models\\user.js": {"path":"C:\\Users\\H Desire\\Desktop\\Andela ALT Technical\\mybrand_day_before_demo\\BackEnd\\models\\user.js","statementMap":{"0":{"start":{"line":3,"column":21},"end":{"line":3,"column":36}},"1":{"start":{"line":5,"column":19},"end":{"line":33,"column":1}},"2":{"start":{"line":35,"column":11},"end":{"line":35,"column":45}}},"fnMap":{},"branchMap":{},"s":{"0":3,"1":3,"2":3},"f":{},"b":{},"_coverageSchema":"1a1c01bbd47fc00a2c39e90264f33305004495a9","hash":"3072cd3384edcd1bccc1572c82fb82c7c6bf4fa0"}
,"C:\\Users\\H Desire\\Desktop\\Andela ALT Technical\\mybrand_day_before_demo\\BackEnd\\routes\\auth.js": {"path":"C:\\Users\\H Desire\\Desktop\\Andela ALT Technical\\mybrand_day_before_demo\\BackEnd\\routes\\auth.js","statementMap":{"0":{"start":{"line":2,"column":15},"end":{"line":2,"column":31}},"1":{"start":{"line":7,"column":0},"end":{"line":7,"column":52}},"2":{"start":{"line":8,"column":0},"end":{"line":8,"column":50}},"3":{"start":{"line":9,"column":0},"end":{"line":9,"column":32}}},"fnMap":{},"branchMap":{},"s":{"0":3,"1":3,"2":3,"3":3},"f":{},"b":{},"_coverageSchema":"1a1c01bbd47fc00a2c39e90264f33305004495a9","hash":"a48d0dec5053c5f2f2e0807ce9cb7758929a9526"}
,"C:\\Users\\H Desire\\Desktop\\Andela ALT Technical\\mybrand_day_before_demo\\BackEnd\\routes\\blog.js": {"path":"C:\\Users\\H Desire\\Desktop\\Andela ALT Technical\\mybrand_day_before_demo\\BackEnd\\routes\\blog.js","statementMap":{"0":{"start":{"line":2,"column":15},"end":{"line":2,"column":31}},"1":{"start":{"line":30,"column":0},"end":{"line":37,"column":2}},"2":{"start":{"line":38,"column":0},"end":{"line":38,"column":78}},"3":{"start":{"line":39,"column":0},"end":{"line":39,"column":75}},"4":{"start":{"line":40,"column":0},"end":{"line":40,"column":48}},"5":{"start":{"line":41,"column":0},"end":{"line":41,"column":27}},"6":{"start":{"line":42,"column":0},"end":{"line":42,"column":40}},"7":{"start":{"line":43,"column":0},"end":{"line":43,"column":50}},"8":{"start":{"line":44,"column":0},"end":{"line":44,"column":48}},"9":{"start":{"line":45,"column":0},"end":{"line":45,"column":46}},"10":{"start":{"line":46,"column":0},"end":{"line":46,"column":34}},"11":{"start":{"line":47,"column":0},"end":{"line":47,"column":41}},"12":{"start":{"line":50,"column":0},"end":{"line":56,"column":2}},"13":{"start":{"line":57,"column":0},"end":{"line":62,"column":2}},"14":{"start":{"line":63,"column":0},"end":{"line":68,"column":2}},"15":{"start":{"line":70,"column":0},"end":{"line":70,"column":33}},"16":{"start":{"line":71,"column":0},"end":{"line":71,"column":33}}},"fnMap":{},"branchMap":{},"s":{"0":3,"1":3,"2":3,"3":3,"4":3,"5":3,"6":3,"7":3,"8":3,"9":3,"10":3,"11":3,"12":3,"13":3,"14":3,"15":3,"16":3},"f":{},"b":{},"_coverageSchema":"1a1c01bbd47fc00a2c39e90264f33305004495a9","hash":"b1aa828cd2d862c4318c73f9d8b920e6a0429935"}
,"C:\\Users\\H Desire\\Desktop\\Andela ALT Technical\\mybrand_day_before_demo\\BackEnd\\routes\\category.js": {"path":"C:\\Users\\H Desire\\Desktop\\Andela ALT Technical\\mybrand_day_before_demo\\BackEnd\\routes\\category.js","statementMap":{"0":{"start":{"line":14,"column":15},"end":{"line":14,"column":31}},"1":{"start":{"line":18,"column":0},"end":{"line":18,"column":42}},"2":{"start":{"line":19,"column":0},"end":{"line":19,"column":65}},"3":{"start":{"line":20,"column":0},"end":{"line":20,"column":72}},"4":{"start":{"line":21,"column":0},"end":{"line":21,"column":69}},"5":{"start":{"line":22,"column":0},"end":{"line":22,"column":32}},"6":{"start":{"line":24,"column":0},"end":{"line":24,"column":33}},"7":{"start":{"line":25,"column":0},"end":{"line":25,"column":41}}},"fnMap":{},"branchMap":{},"s":{"0":3,"1":3,"2":3,"3":3,"4":3,"5":3,"6":3,"7":3},"f":{},"b":{},"_coverageSchema":"1a1c01bbd47fc00a2c39e90264f33305004495a9","hash":"b48db7b6b377bd80ed8dd97e2dba3301f302e678"}
,"C:\\Users\\H Desire\\Desktop\\Andela ALT Technical\\mybrand_day_before_demo\\BackEnd\\routes\\message.js": {"path":"C:\\Users\\H Desire\\Desktop\\Andela ALT Technical\\mybrand_day_before_demo\\BackEnd\\routes\\message.js","statementMap":{"0":{"start":{"line":2,"column":15},"end":{"line":2,"column":31}},"1":{"start":{"line":19,"column":0},"end":{"line":19,"column":40}},"2":{"start":{"line":20,"column":0},"end":{"line":26,"column":2}},"3":{"start":{"line":27,"column":0},"end":{"line":27,"column":43}},"4":{"start":{"line":28,"column":0},"end":{"line":28,"column":40}},"5":{"start":{"line":29,"column":0},"end":{"line":29,"column":30}},"6":{"start":{"line":30,"column":0},"end":{"line":30,"column":36}},"7":{"start":{"line":32,"column":0},"end":{"line":32,"column":33}},"8":{"start":{"line":33,"column":0},"end":{"line":33,"column":39}}},"fnMap":{},"branchMap":{},"s":{"0":3,"1":3,"2":3,"3":3,"4":3,"5":3,"6":3,"7":3,"8":3},"f":{},"b":{},"_coverageSchema":"1a1c01bbd47fc00a2c39e90264f33305004495a9","hash":"75ac4a0f331d10c0a15215a452032e6d9370479e"}
,"C:\\Users\\H Desire\\Desktop\\Andela ALT Technical\\mybrand_day_before_demo\\BackEnd\\routes\\user.js": {"path":"C:\\Users\\H Desire\\Desktop\\Andela ALT Technical\\mybrand_day_before_demo\\BackEnd\\routes\\user.js","statementMap":{"0":{"start":{"line":11,"column":15},"end":{"line":11,"column":31}},"1":{"start":{"line":13,"column":0},"end":{"line":13,"column":49}},"2":{"start":{"line":14,"column":0},"end":{"line":14,"column":51}},"3":{"start":{"line":15,"column":0},"end":{"line":15,"column":63}},"4":{"start":{"line":18,"column":0},"end":{"line":18,"column":48}},"5":{"start":{"line":21,"column":0},"end":{"line":21,"column":45}},"6":{"start":{"line":23,"column":0},"end":{"line":23,"column":33}}},"fnMap":{},"branchMap":{},"s":{"0":3,"1":3,"2":3,"3":3,"4":3,"5":3,"6":3},"f":{},"b":{},"_coverageSchema":"1a1c01bbd47fc00a2c39e90264f33305004495a9","hash":"7876943015afbd26d79754e6770070a5bf0f1064"}
,"C:\\Users\\H Desire\\Desktop\\Andela ALT Technical\\mybrand_day_before_demo\\BackEnd\\validator\\index.js": {"path":"C:\\Users\\H Desire\\Desktop\\Andela ALT Technical\\mybrand_day_before_demo\\BackEnd\\validator\\index.js","statementMap":{"0":{"start":{"line":3,"column":35},"end":{"line":23,"column":1}},"1":{"start":{"line":4,"column":2},"end":{"line":4,"column":51}},"2":{"start":{"line":5,"column":2},"end":{"line":9,"column":35}},"3":{"start":{"line":10,"column":2},"end":{"line":10,"column":59}},"4":{"start":{"line":11,"column":2},"end":{"line":16,"column":51}},"5":{"start":{"line":17,"column":17},"end":{"line":17,"column":39}},"6":{"start":{"line":18,"column":2},"end":{"line":21,"column":3}},"7":{"start":{"line":19,"column":23},"end":{"line":19,"column":58}},"8":{"start":{"line":19,"column":45},"end":{"line":19,"column":54}},"9":{"start":{"line":20,"column":4},"end":{"line":20,"column":55}},"10":{"start":{"line":22,"column":2},"end":{"line":22,"column":9}},"11":{"start":{"line":25,"column":34},"end":{"line":46,"column":1}},"12":{"start":{"line":26,"column":2},"end":{"line":26,"column":53}},"13":{"start":{"line":27,"column":2},"end":{"line":31,"column":35}},"14":{"start":{"line":32,"column":2},"end":{"line":32,"column":59}},"15":{"start":{"line":33,"column":2},"end":{"line":38,"column":51}},"16":{"start":{"line":40,"column":17},"end":{"line":40,"column":39}},"17":{"start":{"line":41,"column":2},"end":{"line":44,"column":3}},"18":{"start":{"line":42,"column":23},"end":{"line":42,"column":58}},"19":{"start":{"line":42,"column":45},"end":{"line":42,"column":54}},"20":{"start":{"line":43,"column":4},"end":{"line":43,"column":55}},"21":{"start":{"line":45,"column":2},"end":{"line":45,"column":9}},"22":{"start":{"line":48,"column":35},"end":{"line":61,"column":1}},"23":{"start":{"line":50,"column":2},"end":{"line":52,"column":40}},"24":{"start":{"line":53,"column":2},"end":{"line":53,"column":53}},"25":{"start":{"line":55,"column":17},"end":{"line":55,"column":39}},"26":{"start":{"line":56,"column":2},"end":{"line":59,"column":3}},"27":{"start":{"line":57,"column":23},"end":{"line":57,"column":58}},"28":{"start":{"line":57,"column":45},"end":{"line":57,"column":54}},"29":{"start":{"line":58,"column":4},"end":{"line":58,"column":55}},"30":{"start":{"line":60,"column":2},"end":{"line":60,"column":9}}},"fnMap":{"0":{"name":"(anonymous_0)","decl":{"start":{"line":3,"column":35},"end":{"line":3,"column":36}},"loc":{"start":{"line":3,"column":55},"end":{"line":23,"column":1}},"line":3},"1":{"name":"(anonymous_1)","decl":{"start":{"line":19,"column":34},"end":{"line":19,"column":35}},"loc":{"start":{"line":19,"column":45},"end":{"line":19,"column":54}},"line":19},"2":{"name":"(anonymous_2)","decl":{"start":{"line":25,"column":34},"end":{"line":25,"column":35}},"loc":{"start":{"line":25,"column":54},"end":{"line":46,"column":1}},"line":25},"3":{"name":"(anonymous_3)","decl":{"start":{"line":42,"column":34},"end":{"line":42,"column":35}},"loc":{"start":{"line":42,"column":45},"end":{"line":42,"column":54}},"line":42},"4":{"name":"(anonymous_4)","decl":{"start":{"line":48,"column":35},"end":{"line":48,"column":36}},"loc":{"start":{"line":48,"column":55},"end":{"line":61,"column":1}},"line":48},"5":{"name":"(anonymous_5)","decl":{"start":{"line":57,"column":34},"end":{"line":57,"column":35}},"loc":{"start":{"line":57,"column":45},"end":{"line":57,"column":54}},"line":57}},"branchMap":{"0":{"loc":{"start":{"line":18,"column":2},"end":{"line":21,"column":3}},"type":"if","locations":[{"start":{"line":18,"column":2},"end":{"line":21,"column":3}},{"start":{},"end":{}}],"line":18},"1":{"loc":{"start":{"line":41,"column":2},"end":{"line":44,"column":3}},"type":"if","locations":[{"start":{"line":41,"column":2},"end":{"line":44,"column":3}},{"start":{},"end":{}}],"line":41},"2":{"loc":{"start":{"line":56,"column":2},"end":{"line":59,"column":3}},"type":"if","locations":[{"start":{"line":56,"column":2},"end":{"line":59,"column":3}},{"start":{},"end":{}}],"line":56}},"s":{"0":3,"1":5,"2":5,"3":5,"4":5,"5":5,"6":5,"7":3,"8":4,"9":3,"10":2,"11":3,"12":6,"13":6,"14":6,"15":6,"16":6,"17":6,"18":0,"19":0,"20":0,"21":6,"22":3,"23":0,"24":0,"25":0,"26":0,"27":0,"28":0,"29":0,"30":0},"f":{"0":5,"1":4,"2":6,"3":0,"4":0,"5":0},"b":{"0":[3,2],"1":[0,6],"2":[0,0]},"_coverageSchema":"1a1c01bbd47fc00a2c39e90264f33305004495a9","hash":"f72bdfa02ea7b96bab44d49ea7cb5faaa344db89"}
}
