{"C:\\Users\\H Desire\\Desktop\\Andela ALT Technical\\mybrand_day_before_demo\\BackEnd\\server.js": {"path":"C:\\Users\\H Desire\\Desktop\\Andela ALT Technical\\mybrand_day_before_demo\\BackEnd\\server.js","statementMap":{"0":{"start":{"line":10,"column":0},"end":{"line":10,"column":16}},"1":{"start":{"line":21,"column":12},"end":{"line":21,"column":21}},"2":{"start":{"line":24,"column":0},"end":{"line":27,"column":3}},"3":{"start":{"line":25,"column":2},"end":{"line":25,"column":49}},"4":{"start":{"line":26,"column":2},"end":{"line":26,"column":9}},"5":{"start":{"line":30,"column":0},"end":{"line":35,"column":5}},"6":{"start":{"line":32,"column":14},"end":{"line":32,"column":41}},"7":{"start":{"line":34,"column":4},"end":{"line":34,"column":66}},"8":{"start":{"line":38,"column":0},"end":{"line":49,"column":3}},"9":{"start":{"line":39,"column":2},"end":{"line":39,"column":52}},"10":{"start":{"line":40,"column":2},"end":{"line":43,"column":4}},"11":{"start":{"line":44,"column":2},"end":{"line":47,"column":4}},"12":{"start":{"line":48,"column":2},"end":{"line":48,"column":9}},"13":{"start":{"line":52,"column":0},"end":{"line":52,"column":27}},"14":{"start":{"line":53,"column":0},"end":{"line":53,"column":28}},"15":{"start":{"line":54,"column":0},"end":{"line":54,"column":16}},"16":{"start":{"line":56,"column":0},"end":{"line":60,"column":2}},"17":{"start":{"line":62,"column":0},"end":{"line":62,"column":24}},"18":{"start":{"line":65,"column":0},"end":{"line":65,"column":28}},"19":{"start":{"line":66,"column":0},"end":{"line":66,"column":28}},"20":{"start":{"line":67,"column":0},"end":{"line":67,"column":28}},"21":{"start":{"line":68,"column":0},"end":{"line":68,"column":31}},"22":{"start":{"line":69,"column":0},"end":{"line":69,"column":32}},"23":{"start":{"line":71,"column":0},"end":{"line":76,"column":3}},"24":{"start":{"line":72,"column":2},"end":{"line":75,"column":5}},"25":{"start":{"line":78,"column":13},"end":{"line":78,"column":37}},"26":{"start":{"line":80,"column":0},"end":{"line":82,"column":3}},"27":{"start":{"line":81,"column":2},"end":{"line":81,"column":51}},"28":{"start":{"line":84,"column":0},"end":{"line":93,"column":1}},"29":{"start":{"line":85,"column":2},"end":{"line":85,"column":41}},"30":{"start":{"line":86,"column":2},"end":{"line":88,"column":5}},"31":{"start":{"line":87,"column":4},"end":{"line":87,"column":68}},"32":{"start":{"line":90,"column":2},"end":{"line":92,"column":5}},"33":{"start":{"line":91,"column":4},"end":{"line":91,"column":28}}},"fnMap":{"0":{"name":"(anonymous_0)","decl":{"start":{"line":24,"column":8},"end":{"line":24,"column":9}},"loc":{"start":{"line":24,"column":28},"end":{"line":27,"column":1}},"line":24},"1":{"name":"(anonymous_1)","decl":{"start":{"line":32,"column":8},"end":{"line":32,"column":9}},"loc":{"start":{"line":32,"column":14},"end":{"line":32,"column":41}},"line":32},"2":{"name":"(anonymous_2)","decl":{"start":{"line":33,"column":9},"end":{"line":33,"column":10}},"loc":{"start":{"line":33,"column":18},"end":{"line":35,"column":3}},"line":33},"3":{"name":"(anonymous_3)","decl":{"start":{"line":38,"column":8},"end":{"line":38,"column":9}},"loc":{"start":{"line":38,"column":28},"end":{"line":49,"column":1}},"line":38},"4":{"name":"(anonymous_4)","decl":{"start":{"line":71,"column":13},"end":{"line":71,"column":14}},"loc":{"start":{"line":71,"column":27},"end":{"line":76,"column":1}},"line":71},"5":{"name":"(anonymous_5)","decl":{"start":{"line":80,"column":17},"end":{"line":80,"column":18}},"loc":{"start":{"line":80,"column":23},"end":{"line":82,"column":1}},"line":80},"6":{"name":"(anonymous_6)","decl":{"start":{"line":86,"column":15},"end":{"line":86,"column":16}},"loc":{"start":{"line":86,"column":29},"end":{"line":88,"column":3}},"line":86},"7":{"name":"(anonymous_7)","decl":{"start":{"line":90,"column":15},"end":{"line":90,"column":16}},"loc":{"start":{"line":90,"column":29},"end":{"line":92,"column":3}},"line":90}},"branchMap":{"0":{"loc":{"start":{"line":78,"column":13},"end":{"line":78,"column":37}},"type":"binary-expr","locations":[{"start":{"line":78,"column":13},"end":{"line":78,"column":29}},{"start":{"line":78,"column":33},"end":{"line":78,"column":37}}],"line":78},"1":{"loc":{"start":{"line":84,"column":0},"end":{"line":93,"column":1}},"type":"if","locations":[{"start":{"line":84,"column":0},"end":{"line":93,"column":1}},{"start":{"line":89,"column":7},"end":{"line":93,"column":1}}],"line":84}},"s":{"0":5,"1":5,"2":5,"3":27,"4":27,"5":5,"6":5,"7":0,"8":5,"9":27,"10":27,"11":27,"12":27,"13":5,"14":5,"15":5,"16":5,"17":5,"18":5,"19":5,"20":5,"21":5,"22":5,"23":5,"24":2,"25":5,"26":5,"27":0,"28":5,"29":0,"30":0,"31":0,"32":5,"33":0},"f":{"0":27,"1":5,"2":0,"3":27,"4":2,"5":0,"6":0,"7":0},"b":{"0":[5,0],"1":[0,5]},"_coverageSchema":"1a1c01bbd47fc00a2c39e90264f33305004495a9","hash":"005a3d4589821fd4fb98f96ed7ce2349098c6561"}
,"C:\\Users\\H Desire\\Desktop\\Andela ALT Technical\\mybrand_day_before_demo\\BackEnd\\controllers\\auth.js": {"path":"C:\\Users\\H Desire\\Desktop\\Andela ALT Technical\\mybrand_day_before_demo\\BackEnd\\controllers\\auth.js","statementMap":{"0":{"start":{"line":8,"column":22},"end":{"line":69,"column":1}},"1":{"start":{"line":9,"column":13},"end":{"line":9,"column":26}},"2":{"start":{"line":10,"column":17},"end":{"line":10,"column":34}},"3":{"start":{"line":11,"column":14},"end":{"line":11,"column":28}},"4":{"start":{"line":12,"column":17},"end":{"line":12,"column":34}},"5":{"start":{"line":14,"column":2},"end":{"line":68,"column":3}},"6":{"start":{"line":15,"column":15},"end":{"line":20,"column":6}},"7":{"start":{"line":18,"column":6},"end":{"line":18,"column":25}},"8":{"start":{"line":19,"column":6},"end":{"line":19,"column":62}},"9":{"start":{"line":22,"column":4},"end":{"line":40,"column":5}},"10":{"start":{"line":24,"column":17},"end":{"line":24,"column":25}},"11":{"start":{"line":25,"column":6},"end":{"line":25,"column":74}},"12":{"start":{"line":26,"column":6},"end":{"line":32,"column":9}},"13":{"start":{"line":28,"column":8},"end":{"line":28,"column":34}},"14":{"start":{"line":29,"column":8},"end":{"line":31,"column":76}},"15":{"start":{"line":35,"column":6},"end":{"line":39,"column":7}},"16":{"start":{"line":36,"column":8},"end":{"line":36,"column":57}},"17":{"start":{"line":38,"column":8},"end":{"line":38,"column":70}},"18":{"start":{"line":42,"column":4},"end":{"line":47,"column":5}},"19":{"start":{"line":43,"column":6},"end":{"line":46,"column":9}},"20":{"start":{"line":49,"column":4},"end":{"line":67,"column":5}},"21":{"start":{"line":50,"column":6},"end":{"line":53,"column":9}},"22":{"start":{"line":54,"column":6},"end":{"line":66,"column":7}},"23":{"start":{"line":55,"column":8},"end":{"line":58,"column":11}},"24":{"start":{"line":60,"column":8},"end":{"line":65,"column":9}},"25":{"start":{"line":61,"column":10},"end":{"line":64,"column":13}},"26":{"start":{"line":71,"column":22},"end":{"line":104,"column":1}},"27":{"start":{"line":72,"column":2},"end":{"line":103,"column":3}},"28":{"start":{"line":73,"column":15},"end":{"line":78,"column":6}},"29":{"start":{"line":76,"column":6},"end":{"line":76,"column":25}},"30":{"start":{"line":77,"column":6},"end":{"line":77,"column":77}},"31":{"start":{"line":80,"column":4},"end":{"line":97,"column":5}},"32":{"start":{"line":82,"column":19},"end":{"line":82,"column":73}},"33":{"start":{"line":84,"column":6},"end":{"line":96,"column":7}},"34":{"start":{"line":87,"column":8},"end":{"line":87,"column":34}},"35":{"start":{"line":88,"column":22},"end":{"line":88,"column":78}},"36":{"start":{"line":90,"column":8},"end":{"line":90,"column":62}},"37":{"start":{"line":91,"column":8},"end":{"line":95,"column":11}},"38":{"start":{"line":98,"column":4},"end":{"line":100,"column":5}},"39":{"start":{"line":99,"column":6},"end":{"line":99,"column":77}},"40":{"start":{"line":102,"column":4},"end":{"line":102,"column":79}},"41":{"start":{"line":106,"column":23},"end":{"line":109,"column":1}},"42":{"start":{"line":107,"column":2},"end":{"line":107,"column":23}},"43":{"start":{"line":108,"column":2},"end":{"line":108,"column":55}},"44":{"start":{"line":111,"column":29},"end":{"line":116,"column":2}},"45":{"start":{"line":118,"column":22},"end":{"line":144,"column":1}},"46":{"start":{"line":119,"column":20},"end":{"line":119,"column":45}},"47":{"start":{"line":120,"column":2},"end":{"line":124,"column":3}},"48":{"start":{"line":121,"column":4},"end":{"line":123,"column":66}},"49":{"start":{"line":126,"column":16},"end":{"line":126,"column":36}},"50":{"start":{"line":127,"column":18},"end":{"line":127,"column":62}},"51":{"start":{"line":128,"column":15},"end":{"line":128,"column":22}},"52":{"start":{"line":132,"column":13},"end":{"line":135,"column":4}},"53":{"start":{"line":133,"column":4},"end":{"line":133,"column":23}},"54":{"start":{"line":134,"column":4},"end":{"line":134,"column":75}},"55":{"start":{"line":138,"column":2},"end":{"line":142,"column":3}},"56":{"start":{"line":139,"column":4},"end":{"line":141,"column":7}},"57":{"start":{"line":143,"column":2},"end":{"line":143,"column":9}},"58":{"start":{"line":146,"column":23},"end":{"line":174,"column":1}},"59":{"start":{"line":147,"column":20},"end":{"line":147,"column":45}},"60":{"start":{"line":149,"column":2},"end":{"line":153,"column":3}},"61":{"start":{"line":150,"column":4},"end":{"line":152,"column":66}},"62":{"start":{"line":156,"column":16},"end":{"line":156,"column":36}},"63":{"start":{"line":157,"column":18},"end":{"line":157,"column":62}},"64":{"start":{"line":158,"column":15},"end":{"line":158,"column":22}},"65":{"start":{"line":161,"column":13},"end":{"line":164,"column":4}},"66":{"start":{"line":162,"column":4},"end":{"line":162,"column":23}},"67":{"start":{"line":163,"column":4},"end":{"line":163,"column":75}},"68":{"start":{"line":168,"column":2},"end":{"line":172,"column":3}},"69":{"start":{"line":169,"column":4},"end":{"line":171,"column":7}},"70":{"start":{"line":173,"column":2},"end":{"line":173,"column":9}}},"fnMap":{"0":{"name":"(anonymous_0)","decl":{"start":{"line":8,"column":22},"end":{"line":8,"column":23}},"loc":{"start":{"line":8,"column":42},"end":{"line":69,"column":1}},"line":8},"1":{"name":"(anonymous_1)","decl":{"start":{"line":17,"column":13},"end":{"line":17,"column":14}},"loc":{"start":{"line":17,"column":24},"end":{"line":20,"column":5}},"line":17},"2":{"name":"(anonymous_2)","decl":{"start":{"line":26,"column":29},"end":{"line":26,"column":30}},"loc":{"start":{"line":26,"column":39},"end":{"line":32,"column":7}},"line":26},"3":{"name":"(anonymous_3)","decl":{"start":{"line":71,"column":22},"end":{"line":71,"column":23}},"loc":{"start":{"line":71,"column":48},"end":{"line":104,"column":1}},"line":71},"4":{"name":"(anonymous_4)","decl":{"start":{"line":75,"column":13},"end":{"line":75,"column":14}},"loc":{"start":{"line":75,"column":24},"end":{"line":78,"column":5}},"line":75},"5":{"name":"(anonymous_5)","decl":{"start":{"line":106,"column":23},"end":{"line":106,"column":24}},"loc":{"start":{"line":106,"column":37},"end":{"line":109,"column":1}},"line":106},"6":{"name":"(anonymous_6)","decl":{"start":{"line":118,"column":22},"end":{"line":118,"column":23}},"loc":{"start":{"line":118,"column":48},"end":{"line":144,"column":1}},"line":118},"7":{"name":"(anonymous_7)","decl":{"start":{"line":132,"column":55},"end":{"line":132,"column":56}},"loc":{"start":{"line":132,"column":66},"end":{"line":135,"column":3}},"line":132},"8":{"name":"(anonymous_8)","decl":{"start":{"line":146,"column":23},"end":{"line":146,"column":24}},"loc":{"start":{"line":146,"column":49},"end":{"line":174,"column":1}},"line":146},"9":{"name":"(anonymous_9)","decl":{"start":{"line":161,"column":55},"end":{"line":161,"column":56}},"loc":{"start":{"line":161,"column":66},"end":{"line":164,"column":3}},"line":161}},"branchMap":{"0":{"loc":{"start":{"line":14,"column":2},"end":{"line":68,"column":3}},"type":"if","locations":[{"start":{"line":14,"column":2},"end":{"line":68,"column":3}},{"start":{"line":41,"column":9},"end":{"line":68,"column":3}}],"line":14},"1":{"loc":{"start":{"line":14,"column":6},"end":{"line":14,"column":43}},"type":"binary-expr","locations":[{"start":{"line":14,"column":6},"end":{"line":14,"column":10}},{"start":{"line":14,"column":14},"end":{"line":14,"column":19}},{"start":{"line":14,"column":23},"end":{"line":14,"column":31}},{"start":{"line":14,"column":35},"end":{"line":14,"column":43}}],"line":14},"2":{"loc":{"start":{"line":22,"column":4},"end":{"line":40,"column":5}},"type":"if","locations":[{"start":{"line":22,"column":4},"end":{"line":40,"column":5}},{"start":{"line":33,"column":11},"end":{"line":40,"column":5}}],"line":22},"3":{"loc":{"start":{"line":35,"column":6},"end":{"line":39,"column":7}},"type":"if","locations":[{"start":{"line":35,"column":6},"end":{"line":39,"column":7}},{"start":{"line":37,"column":13},"end":{"line":39,"column":7}}],"line":35},"4":{"loc":{"start":{"line":42,"column":4},"end":{"line":47,"column":5}},"type":"if","locations":[{"start":{"line":42,"column":4},"end":{"line":47,"column":5}},{"start":{},"end":{}}],"line":42},"5":{"loc":{"start":{"line":49,"column":4},"end":{"line":67,"column":5}},"type":"if","locations":[{"start":{"line":49,"column":4},"end":{"line":67,"column":5}},{"start":{},"end":{}}],"line":49},"6":{"loc":{"start":{"line":54,"column":6},"end":{"line":66,"column":7}},"type":"if","locations":[{"start":{"line":54,"column":6},"end":{"line":66,"column":7}},{"start":{},"end":{}}],"line":54},"7":{"loc":{"start":{"line":60,"column":8},"end":{"line":65,"column":9}},"type":"if","locations":[{"start":{"line":60,"column":8},"end":{"line":65,"column":9}},{"start":{},"end":{}}],"line":60},"8":{"loc":{"start":{"line":72,"column":2},"end":{"line":103,"column":3}},"type":"if","locations":[{"start":{"line":72,"column":2},"end":{"line":103,"column":3}},{"start":{"line":101,"column":9},"end":{"line":103,"column":3}}],"line":72},"9":{"loc":{"start":{"line":72,"column":6},"end":{"line":72,"column":41}},"type":"binary-expr","locations":[{"start":{"line":72,"column":6},"end":{"line":72,"column":20}},{"start":{"line":72,"column":24},"end":{"line":72,"column":41}}],"line":72},"10":{"loc":{"start":{"line":80,"column":4},"end":{"line":97,"column":5}},"type":"if","locations":[{"start":{"line":80,"column":4},"end":{"line":97,"column":5}},{"start":{},"end":{}}],"line":80},"11":{"loc":{"start":{"line":84,"column":6},"end":{"line":96,"column":7}},"type":"if","locations":[{"start":{"line":84,"column":6},"end":{"line":96,"column":7}},{"start":{},"end":{}}],"line":84},"12":{"loc":{"start":{"line":98,"column":4},"end":{"line":100,"column":5}},"type":"if","locations":[{"start":{"line":98,"column":4},"end":{"line":100,"column":5}},{"start":{},"end":{}}],"line":98},"13":{"loc":{"start":{"line":120,"column":2},"end":{"line":124,"column":3}},"type":"if","locations":[{"start":{"line":120,"column":2},"end":{"line":124,"column":3}},{"start":{},"end":{}}],"line":120},"14":{"loc":{"start":{"line":138,"column":2},"end":{"line":142,"column":3}},"type":"if","locations":[{"start":{"line":138,"column":2},"end":{"line":142,"column":3}},{"start":{},"end":{}}],"line":138},"15":{"loc":{"start":{"line":149,"column":2},"end":{"line":153,"column":3}},"type":"if","locations":[{"start":{"line":149,"column":2},"end":{"line":153,"column":3}},{"start":{},"end":{}}],"line":149},"16":{"loc":{"start":{"line":168,"column":2},"end":{"line":172,"column":3}},"type":"if","locations":[{"start":{"line":168,"column":2},"end":{"line":172,"column":3}},{"start":{},"end":{}}],"line":168}},"s":{"0":5,"1":2,"2":2,"3":2,"4":2,"5":2,"6":2,"7":0,"8":0,"9":2,"10":0,"11":0,"12":0,"13":0,"14":0,"15":2,"16":1,"17":1,"18":0,"19":0,"20":0,"21":0,"22":0,"23":0,"24":0,"25":0,"26":5,"27":3,"28":3,"29":0,"30":0,"31":3,"32":3,"33":3,"34":2,"35":2,"36":2,"37":2,"38":3,"39":1,"40":0,"41":5,"42":0,"43":0,"44":5,"45":5,"46":0,"47":0,"48":0,"49":0,"50":0,"51":0,"52":0,"53":0,"54":0,"55":0,"56":0,"57":0,"58":5,"59":0,"60":0,"61":0,"62":0,"63":0,"64":0,"65":0,"66":0,"67":0,"68":0,"69":0,"70":0},"f":{"0":2,"1":0,"2":0,"3":3,"4":0,"5":0,"6":0,"7":0,"8":0,"9":0},"b":{"0":[2,0],"1":[2,2,2,2],"2":[0,2],"3":[1,1],"4":[0,0],"5":[0,0],"6":[0,0],"7":[0,0],"8":[3,0],"9":[3,3],"10":[3,0],"11":[2,1],"12":[1,2],"13":[0,0],"14":[0,0],"15":[0,0],"16":[0,0]},"_coverageSchema":"1a1c01bbd47fc00a2c39e90264f33305004495a9","hash":"d716cf301b86b502d256901bb0bae6a804a6a659"}
,"C:\\Users\\H Desire\\Desktop\\Andela ALT Technical\\mybrand_day_before_demo\\BackEnd\\controllers\\blog.js": {"path":"C:\\Users\\H Desire\\Desktop\\Andela ALT Technical\\mybrand_day_before_demo\\BackEnd\\controllers\\blog.js","statementMap":{"0":{"start":{"line":7,"column":24},"end":{"line":29,"column":1}},"1":{"start":{"line":8,"column":2},"end":{"line":28,"column":7}},"2":{"start":{"line":12,"column":6},"end":{"line":16,"column":7}},"3":{"start":{"line":13,"column":8},"end":{"line":15,"column":11}},"4":{"start":{"line":23,"column":6},"end":{"line":23,"column":22}},"5":{"start":{"line":27,"column":6},"end":{"line":27,"column":13}},"6":{"start":{"line":31,"column":20},"end":{"line":39,"column":1}},"7":{"start":{"line":32,"column":2},"end":{"line":32,"column":29}},"8":{"start":{"line":34,"column":2},"end":{"line":36,"column":3}},"9":{"start":{"line":35,"column":4},"end":{"line":35,"column":61}},"10":{"start":{"line":38,"column":2},"end":{"line":38,"column":77}},"11":{"start":{"line":41,"column":20},"end":{"line":61,"column":1}},"12":{"start":{"line":42,"column":14},"end":{"line":42,"column":62}},"13":{"start":{"line":43,"column":2},"end":{"line":60,"column":7}},"14":{"start":{"line":49,"column":6},"end":{"line":53,"column":7}},"15":{"start":{"line":50,"column":8},"end":{"line":52,"column":11}},"16":{"start":{"line":54,"column":6},"end":{"line":59,"column":9}},"17":{"start":{"line":63,"column":27},"end":{"line":77,"column":1}},"18":{"start":{"line":64,"column":14},"end":{"line":64,"column":61}},"19":{"start":{"line":65,"column":2},"end":{"line":76,"column":7}},"20":{"start":{"line":70,"column":6},"end":{"line":74,"column":7}},"21":{"start":{"line":71,"column":8},"end":{"line":73,"column":11}},"22":{"start":{"line":75,"column":6},"end":{"line":75,"column":22}},"23":{"start":{"line":79,"column":30},"end":{"line":88,"column":1}},"24":{"start":{"line":80,"column":2},"end":{"line":87,"column":5}},"25":{"start":{"line":81,"column":4},"end":{"line":85,"column":5}},"26":{"start":{"line":82,"column":6},"end":{"line":84,"column":9}},"27":{"start":{"line":86,"column":4},"end":{"line":86,"column":25}},"28":{"start":{"line":90,"column":26},"end":{"line":106,"column":1}},"29":{"start":{"line":91,"column":2},"end":{"line":105,"column":7}},"30":{"start":{"line":96,"column":6},"end":{"line":100,"column":7}},"31":{"start":{"line":97,"column":8},"end":{"line":99,"column":11}},"32":{"start":{"line":101,"column":6},"end":{"line":104,"column":9}},"33":{"start":{"line":108,"column":30},"end":{"line":124,"column":1}},"34":{"start":{"line":109,"column":2},"end":{"line":123,"column":7}},"35":{"start":{"line":114,"column":6},"end":{"line":118,"column":7}},"36":{"start":{"line":115,"column":8},"end":{"line":117,"column":11}},"37":{"start":{"line":119,"column":6},"end":{"line":122,"column":9}},"38":{"start":{"line":126,"column":28},"end":{"line":147,"column":1}},"39":{"start":{"line":127,"column":14},"end":{"line":127,"column":61}},"40":{"start":{"line":128,"column":13},"end":{"line":128,"column":36}},"41":{"start":{"line":129,"column":17},"end":{"line":129,"column":19}},"42":{"start":{"line":131,"column":2},"end":{"line":146,"column":7}},"43":{"start":{"line":137,"column":6},"end":{"line":141,"column":7}},"44":{"start":{"line":138,"column":8},"end":{"line":140,"column":11}},"45":{"start":{"line":142,"column":6},"end":{"line":145,"column":9}},"46":{"start":{"line":149,"column":22},"end":{"line":282,"column":1}},"47":{"start":{"line":150,"column":13},"end":{"line":150,"column":42}},"48":{"start":{"line":176,"column":2},"end":{"line":176,"column":29}},"49":{"start":{"line":178,"column":2},"end":{"line":253,"column":5}},"50":{"start":{"line":184,"column":4},"end":{"line":188,"column":5}},"51":{"start":{"line":185,"column":6},"end":{"line":187,"column":9}},"52":{"start":{"line":190,"column":31},"end":{"line":190,"column":37}},"53":{"start":{"line":192,"column":4},"end":{"line":196,"column":5}},"54":{"start":{"line":193,"column":6},"end":{"line":195,"column":9}},"55":{"start":{"line":198,"column":4},"end":{"line":202,"column":5}},"56":{"start":{"line":199,"column":6},"end":{"line":201,"column":9}},"57":{"start":{"line":203,"column":4},"end":{"line":207,"column":5}},"58":{"start":{"line":204,"column":6},"end":{"line":206,"column":9}},"59":{"start":{"line":209,"column":15},"end":{"line":209,"column":31}},"60":{"start":{"line":210,"column":4},"end":{"line":210,"column":33}},"61":{"start":{"line":212,"column":4},"end":{"line":231,"column":5}},"62":{"start":{"line":214,"column":6},"end":{"line":218,"column":7}},"63":{"start":{"line":215,"column":8},"end":{"line":217,"column":11}},"64":{"start":{"line":229,"column":6},"end":{"line":229,"column":58}},"65":{"start":{"line":230,"column":6},"end":{"line":230,"column":48}},"66":{"start":{"line":233,"column":4},"end":{"line":248,"column":7}},"67":{"start":{"line":234,"column":6},"end":{"line":241,"column":7}},"68":{"start":{"line":236,"column":8},"end":{"line":240,"column":11}},"69":{"start":{"line":242,"column":6},"end":{"line":242,"column":31}},"70":{"start":{"line":243,"column":6},"end":{"line":247,"column":9}},"71":{"start":{"line":284,"column":22},"end":{"line":298,"column":1}},"72":{"start":{"line":285,"column":13},"end":{"line":285,"column":21}},"73":{"start":{"line":286,"column":2},"end":{"line":297,"column":5}},"74":{"start":{"line":287,"column":4},"end":{"line":291,"column":5}},"75":{"start":{"line":288,"column":6},"end":{"line":290,"column":9}},"76":{"start":{"line":292,"column":4},"end":{"line":296,"column":7}},"77":{"start":{"line":300,"column":22},"end":{"line":360,"column":1}},"78":{"start":{"line":301,"column":13},"end":{"line":301,"column":42}},"79":{"start":{"line":303,"column":2},"end":{"line":303,"column":29}},"80":{"start":{"line":307,"column":2},"end":{"line":359,"column":5}},"81":{"start":{"line":308,"column":4},"end":{"line":312,"column":5}},"82":{"start":{"line":309,"column":6},"end":{"line":311,"column":9}},"83":{"start":{"line":315,"column":31},"end":{"line":315,"column":37}},"84":{"start":{"line":317,"column":4},"end":{"line":321,"column":5}},"85":{"start":{"line":318,"column":6},"end":{"line":320,"column":9}},"86":{"start":{"line":323,"column":4},"end":{"line":327,"column":5}},"87":{"start":{"line":324,"column":6},"end":{"line":326,"column":9}},"88":{"start":{"line":328,"column":4},"end":{"line":332,"column":5}},"89":{"start":{"line":329,"column":6},"end":{"line":331,"column":9}},"90":{"start":{"line":334,"column":15},"end":{"line":334,"column":23}},"91":{"start":{"line":335,"column":4},"end":{"line":335,"column":34}},"92":{"start":{"line":336,"column":4},"end":{"line":345,"column":5}},"93":{"start":{"line":338,"column":6},"end":{"line":342,"column":7}},"94":{"start":{"line":339,"column":8},"end":{"line":341,"column":11}},"95":{"start":{"line":343,"column":6},"end":{"line":343,"column":62}},"96":{"start":{"line":344,"column":6},"end":{"line":344,"column":48}},"97":{"start":{"line":346,"column":4},"end":{"line":358,"column":7}},"98":{"start":{"line":347,"column":6},"end":{"line":352,"column":7}},"99":{"start":{"line":348,"column":8},"end":{"line":351,"column":11}},"100":{"start":{"line":353,"column":6},"end":{"line":357,"column":9}},"101":{"start":{"line":362,"column":21},"end":{"line":369,"column":1}},"102":{"start":{"line":363,"column":2},"end":{"line":366,"column":3}},"103":{"start":{"line":364,"column":4},"end":{"line":364,"column":56}},"104":{"start":{"line":365,"column":4},"end":{"line":365,"column":41}},"105":{"start":{"line":368,"column":2},"end":{"line":368,"column":9}},"106":{"start":{"line":375,"column":26},"end":{"line":406,"column":1}},"107":{"start":{"line":377,"column":16},"end":{"line":377,"column":18}},"108":{"start":{"line":380,"column":2},"end":{"line":405,"column":3}},"109":{"start":{"line":381,"column":4},"end":{"line":381,"column":62}},"110":{"start":{"line":384,"column":4},"end":{"line":386,"column":5}},"111":{"start":{"line":385,"column":6},"end":{"line":385,"column":42}},"112":{"start":{"line":389,"column":4},"end":{"line":404,"column":24}},"113":{"start":{"line":390,"column":6},"end":{"line":394,"column":7}},"114":{"start":{"line":391,"column":8},"end":{"line":393,"column":11}},"115":{"start":{"line":395,"column":6},"end":{"line":403,"column":9}},"116":{"start":{"line":408,"column":23},"end":{"line":436,"column":1}},"117":{"start":{"line":409,"column":16},"end":{"line":409,"column":32}},"118":{"start":{"line":410,"column":15},"end":{"line":410,"column":32}},"119":{"start":{"line":412,"column":2},"end":{"line":435,"column":7}},"120":{"start":{"line":422,"column":6},"end":{"line":434,"column":7}},"121":{"start":{"line":423,"column":8},"end":{"line":423,"column":25}},"122":{"start":{"line":424,"column":8},"end":{"line":427,"column":11}},"123":{"start":{"line":429,"column":8},"end":{"line":433,"column":11}},"124":{"start":{"line":438,"column":25},"end":{"line":461,"column":1}},"125":{"start":{"line":439,"column":16},"end":{"line":439,"column":32}},"126":{"start":{"line":441,"column":2},"end":{"line":460,"column":7}},"127":{"start":{"line":449,"column":6},"end":{"line":459,"column":7}},"128":{"start":{"line":450,"column":8},"end":{"line":452,"column":11}},"129":{"start":{"line":454,"column":8},"end":{"line":458,"column":11}},"130":{"start":{"line":463,"column":29},"end":{"line":492,"column":1}},"131":{"start":{"line":464,"column":16},"end":{"line":464,"column":32}},"132":{"start":{"line":466,"column":2},"end":{"line":491,"column":5}},"133":{"start":{"line":469,"column":4},"end":{"line":490,"column":5}},"134":{"start":{"line":470,"column":6},"end":{"line":472,"column":9}},"135":{"start":{"line":474,"column":6},"end":{"line":489,"column":11}},"136":{"start":{"line":482,"column":10},"end":{"line":488,"column":11}},"137":{"start":{"line":483,"column":12},"end":{"line":485,"column":15}},"138":{"start":{"line":487,"column":12},"end":{"line":487,"column":29}}},"fnMap":{"0":{"name":"(anonymous_0)","decl":{"start":{"line":7,"column":24},"end":{"line":7,"column":25}},"loc":{"start":{"line":7,"column":48},"end":{"line":29,"column":1}},"line":7},"1":{"name":"(anonymous_1)","decl":{"start":{"line":11,"column":10},"end":{"line":11,"column":11}},"loc":{"start":{"line":11,"column":25},"end":{"line":28,"column":5}},"line":11},"2":{"name":"(anonymous_2)","decl":{"start":{"line":31,"column":20},"end":{"line":31,"column":21}},"loc":{"start":{"line":31,"column":34},"end":{"line":39,"column":1}},"line":31},"3":{"name":"(anonymous_3)","decl":{"start":{"line":41,"column":20},"end":{"line":41,"column":21}},"loc":{"start":{"line":41,"column":34},"end":{"line":61,"column":1}},"line":41},"4":{"name":"(anonymous_4)","decl":{"start":{"line":48,"column":10},"end":{"line":48,"column":11}},"loc":{"start":{"line":48,"column":25},"end":{"line":60,"column":5}},"line":48},"5":{"name":"(anonymous_5)","decl":{"start":{"line":63,"column":27},"end":{"line":63,"column":28}},"loc":{"start":{"line":63,"column":41},"end":{"line":77,"column":1}},"line":63},"6":{"name":"(anonymous_6)","decl":{"start":{"line":69,"column":10},"end":{"line":69,"column":11}},"loc":{"start":{"line":69,"column":26},"end":{"line":76,"column":5}},"line":69},"7":{"name":"(anonymous_7)","decl":{"start":{"line":79,"column":30},"end":{"line":79,"column":31}},"loc":{"start":{"line":79,"column":44},"end":{"line":88,"column":1}},"line":79},"8":{"name":"(anonymous_8)","decl":{"start":{"line":80,"column":32},"end":{"line":80,"column":33}},"loc":{"start":{"line":80,"column":53},"end":{"line":87,"column":3}},"line":80},"9":{"name":"(anonymous_9)","decl":{"start":{"line":90,"column":26},"end":{"line":90,"column":27}},"loc":{"start":{"line":90,"column":40},"end":{"line":106,"column":1}},"line":90},"10":{"name":"(anonymous_10)","decl":{"start":{"line":95,"column":10},"end":{"line":95,"column":11}},"loc":{"start":{"line":95,"column":26},"end":{"line":105,"column":5}},"line":95},"11":{"name":"(anonymous_11)","decl":{"start":{"line":108,"column":30},"end":{"line":108,"column":31}},"loc":{"start":{"line":108,"column":44},"end":{"line":124,"column":1}},"line":108},"12":{"name":"(anonymous_12)","decl":{"start":{"line":113,"column":10},"end":{"line":113,"column":11}},"loc":{"start":{"line":113,"column":25},"end":{"line":123,"column":5}},"line":113},"13":{"name":"(anonymous_13)","decl":{"start":{"line":126,"column":28},"end":{"line":126,"column":29}},"loc":{"start":{"line":126,"column":42},"end":{"line":147,"column":1}},"line":126},"14":{"name":"(anonymous_14)","decl":{"start":{"line":136,"column":10},"end":{"line":136,"column":11}},"loc":{"start":{"line":136,"column":25},"end":{"line":146,"column":5}},"line":136},"15":{"name":"(anonymous_15)","decl":{"start":{"line":149,"column":22},"end":{"line":149,"column":23}},"loc":{"start":{"line":149,"column":36},"end":{"line":282,"column":1}},"line":149},"16":{"name":"(anonymous_16)","decl":{"start":{"line":178,"column":18},"end":{"line":178,"column":19}},"loc":{"start":{"line":178,"column":42},"end":{"line":253,"column":3}},"line":178},"17":{"name":"(anonymous_17)","decl":{"start":{"line":233,"column":14},"end":{"line":233,"column":15}},"loc":{"start":{"line":233,"column":31},"end":{"line":248,"column":5}},"line":233},"18":{"name":"(anonymous_18)","decl":{"start":{"line":284,"column":22},"end":{"line":284,"column":23}},"loc":{"start":{"line":284,"column":36},"end":{"line":298,"column":1}},"line":284},"19":{"name":"(anonymous_19)","decl":{"start":{"line":286,"column":14},"end":{"line":286,"column":15}},"loc":{"start":{"line":286,"column":36},"end":{"line":297,"column":3}},"line":286},"20":{"name":"(anonymous_20)","decl":{"start":{"line":300,"column":22},"end":{"line":300,"column":23}},"loc":{"start":{"line":300,"column":36},"end":{"line":360,"column":1}},"line":300},"21":{"name":"(anonymous_21)","decl":{"start":{"line":307,"column":18},"end":{"line":307,"column":19}},"loc":{"start":{"line":307,"column":42},"end":{"line":359,"column":3}},"line":307},"22":{"name":"(anonymous_22)","decl":{"start":{"line":346,"column":14},"end":{"line":346,"column":15}},"loc":{"start":{"line":346,"column":31},"end":{"line":358,"column":5}},"line":346},"23":{"name":"(anonymous_23)","decl":{"start":{"line":362,"column":21},"end":{"line":362,"column":22}},"loc":{"start":{"line":362,"column":41},"end":{"line":369,"column":1}},"line":362},"24":{"name":"(anonymous_24)","decl":{"start":{"line":375,"column":26},"end":{"line":375,"column":27}},"loc":{"start":{"line":375,"column":40},"end":{"line":406,"column":1}},"line":375},"25":{"name":"(anonymous_25)","decl":{"start":{"line":389,"column":21},"end":{"line":389,"column":22}},"loc":{"start":{"line":389,"column":37},"end":{"line":404,"column":5}},"line":389},"26":{"name":"(anonymous_26)","decl":{"start":{"line":408,"column":23},"end":{"line":408,"column":24}},"loc":{"start":{"line":408,"column":37},"end":{"line":436,"column":1}},"line":408},"27":{"name":"(anonymous_27)","decl":{"start":{"line":421,"column":10},"end":{"line":421,"column":11}},"loc":{"start":{"line":421,"column":27},"end":{"line":435,"column":5}},"line":421},"28":{"name":"(anonymous_28)","decl":{"start":{"line":438,"column":25},"end":{"line":438,"column":26}},"loc":{"start":{"line":438,"column":39},"end":{"line":461,"column":1}},"line":438},"29":{"name":"(anonymous_29)","decl":{"start":{"line":448,"column":10},"end":{"line":448,"column":11}},"loc":{"start":{"line":448,"column":27},"end":{"line":460,"column":5}},"line":448},"30":{"name":"(anonymous_30)","decl":{"start":{"line":463,"column":29},"end":{"line":463,"column":30}},"loc":{"start":{"line":463,"column":43},"end":{"line":492,"column":1}},"line":463},"31":{"name":"(anonymous_31)","decl":{"start":{"line":468,"column":10},"end":{"line":468,"column":11}},"loc":{"start":{"line":468,"column":27},"end":{"line":491,"column":3}},"line":468},"32":{"name":"(anonymous_32)","decl":{"start":{"line":481,"column":14},"end":{"line":481,"column":15}},"loc":{"start":{"line":481,"column":31},"end":{"line":489,"column":9}},"line":481}},"branchMap":{"0":{"loc":{"start":{"line":12,"column":6},"end":{"line":16,"column":7}},"type":"if","locations":[{"start":{"line":12,"column":6},"end":{"line":16,"column":7}},{"start":{},"end":{}}],"line":12},"1":{"loc":{"start":{"line":12,"column":10},"end":{"line":12,"column":22}},"type":"binary-expr","locations":[{"start":{"line":12,"column":10},"end":{"line":12,"column":13}},{"start":{"line":12,"column":17},"end":{"line":12,"column":22}}],"line":12},"2":{"loc":{"start":{"line":34,"column":2},"end":{"line":36,"column":3}},"type":"if","locations":[{"start":{"line":34,"column":2},"end":{"line":36,"column":3}},{"start":{},"end":{}}],"line":34},"3":{"loc":{"start":{"line":42,"column":14},"end":{"line":42,"column":62}},"type":"cond-expr","locations":[{"start":{"line":42,"column":32},"end":{"line":42,"column":57}},{"start":{"line":42,"column":60},"end":{"line":42,"column":62}}],"line":42},"4":{"loc":{"start":{"line":49,"column":6},"end":{"line":53,"column":7}},"type":"if","locations":[{"start":{"line":49,"column":6},"end":{"line":53,"column":7}},{"start":{},"end":{}}],"line":49},"5":{"loc":{"start":{"line":64,"column":14},"end":{"line":64,"column":61}},"type":"cond-expr","locations":[{"start":{"line":64,"column":32},"end":{"line":64,"column":57}},{"start":{"line":64,"column":60},"end":{"line":64,"column":61}}],"line":64},"6":{"loc":{"start":{"line":70,"column":6},"end":{"line":74,"column":7}},"type":"if","locations":[{"start":{"line":70,"column":6},"end":{"line":74,"column":7}},{"start":{},"end":{}}],"line":70},"7":{"loc":{"start":{"line":81,"column":4},"end":{"line":85,"column":5}},"type":"if","locations":[{"start":{"line":81,"column":4},"end":{"line":85,"column":5}},{"start":{},"end":{}}],"line":81},"8":{"loc":{"start":{"line":96,"column":6},"end":{"line":100,"column":7}},"type":"if","locations":[{"start":{"line":96,"column":6},"end":{"line":100,"column":7}},{"start":{},"end":{}}],"line":96},"9":{"loc":{"start":{"line":114,"column":6},"end":{"line":118,"column":7}},"type":"if","locations":[{"start":{"line":114,"column":6},"end":{"line":118,"column":7}},{"start":{},"end":{}}],"line":114},"10":{"loc":{"start":{"line":127,"column":14},"end":{"line":127,"column":61}},"type":"cond-expr","locations":[{"start":{"line":127,"column":31},"end":{"line":127,"column":55}},{"start":{"line":127,"column":58},"end":{"line":127,"column":61}}],"line":127},"11":{"loc":{"start":{"line":137,"column":6},"end":{"line":141,"column":7}},"type":"if","locations":[{"start":{"line":137,"column":6},"end":{"line":141,"column":7}},{"start":{},"end":{}}],"line":137},"12":{"loc":{"start":{"line":184,"column":4},"end":{"line":188,"column":5}},"type":"if","locations":[{"start":{"line":184,"column":4},"end":{"line":188,"column":5}},{"start":{},"end":{}}],"line":184},"13":{"loc":{"start":{"line":192,"column":4},"end":{"line":196,"column":5}},"type":"if","locations":[{"start":{"line":192,"column":4},"end":{"line":196,"column":5}},{"start":{},"end":{}}],"line":192},"14":{"loc":{"start":{"line":192,"column":8},"end":{"line":192,"column":26}},"type":"binary-expr","locations":[{"start":{"line":192,"column":8},"end":{"line":192,"column":14}},{"start":{"line":192,"column":18},"end":{"line":192,"column":26}}],"line":192},"15":{"loc":{"start":{"line":198,"column":4},"end":{"line":202,"column":5}},"type":"if","locations":[{"start":{"line":198,"column":4},"end":{"line":202,"column":5}},{"start":{},"end":{}}],"line":198},"16":{"loc":{"start":{"line":203,"column":4},"end":{"line":207,"column":5}},"type":"if","locations":[{"start":{"line":203,"column":4},"end":{"line":207,"column":5}},{"start":{},"end":{}}],"line":203},"17":{"loc":{"start":{"line":212,"column":4},"end":{"line":231,"column":5}},"type":"if","locations":[{"start":{"line":212,"column":4},"end":{"line":231,"column":5}},{"start":{},"end":{}}],"line":212},"18":{"loc":{"start":{"line":214,"column":6},"end":{"line":218,"column":7}},"type":"if","locations":[{"start":{"line":214,"column":6},"end":{"line":218,"column":7}},{"start":{},"end":{}}],"line":214},"19":{"loc":{"start":{"line":234,"column":6},"end":{"line":241,"column":7}},"type":"if","locations":[{"start":{"line":234,"column":6},"end":{"line":241,"column":7}},{"start":{},"end":{}}],"line":234},"20":{"loc":{"start":{"line":287,"column":4},"end":{"line":291,"column":5}},"type":"if","locations":[{"start":{"line":287,"column":4},"end":{"line":291,"column":5}},{"start":{},"end":{}}],"line":287},"21":{"loc":{"start":{"line":308,"column":4},"end":{"line":312,"column":5}},"type":"if","locations":[{"start":{"line":308,"column":4},"end":{"line":312,"column":5}},{"start":{},"end":{}}],"line":308},"22":{"loc":{"start":{"line":317,"column":4},"end":{"line":321,"column":5}},"type":"if","locations":[{"start":{"line":317,"column":4},"end":{"line":321,"column":5}},{"start":{},"end":{}}],"line":317},"23":{"loc":{"start":{"line":317,"column":8},"end":{"line":317,"column":26}},"type":"binary-expr","locations":[{"start":{"line":317,"column":8},"end":{"line":317,"column":14}},{"start":{"line":317,"column":18},"end":{"line":317,"column":26}}],"line":317},"24":{"loc":{"start":{"line":323,"column":4},"end":{"line":327,"column":5}},"type":"if","locations":[{"start":{"line":323,"column":4},"end":{"line":327,"column":5}},{"start":{},"end":{}}],"line":323},"25":{"loc":{"start":{"line":328,"column":4},"end":{"line":332,"column":5}},"type":"if","locations":[{"start":{"line":328,"column":4},"end":{"line":332,"column":5}},{"start":{},"end":{}}],"line":328},"26":{"loc":{"start":{"line":336,"column":4},"end":{"line":345,"column":5}},"type":"if","locations":[{"start":{"line":336,"column":4},"end":{"line":345,"column":5}},{"start":{},"end":{}}],"line":336},"27":{"loc":{"start":{"line":338,"column":6},"end":{"line":342,"column":7}},"type":"if","locations":[{"start":{"line":338,"column":6},"end":{"line":342,"column":7}},{"start":{},"end":{}}],"line":338},"28":{"loc":{"start":{"line":347,"column":6},"end":{"line":352,"column":7}},"type":"if","locations":[{"start":{"line":347,"column":6},"end":{"line":352,"column":7}},{"start":{},"end":{}}],"line":347},"29":{"loc":{"start":{"line":363,"column":2},"end":{"line":366,"column":3}},"type":"if","locations":[{"start":{"line":363,"column":2},"end":{"line":366,"column":3}},{"start":{},"end":{}}],"line":363},"30":{"loc":{"start":{"line":380,"column":2},"end":{"line":405,"column":3}},"type":"if","locations":[{"start":{"line":380,"column":2},"end":{"line":405,"column":3}},{"start":{},"end":{}}],"line":380},"31":{"loc":{"start":{"line":384,"column":4},"end":{"line":386,"column":5}},"type":"if","locations":[{"start":{"line":384,"column":4},"end":{"line":386,"column":5}},{"start":{},"end":{}}],"line":384},"32":{"loc":{"start":{"line":384,"column":8},"end":{"line":384,"column":57}},"type":"binary-expr","locations":[{"start":{"line":384,"column":8},"end":{"line":384,"column":26}},{"start":{"line":384,"column":30},"end":{"line":384,"column":57}}],"line":384},"33":{"loc":{"start":{"line":390,"column":6},"end":{"line":394,"column":7}},"type":"if","locations":[{"start":{"line":390,"column":6},"end":{"line":394,"column":7}},{"start":{},"end":{}}],"line":390},"34":{"loc":{"start":{"line":398,"column":10},"end":{"line":400,"column":29}},"type":"cond-expr","locations":[{"start":{"line":399,"column":14},"end":{"line":399,"column":50}},{"start":{"line":400,"column":14},"end":{"line":400,"column":29}}],"line":398},"35":{"loc":{"start":{"line":422,"column":6},"end":{"line":434,"column":7}},"type":"if","locations":[{"start":{"line":422,"column":6},"end":{"line":434,"column":7}},{"start":{"line":428,"column":13},"end":{"line":434,"column":7}}],"line":422},"36":{"loc":{"start":{"line":449,"column":6},"end":{"line":459,"column":7}},"type":"if","locations":[{"start":{"line":449,"column":6},"end":{"line":459,"column":7}},{"start":{"line":453,"column":13},"end":{"line":459,"column":7}}],"line":449},"37":{"loc":{"start":{"line":469,"column":4},"end":{"line":490,"column":5}},"type":"if","locations":[{"start":{"line":469,"column":4},"end":{"line":490,"column":5}},{"start":{"line":473,"column":11},"end":{"line":490,"column":5}}],"line":469},"38":{"loc":{"start":{"line":482,"column":10},"end":{"line":488,"column":11}},"type":"if","locations":[{"start":{"line":482,"column":10},"end":{"line":488,"column":11}},{"start":{"line":486,"column":17},"end":{"line":488,"column":11}}],"line":482}},"s":{"0":5,"1":0,"2":0,"3":0,"4":0,"5":0,"6":5,"7":0,"8":0,"9":0,"10":0,"11":5,"12":0,"13":0,"14":0,"15":0,"16":0,"17":5,"18":0,"19":0,"20":0,"21":0,"22":0,"23":5,"24":0,"25":0,"26":0,"27":0,"28":5,"29":0,"30":0,"31":0,"32":0,"33":5,"34":0,"35":0,"36":0,"37":0,"38":5,"39":0,"40":0,"41":0,"42":0,"43":0,"44":0,"45":0,"46":5,"47":0,"48":0,"49":0,"50":0,"51":0,"52":0,"53":0,"54":0,"55":0,"56":0,"57":0,"58":0,"59":0,"60":0,"61":0,"62":0,"63":0,"64":0,"65":0,"66":0,"67":0,"68":0,"69":0,"70":0,"71":5,"72":0,"73":0,"74":0,"75":0,"76":0,"77":5,"78":0,"79":0,"80":0,"81":0,"82":0,"83":0,"84":0,"85":0,"86":0,"87":0,"88":0,"89":0,"90":0,"91":0,"92":0,"93":0,"94":0,"95":0,"96":0,"97":0,"98":0,"99":0,"100":0,"101":5,"102":0,"103":0,"104":0,"105":0,"106":5,"107":0,"108":0,"109":0,"110":0,"111":0,"112":0,"113":0,"114":0,"115":0,"116":5,"117":0,"118":0,"119":0,"120":0,"121":0,"122":0,"123":0,"124":5,"125":0,"126":0,"127":0,"128":0,"129":0,"130":5,"131":0,"132":0,"133":0,"134":0,"135":0,"136":0,"137":0,"138":0},"f":{"0":0,"1":0,"2":0,"3":0,"4":0,"5":0,"6":0,"7":0,"8":0,"9":0,"10":0,"11":0,"12":0,"13":0,"14":0,"15":0,"16":0,"17":0,"18":0,"19":0,"20":0,"21":0,"22":0,"23":0,"24":0,"25":0,"26":0,"27":0,"28":0,"29":0,"30":0,"31":0,"32":0},"b":{"0":[0,0],"1":[0,0],"2":[0,0],"3":[0,0],"4":[0,0],"5":[0,0],"6":[0,0],"7":[0,0],"8":[0,0],"9":[0,0],"10":[0,0],"11":[0,0],"12":[0,0],"13":[0,0],"14":[0,0],"15":[0,0],"16":[0,0],"17":[0,0],"18":[0,0],"19":[0,0],"20":[0,0],"21":[0,0],"22":[0,0],"23":[0,0],"24":[0,0],"25":[0,0],"26":[0,0],"27":[0,0],"28":[0,0],"29":[0,0],"30":[0,0],"31":[0,0],"32":[0,0],"33":[0,0],"34":[0,0],"35":[0,0],"36":[0,0],"37":[0,0],"38":[0,0]},"_coverageSchema":"1a1c01bbd47fc00a2c39e90264f33305004495a9","hash":"b4205d1a5ef46b0ada87dcefc840364fedab4e1a"}
,"C:\\Users\\H Desire\\Desktop\\Andela ALT Technical\\mybrand_day_before_demo\\BackEnd\\controllers\\category.js": {"path":"C:\\Users\\H Desire\\Desktop\\Andela ALT Technical\\mybrand_day_before_demo\\BackEnd\\controllers\\category.js","statementMap":{"0":{"start":{"line":4,"column":22},"end":{"line":25,"column":1}},"1":{"start":{"line":5,"column":2},"end":{"line":9,"column":3}},"2":{"start":{"line":6,"column":4},"end":{"line":8,"column":7}},"3":{"start":{"line":10,"column":19},"end":{"line":10,"column":41}},"4":{"start":{"line":12,"column":2},"end":{"line":24,"column":5}},"5":{"start":{"line":13,"column":4},"end":{"line":18,"column":5}},"6":{"start":{"line":14,"column":6},"end":{"line":17,"column":9}},"7":{"start":{"line":19,"column":4},"end":{"line":23,"column":7}},"8":{"start":{"line":27,"column":28},"end":{"line":37,"column":1}},"9":{"start":{"line":28,"column":2},"end":{"line":36,"column":5}},"10":{"start":{"line":29,"column":4},"end":{"line":33,"column":5}},"11":{"start":{"line":30,"column":6},"end":{"line":32,"column":9}},"12":{"start":{"line":34,"column":4},"end":{"line":34,"column":28}},"13":{"start":{"line":35,"column":4},"end":{"line":35,"column":11}},"14":{"start":{"line":39,"column":20},"end":{"line":41,"column":1}},"15":{"start":{"line":40,"column":2},"end":{"line":40,"column":74}},"16":{"start":{"line":43,"column":22},"end":{"line":58,"column":1}},"17":{"start":{"line":44,"column":17},"end":{"line":44,"column":29}},"18":{"start":{"line":45,"column":2},"end":{"line":57,"column":5}},"19":{"start":{"line":46,"column":4},"end":{"line":51,"column":5}},"20":{"start":{"line":47,"column":6},"end":{"line":50,"column":9}},"21":{"start":{"line":52,"column":4},"end":{"line":56,"column":7}},"22":{"start":{"line":60,"column":22},"end":{"line":72,"column":1}},"23":{"start":{"line":61,"column":17},"end":{"line":61,"column":29}},"24":{"start":{"line":62,"column":2},"end":{"line":62,"column":32}},"25":{"start":{"line":64,"column":2},"end":{"line":71,"column":5}},"26":{"start":{"line":65,"column":4},"end":{"line":69,"column":5}},"27":{"start":{"line":66,"column":6},"end":{"line":68,"column":9}},"28":{"start":{"line":70,"column":4},"end":{"line":70,"column":21}},"29":{"start":{"line":74,"column":20},"end":{"line":87,"column":1}},"30":{"start":{"line":75,"column":2},"end":{"line":86,"column":5}},"31":{"start":{"line":76,"column":4},"end":{"line":80,"column":5}},"32":{"start":{"line":77,"column":6},"end":{"line":79,"column":9}},"33":{"start":{"line":81,"column":4},"end":{"line":85,"column":7}}},"fnMap":{"0":{"name":"(anonymous_0)","decl":{"start":{"line":4,"column":22},"end":{"line":4,"column":23}},"loc":{"start":{"line":4,"column":36},"end":{"line":25,"column":1}},"line":4},"1":{"name":"(anonymous_1)","decl":{"start":{"line":12,"column":16},"end":{"line":12,"column":17}},"loc":{"start":{"line":12,"column":31},"end":{"line":24,"column":3}},"line":12},"2":{"name":"(anonymous_2)","decl":{"start":{"line":27,"column":28},"end":{"line":27,"column":29}},"loc":{"start":{"line":27,"column":52},"end":{"line":37,"column":1}},"line":27},"3":{"name":"(anonymous_3)","decl":{"start":{"line":28,"column":29},"end":{"line":28,"column":30}},"loc":{"start":{"line":28,"column":48},"end":{"line":36,"column":3}},"line":28},"4":{"name":"(anonymous_4)","decl":{"start":{"line":39,"column":20},"end":{"line":39,"column":21}},"loc":{"start":{"line":39,"column":34},"end":{"line":41,"column":1}},"line":39},"5":{"name":"(anonymous_5)","decl":{"start":{"line":43,"column":22},"end":{"line":43,"column":23}},"loc":{"start":{"line":43,"column":36},"end":{"line":58,"column":1}},"line":43},"6":{"name":"(anonymous_6)","decl":{"start":{"line":45,"column":18},"end":{"line":45,"column":19}},"loc":{"start":{"line":45,"column":44},"end":{"line":57,"column":3}},"line":45},"7":{"name":"(anonymous_7)","decl":{"start":{"line":60,"column":22},"end":{"line":60,"column":23}},"loc":{"start":{"line":60,"column":36},"end":{"line":72,"column":1}},"line":60},"8":{"name":"(anonymous_8)","decl":{"start":{"line":64,"column":16},"end":{"line":64,"column":17}},"loc":{"start":{"line":64,"column":33},"end":{"line":71,"column":3}},"line":64},"9":{"name":"(anonymous_9)","decl":{"start":{"line":74,"column":20},"end":{"line":74,"column":21}},"loc":{"start":{"line":74,"column":34},"end":{"line":87,"column":1}},"line":74},"10":{"name":"(anonymous_10)","decl":{"start":{"line":75,"column":23},"end":{"line":75,"column":24}},"loc":{"start":{"line":75,"column":44},"end":{"line":86,"column":3}},"line":75}},"branchMap":{"0":{"loc":{"start":{"line":5,"column":2},"end":{"line":9,"column":3}},"type":"if","locations":[{"start":{"line":5,"column":2},"end":{"line":9,"column":3}},{"start":{},"end":{}}],"line":5},"1":{"loc":{"start":{"line":13,"column":4},"end":{"line":18,"column":5}},"type":"if","locations":[{"start":{"line":13,"column":4},"end":{"line":18,"column":5}},{"start":{},"end":{}}],"line":13},"2":{"loc":{"start":{"line":29,"column":4},"end":{"line":33,"column":5}},"type":"if","locations":[{"start":{"line":29,"column":4},"end":{"line":33,"column":5}},{"start":{},"end":{}}],"line":29},"3":{"loc":{"start":{"line":29,"column":8},"end":{"line":29,"column":24}},"type":"binary-expr","locations":[{"start":{"line":29,"column":8},"end":{"line":29,"column":11}},{"start":{"line":29,"column":15},"end":{"line":29,"column":24}}],"line":29},"4":{"loc":{"start":{"line":46,"column":4},"end":{"line":51,"column":5}},"type":"if","locations":[{"start":{"line":46,"column":4},"end":{"line":51,"column":5}},{"start":{},"end":{}}],"line":46},"5":{"loc":{"start":{"line":65,"column":4},"end":{"line":69,"column":5}},"type":"if","locations":[{"start":{"line":65,"column":4},"end":{"line":69,"column":5}},{"start":{},"end":{}}],"line":65},"6":{"loc":{"start":{"line":76,"column":4},"end":{"line":80,"column":5}},"type":"if","locations":[{"start":{"line":76,"column":4},"end":{"line":80,"column":5}},{"start":{},"end":{}}],"line":76}},"s":{"0":5,"1":0,"2":0,"3":0,"4":0,"5":0,"6":0,"7":0,"8":5,"9":6,"10":6,"11":3,"12":3,"13":3,"14":5,"15":1,"16":5,"17":0,"18":0,"19":0,"20":0,"21":0,"22":5,"23":0,"24":0,"25":0,"26":0,"27":0,"28":0,"29":5,"30":6,"31":6,"32":0,"33":6},"f":{"0":0,"1":0,"2":6,"3":6,"4":1,"5":0,"6":0,"7":0,"8":0,"9":6,"10":6},"b":{"0":[0,0],"1":[0,0],"2":[3,3],"3":[6,3],"4":[0,0],"5":[0,0],"6":[0,6]},"_coverageSchema":"1a1c01bbd47fc00a2c39e90264f33305004495a9","hash":"d0b577cf49cafe9108383b9d5d3b82503f0de1bf"}
,"C:\\Users\\H Desire\\Desktop\\Andela ALT Technical\\mybrand_day_before_demo\\BackEnd\\controllers\\message.js": {"path":"C:\\Users\\H Desire\\Desktop\\Andela ALT Technical\\mybrand_day_before_demo\\BackEnd\\controllers\\message.js","statementMap":{"0":{"start":{"line":7,"column":27},"end":{"line":19,"column":1}},"1":{"start":{"line":8,"column":2},"end":{"line":18,"column":7}},"2":{"start":{"line":11,"column":6},"end":{"line":15,"column":7}},"3":{"start":{"line":12,"column":8},"end":{"line":14,"column":11}},"4":{"start":{"line":16,"column":6},"end":{"line":16,"column":28}},"5":{"start":{"line":17,"column":6},"end":{"line":17,"column":13}},"6":{"start":{"line":21,"column":20},"end":{"line":23,"column":1}},"7":{"start":{"line":22,"column":2},"end":{"line":22,"column":31}},"8":{"start":{"line":25,"column":20},"end":{"line":43,"column":1}},"9":{"start":{"line":26,"column":14},"end":{"line":26,"column":62}},"10":{"start":{"line":27,"column":2},"end":{"line":42,"column":7}},"11":{"start":{"line":30,"column":6},"end":{"line":35,"column":7}},"12":{"start":{"line":31,"column":8},"end":{"line":31,"column":25}},"13":{"start":{"line":32,"column":8},"end":{"line":34,"column":11}},"14":{"start":{"line":36,"column":6},"end":{"line":41,"column":9}},"15":{"start":{"line":45,"column":26},"end":{"line":61,"column":1}},"16":{"start":{"line":46,"column":2},"end":{"line":60,"column":7}},"17":{"start":{"line":51,"column":6},"end":{"line":55,"column":7}},"18":{"start":{"line":52,"column":8},"end":{"line":54,"column":11}},"19":{"start":{"line":56,"column":6},"end":{"line":59,"column":9}},"20":{"start":{"line":63,"column":22},"end":{"line":106,"column":1}},"21":{"start":{"line":66,"column":2},"end":{"line":70,"column":3}},"22":{"start":{"line":67,"column":4},"end":{"line":69,"column":7}},"23":{"start":{"line":72,"column":2},"end":{"line":76,"column":3}},"24":{"start":{"line":73,"column":4},"end":{"line":75,"column":7}},"25":{"start":{"line":77,"column":2},"end":{"line":81,"column":3}},"26":{"start":{"line":78,"column":4},"end":{"line":80,"column":7}},"27":{"start":{"line":82,"column":2},"end":{"line":86,"column":3}},"28":{"start":{"line":83,"column":4},"end":{"line":85,"column":7}},"29":{"start":{"line":88,"column":16},"end":{"line":88,"column":37}},"30":{"start":{"line":89,"column":2},"end":{"line":89,"column":38}},"31":{"start":{"line":91,"column":2},"end":{"line":105,"column":5}},"32":{"start":{"line":92,"column":4},"end":{"line":99,"column":5}},"33":{"start":{"line":93,"column":6},"end":{"line":93,"column":23}},"34":{"start":{"line":94,"column":6},"end":{"line":98,"column":9}},"35":{"start":{"line":100,"column":4},"end":{"line":104,"column":7}},"36":{"start":{"line":108,"column":22},"end":{"line":122,"column":1}},"37":{"start":{"line":109,"column":16},"end":{"line":109,"column":27}},"38":{"start":{"line":110,"column":2},"end":{"line":121,"column":5}},"39":{"start":{"line":111,"column":4},"end":{"line":115,"column":5}},"40":{"start":{"line":112,"column":6},"end":{"line":114,"column":9}},"41":{"start":{"line":116,"column":4},"end":{"line":120,"column":7}},"42":{"start":{"line":124,"column":22},"end":{"line":145,"column":1}},"43":{"start":{"line":125,"column":13},"end":{"line":125,"column":42}},"44":{"start":{"line":126,"column":2},"end":{"line":126,"column":29}},"45":{"start":{"line":127,"column":2},"end":{"line":144,"column":5}},"46":{"start":{"line":128,"column":18},"end":{"line":128,"column":29}},"47":{"start":{"line":129,"column":4},"end":{"line":129,"column":40}},"48":{"start":{"line":131,"column":4},"end":{"line":143,"column":7}},"49":{"start":{"line":132,"column":6},"end":{"line":137,"column":7}},"50":{"start":{"line":133,"column":8},"end":{"line":136,"column":11}},"51":{"start":{"line":138,"column":6},"end":{"line":142,"column":9}}},"fnMap":{"0":{"name":"(anonymous_0)","decl":{"start":{"line":7,"column":27},"end":{"line":7,"column":28}},"loc":{"start":{"line":7,"column":51},"end":{"line":19,"column":1}},"line":7},"1":{"name":"(anonymous_1)","decl":{"start":{"line":10,"column":10},"end":{"line":10,"column":11}},"loc":{"start":{"line":10,"column":28},"end":{"line":18,"column":5}},"line":10},"2":{"name":"(anonymous_2)","decl":{"start":{"line":21,"column":20},"end":{"line":21,"column":21}},"loc":{"start":{"line":21,"column":34},"end":{"line":23,"column":1}},"line":21},"3":{"name":"(anonymous_3)","decl":{"start":{"line":25,"column":20},"end":{"line":25,"column":21}},"loc":{"start":{"line":25,"column":34},"end":{"line":43,"column":1}},"line":25},"4":{"name":"(anonymous_4)","decl":{"start":{"line":29,"column":10},"end":{"line":29,"column":11}},"loc":{"start":{"line":29,"column":25},"end":{"line":42,"column":5}},"line":29},"5":{"name":"(anonymous_5)","decl":{"start":{"line":45,"column":26},"end":{"line":45,"column":27}},"loc":{"start":{"line":45,"column":40},"end":{"line":61,"column":1}},"line":45},"6":{"name":"(anonymous_6)","decl":{"start":{"line":50,"column":10},"end":{"line":50,"column":11}},"loc":{"start":{"line":50,"column":29},"end":{"line":60,"column":5}},"line":50},"7":{"name":"(anonymous_7)","decl":{"start":{"line":63,"column":22},"end":{"line":63,"column":23}},"loc":{"start":{"line":63,"column":36},"end":{"line":106,"column":1}},"line":63},"8":{"name":"(anonymous_8)","decl":{"start":{"line":91,"column":15},"end":{"line":91,"column":16}},"loc":{"start":{"line":91,"column":32},"end":{"line":105,"column":3}},"line":91},"9":{"name":"(anonymous_9)","decl":{"start":{"line":108,"column":22},"end":{"line":108,"column":23}},"loc":{"start":{"line":108,"column":36},"end":{"line":122,"column":1}},"line":108},"10":{"name":"(anonymous_10)","decl":{"start":{"line":110,"column":17},"end":{"line":110,"column":18}},"loc":{"start":{"line":110,"column":42},"end":{"line":121,"column":3}},"line":110},"11":{"name":"(anonymous_11)","decl":{"start":{"line":124,"column":22},"end":{"line":124,"column":23}},"loc":{"start":{"line":124,"column":36},"end":{"line":145,"column":1}},"line":124},"12":{"name":"(anonymous_12)","decl":{"start":{"line":127,"column":18},"end":{"line":127,"column":19}},"loc":{"start":{"line":127,"column":35},"end":{"line":144,"column":3}},"line":127},"13":{"name":"(anonymous_13)","decl":{"start":{"line":131,"column":17},"end":{"line":131,"column":18}},"loc":{"start":{"line":131,"column":34},"end":{"line":143,"column":5}},"line":131}},"branchMap":{"0":{"loc":{"start":{"line":11,"column":6},"end":{"line":15,"column":7}},"type":"if","locations":[{"start":{"line":11,"column":6},"end":{"line":15,"column":7}},{"start":{},"end":{}}],"line":11},"1":{"loc":{"start":{"line":11,"column":10},"end":{"line":11,"column":25}},"type":"binary-expr","locations":[{"start":{"line":11,"column":10},"end":{"line":11,"column":13}},{"start":{"line":11,"column":17},"end":{"line":11,"column":25}}],"line":11},"2":{"loc":{"start":{"line":26,"column":14},"end":{"line":26,"column":62}},"type":"cond-expr","locations":[{"start":{"line":26,"column":32},"end":{"line":26,"column":57}},{"start":{"line":26,"column":60},"end":{"line":26,"column":62}}],"line":26},"3":{"loc":{"start":{"line":30,"column":6},"end":{"line":35,"column":7}},"type":"if","locations":[{"start":{"line":30,"column":6},"end":{"line":35,"column":7}},{"start":{},"end":{}}],"line":30},"4":{"loc":{"start":{"line":51,"column":6},"end":{"line":55,"column":7}},"type":"if","locations":[{"start":{"line":51,"column":6},"end":{"line":55,"column":7}},{"start":{},"end":{}}],"line":51},"5":{"loc":{"start":{"line":66,"column":2},"end":{"line":70,"column":3}},"type":"if","locations":[{"start":{"line":66,"column":2},"end":{"line":70,"column":3}},{"start":{},"end":{}}],"line":66},"6":{"loc":{"start":{"line":66,"column":6},"end":{"line":66,"column":61}},"type":"binary-expr","locations":[{"start":{"line":66,"column":6},"end":{"line":66,"column":22}},{"start":{"line":66,"column":26},"end":{"line":66,"column":41}},{"start":{"line":66,"column":45},"end":{"line":66,"column":61}}],"line":66},"7":{"loc":{"start":{"line":72,"column":2},"end":{"line":76,"column":3}},"type":"if","locations":[{"start":{"line":72,"column":2},"end":{"line":76,"column":3}},{"start":{},"end":{}}],"line":72},"8":{"loc":{"start":{"line":77,"column":2},"end":{"line":81,"column":3}},"type":"if","locations":[{"start":{"line":77,"column":2},"end":{"line":81,"column":3}},{"start":{},"end":{}}],"line":77},"9":{"loc":{"start":{"line":82,"column":2},"end":{"line":86,"column":3}},"type":"if","locations":[{"start":{"line":82,"column":2},"end":{"line":86,"column":3}},{"start":{},"end":{}}],"line":82},"10":{"loc":{"start":{"line":92,"column":4},"end":{"line":99,"column":5}},"type":"if","locations":[{"start":{"line":92,"column":4},"end":{"line":99,"column":5}},{"start":{},"end":{}}],"line":92},"11":{"loc":{"start":{"line":111,"column":4},"end":{"line":115,"column":5}},"type":"if","locations":[{"start":{"line":111,"column":4},"end":{"line":115,"column":5}},{"start":{},"end":{}}],"line":111},"12":{"loc":{"start":{"line":132,"column":6},"end":{"line":137,"column":7}},"type":"if","locations":[{"start":{"line":132,"column":6},"end":{"line":137,"column":7}},{"start":{},"end":{}}],"line":132}},"s":{"0":5,"1":0,"2":0,"3":0,"4":0,"5":0,"6":5,"7":0,"8":5,"9":1,"10":1,"11":1,"12":0,"13":0,"14":1,"15":5,"16":0,"17":0,"18":0,"19":0,"20":5,"21":3,"22":0,"23":3,"24":1,"25":2,"26":1,"27":1,"28":1,"29":0,"30":0,"31":0,"32":0,"33":0,"34":0,"35":0,"36":5,"37":0,"38":0,"39":0,"40":0,"41":0,"42":5,"43":0,"44":0,"45":0,"46":0,"47":0,"48":0,"49":0,"50":0,"51":0},"f":{"0":0,"1":0,"2":0,"3":1,"4":1,"5":0,"6":0,"7":3,"8":0,"9":0,"10":0,"11":0,"12":0,"13":0},"b":{"0":[0,0],"1":[0,0],"2":[0,1],"3":[0,1],"4":[0,0],"5":[0,3],"6":[3,1,0],"7":[1,2],"8":[1,1],"9":[1,0],"10":[0,0],"11":[0,0],"12":[0,0]},"_coverageSchema":"1a1c01bbd47fc00a2c39e90264f33305004495a9","hash":"0ba6e318ca222215b50a0d7aa5e1e322174550cc"}
,"C:\\Users\\H Desire\\Desktop\\Andela ALT Technical\\mybrand_day_before_demo\\BackEnd\\controllers\\user.js": {"path":"C:\\Users\\H Desire\\Desktop\\Andela ALT Technical\\mybrand_day_before_demo\\BackEnd\\controllers\\user.js","statementMap":{"0":{"start":{"line":4,"column":24},"end":{"line":15,"column":1}},"1":{"start":{"line":5,"column":2},"end":{"line":14,"column":5}},"2":{"start":{"line":6,"column":4},"end":{"line":11,"column":5}},"3":{"start":{"line":7,"column":6},"end":{"line":10,"column":9}},"4":{"start":{"line":12,"column":4},"end":{"line":12,"column":23}},"5":{"start":{"line":13,"column":4},"end":{"line":13,"column":11}},"6":{"start":{"line":17,"column":20},"end":{"line":21,"column":1}},"7":{"start":{"line":18,"column":2},"end":{"line":18,"column":42}},"8":{"start":{"line":19,"column":2},"end":{"line":19,"column":31}},"9":{"start":{"line":20,"column":2},"end":{"line":20,"column":31}},"10":{"start":{"line":23,"column":22},"end":{"line":36,"column":1}},"11":{"start":{"line":24,"column":13},"end":{"line":24,"column":24}},"12":{"start":{"line":25,"column":2},"end":{"line":35,"column":5}},"13":{"start":{"line":26,"column":4},"end":{"line":30,"column":5}},"14":{"start":{"line":27,"column":6},"end":{"line":29,"column":9}},"15":{"start":{"line":31,"column":4},"end":{"line":34,"column":7}},"16":{"start":{"line":38,"column":25},"end":{"line":44,"column":1}},"17":{"start":{"line":39,"column":2},"end":{"line":42,"column":3}},"18":{"start":{"line":40,"column":4},"end":{"line":40,"column":61}},"19":{"start":{"line":41,"column":4},"end":{"line":41,"column":44}},"20":{"start":{"line":43,"column":2},"end":{"line":43,"column":9}},"21":{"start":{"line":47,"column":25},"end":{"line":62,"column":1}},"22":{"start":{"line":48,"column":2},"end":{"line":61,"column":7}},"23":{"start":{"line":51,"column":6},"end":{"line":55,"column":7}},"24":{"start":{"line":52,"column":8},"end":{"line":54,"column":11}},"25":{"start":{"line":56,"column":6},"end":{"line":60,"column":9}},"26":{"start":{"line":64,"column":22},"end":{"line":81,"column":1}},"27":{"start":{"line":65,"column":13},"end":{"line":65,"column":24}},"28":{"start":{"line":66,"column":2},"end":{"line":80,"column":4}},"29":{"start":{"line":71,"column":6},"end":{"line":75,"column":7}},"30":{"start":{"line":72,"column":8},"end":{"line":74,"column":11}},"31":{"start":{"line":76,"column":6},"end":{"line":76,"column":39}},"32":{"start":{"line":77,"column":6},"end":{"line":77,"column":28}},"33":{"start":{"line":78,"column":6},"end":{"line":78,"column":65}}},"fnMap":{"0":{"name":"(anonymous_0)","decl":{"start":{"line":4,"column":24},"end":{"line":4,"column":25}},"loc":{"start":{"line":4,"column":48},"end":{"line":15,"column":1}},"line":4},"1":{"name":"(anonymous_1)","decl":{"start":{"line":5,"column":25},"end":{"line":5,"column":26}},"loc":{"start":{"line":5,"column":40},"end":{"line":14,"column":3}},"line":5},"2":{"name":"(anonymous_2)","decl":{"start":{"line":17,"column":20},"end":{"line":17,"column":21}},"loc":{"start":{"line":17,"column":34},"end":{"line":21,"column":1}},"line":17},"3":{"name":"(anonymous_3)","decl":{"start":{"line":23,"column":22},"end":{"line":23,"column":23}},"loc":{"start":{"line":23,"column":36},"end":{"line":36,"column":1}},"line":23},"4":{"name":"(anonymous_4)","decl":{"start":{"line":25,"column":14},"end":{"line":25,"column":15}},"loc":{"start":{"line":25,"column":36},"end":{"line":35,"column":3}},"line":25},"5":{"name":"(anonymous_5)","decl":{"start":{"line":38,"column":25},"end":{"line":38,"column":26}},"loc":{"start":{"line":38,"column":45},"end":{"line":44,"column":1}},"line":38},"6":{"name":"(anonymous_6)","decl":{"start":{"line":47,"column":25},"end":{"line":47,"column":26}},"loc":{"start":{"line":47,"column":39},"end":{"line":62,"column":1}},"line":47},"7":{"name":"(anonymous_7)","decl":{"start":{"line":50,"column":10},"end":{"line":50,"column":11}},"loc":{"start":{"line":50,"column":26},"end":{"line":61,"column":5}},"line":50},"8":{"name":"(anonymous_8)","decl":{"start":{"line":64,"column":22},"end":{"line":64,"column":23}},"loc":{"start":{"line":64,"column":36},"end":{"line":81,"column":1}},"line":64},"9":{"name":"(anonymous_9)","decl":{"start":{"line":70,"column":4},"end":{"line":70,"column":5}},"loc":{"start":{"line":70,"column":19},"end":{"line":79,"column":5}},"line":70}},"branchMap":{"0":{"loc":{"start":{"line":6,"column":4},"end":{"line":11,"column":5}},"type":"if","locations":[{"start":{"line":6,"column":4},"end":{"line":11,"column":5}},{"start":{},"end":{}}],"line":6},"1":{"loc":{"start":{"line":6,"column":8},"end":{"line":6,"column":20}},"type":"binary-expr","locations":[{"start":{"line":6,"column":8},"end":{"line":6,"column":11}},{"start":{"line":6,"column":15},"end":{"line":6,"column":20}}],"line":6},"2":{"loc":{"start":{"line":26,"column":4},"end":{"line":30,"column":5}},"type":"if","locations":[{"start":{"line":26,"column":4},"end":{"line":30,"column":5}},{"start":{},"end":{}}],"line":26},"3":{"loc":{"start":{"line":39,"column":2},"end":{"line":42,"column":3}},"type":"if","locations":[{"start":{"line":39,"column":2},"end":{"line":42,"column":3}},{"start":{},"end":{}}],"line":39},"4":{"loc":{"start":{"line":51,"column":6},"end":{"line":55,"column":7}},"type":"if","locations":[{"start":{"line":51,"column":6},"end":{"line":55,"column":7}},{"start":{},"end":{}}],"line":51},"5":{"loc":{"start":{"line":71,"column":6},"end":{"line":75,"column":7}},"type":"if","locations":[{"start":{"line":71,"column":6},"end":{"line":75,"column":7}},{"start":{},"end":{}}],"line":71}},"s":{"0":5,"1":0,"2":0,"3":0,"4":0,"5":0,"6":5,"7":0,"8":0,"9":0,"10":5,"11":0,"12":0,"13":0,"14":0,"15":0,"16":5,"17":0,"18":0,"19":0,"20":0,"21":5,"22":0,"23":0,"24":0,"25":0,"26":5,"27":0,"28":0,"29":0,"30":0,"31":0,"32":0,"33":0},"f":{"0":0,"1":0,"2":0,"3":0,"4":0,"5":0,"6":0,"7":0,"8":0,"9":0},"b":{"0":[0,0],"1":[0,0],"2":[0,0],"3":[0,0],"4":[0,0],"5":[0,0]},"_coverageSchema":"1a1c01bbd47fc00a2c39e90264f33305004495a9","hash":"dec8dd4a2c41a1270e9d5b34e8d240eca9eb5265"}
,"C:\\Users\\H Desire\\Desktop\\Andela ALT Technical\\mybrand_day_before_demo\\BackEnd\\helper\\dbErroHandler.js": {"path":"C:\\Users\\H Desire\\Desktop\\Andela ALT Technical\\mybrand_day_before_demo\\BackEnd\\helper\\dbErroHandler.js","statementMap":{"0":{"start":{"line":6,"column":22},"end":{"line":22,"column":1}},"1":{"start":{"line":8,"column":2},"end":{"line":19,"column":3}},"2":{"start":{"line":9,"column":20},"end":{"line":12,"column":5}},"3":{"start":{"line":13,"column":4},"end":{"line":16,"column":24}},"4":{"start":{"line":18,"column":4},"end":{"line":18,"column":43}},"5":{"start":{"line":21,"column":2},"end":{"line":21,"column":16}},"6":{"start":{"line":28,"column":16},"end":{"line":28,"column":18}},"7":{"start":{"line":30,"column":2},"end":{"line":44,"column":3}},"8":{"start":{"line":31,"column":4},"end":{"line":38,"column":5}},"9":{"start":{"line":34,"column":8},"end":{"line":34,"column":39}},"10":{"start":{"line":35,"column":8},"end":{"line":35,"column":14}},"11":{"start":{"line":37,"column":8},"end":{"line":37,"column":41}},"12":{"start":{"line":40,"column":4},"end":{"line":43,"column":5}},"13":{"start":{"line":41,"column":6},"end":{"line":42,"column":52}},"14":{"start":{"line":42,"column":8},"end":{"line":42,"column":52}},"15":{"start":{"line":46,"column":2},"end":{"line":46,"column":17}}},"fnMap":{"0":{"name":"(anonymous_0)","decl":{"start":{"line":6,"column":22},"end":{"line":6,"column":23}},"loc":{"start":{"line":6,"column":33},"end":{"line":22,"column":1}},"line":6},"1":{"name":"errorHandler","decl":{"start":{"line":27,"column":16},"end":{"line":27,"column":28}},"loc":{"start":{"line":27,"column":36},"end":{"line":47,"column":1}},"line":27}},"branchMap":{"0":{"loc":{"start":{"line":30,"column":2},"end":{"line":44,"column":3}},"type":"if","locations":[{"start":{"line":30,"column":2},"end":{"line":44,"column":3}},{"start":{"line":39,"column":9},"end":{"line":44,"column":3}}],"line":30},"1":{"loc":{"start":{"line":31,"column":4},"end":{"line":38,"column":5}},"type":"switch","locations":[{"start":{"line":32,"column":6},"end":{"line":32,"column":17}},{"start":{"line":33,"column":6},"end":{"line":35,"column":14}},{"start":{"line":36,"column":6},"end":{"line":37,"column":41}}],"line":31},"2":{"loc":{"start":{"line":41,"column":6},"end":{"line":42,"column":52}},"type":"if","locations":[{"start":{"line":41,"column":6},"end":{"line":42,"column":52}},{"start":{},"end":{}}],"line":41}},"s":{"0":5,"1":0,"2":0,"3":0,"4":0,"5":0,"6":0,"7":0,"8":0,"9":0,"10":0,"11":0,"12":0,"13":0,"14":0,"15":0},"f":{"0":0,"1":0},"b":{"0":[0,0],"1":[0,0,0],"2":[0,0]},"_coverageSchema":"1a1c01bbd47fc00a2c39e90264f33305004495a9","hash":"d98e69ba667ac59fd04ecff158c9cbf71f7f29c5"}
,"C:\\Users\\H Desire\\Desktop\\Andela ALT Technical\\mybrand_day_before_demo\\BackEnd\\middlewares\\auth.js": {"path":"C:\\Users\\H Desire\\Desktop\\Andela ALT Technical\\mybrand_day_before_demo\\BackEnd\\middlewares\\auth.js","statementMap":{"0":{"start":{"line":6,"column":27},"end":{"line":25,"column":1}},"1":{"start":{"line":7,"column":14},"end":{"line":7,"column":76}},"2":{"start":{"line":9,"column":2},"end":{"line":13,"column":3}},"3":{"start":{"line":10,"column":4},"end":{"line":12,"column":67}},"4":{"start":{"line":15,"column":2},"end":{"line":15,"column":27}},"5":{"start":{"line":17,"column":2},"end":{"line":23,"column":3}},"6":{"start":{"line":18,"column":20},"end":{"line":18,"column":64}},"7":{"start":{"line":20,"column":4},"end":{"line":20,"column":23}},"8":{"start":{"line":22,"column":4},"end":{"line":22,"column":71}},"9":{"start":{"line":24,"column":2},"end":{"line":24,"column":16}}},"fnMap":{"0":{"name":"(anonymous_0)","decl":{"start":{"line":6,"column":27},"end":{"line":6,"column":28}},"loc":{"start":{"line":6,"column":47},"end":{"line":25,"column":1}},"line":6}},"branchMap":{"0":{"loc":{"start":{"line":7,"column":14},"end":{"line":7,"column":76}},"type":"binary-expr","locations":[{"start":{"line":7,"column":14},"end":{"line":7,"column":28}},{"start":{"line":7,"column":32},"end":{"line":7,"column":47}},{"start":{"line":7,"column":51},"end":{"line":7,"column":76}}],"line":7},"1":{"loc":{"start":{"line":9,"column":2},"end":{"line":13,"column":3}},"type":"if","locations":[{"start":{"line":9,"column":2},"end":{"line":13,"column":3}},{"start":{},"end":{}}],"line":9}},"s":{"0":5,"1":0,"2":0,"3":0,"4":0,"5":0,"6":0,"7":0,"8":0,"9":0},"f":{"0":0},"b":{"0":[0,0,0],"1":[0,0]},"_coverageSchema":"1a1c01bbd47fc00a2c39e90264f33305004495a9","hash":"7dd14e766e9b55648c9456cd21d4249ece25a96d"}
,"C:\\Users\\H Desire\\Desktop\\Andela ALT Technical\\mybrand_day_before_demo\\BackEnd\\middlewares\\checkerros.js": {"path":"C:\\Users\\H Desire\\Desktop\\Andela ALT Technical\\mybrand_day_before_demo\\BackEnd\\middlewares\\checkerros.js","statementMap":{"0":{"start":{"line":2,"column":2},"end":{"line":18,"column":3}},"1":{"start":{"line":3,"column":18},"end":{"line":3,"column":20}},"2":{"start":{"line":4,"column":17},"end":{"line":4,"column":40}},"3":{"start":{"line":6,"column":4},"end":{"line":15,"column":7}},"4":{"start":{"line":7,"column":20},"end":{"line":7,"column":43}},"5":{"start":{"line":9,"column":6},"end":{"line":11,"column":7}},"6":{"start":{"line":10,"column":8},"end":{"line":10,"column":78}},"7":{"start":{"line":13,"column":6},"end":{"line":13,"column":69}},"8":{"start":{"line":14,"column":6},"end":{"line":14,"column":27}},"9":{"start":{"line":17,"column":4},"end":{"line":17,"column":39}},"10":{"start":{"line":20,"column":2},"end":{"line":20,"column":9}}},"fnMap":{"0":{"name":"mongooseErrorHandler","decl":{"start":{"line":1,"column":16},"end":{"line":1,"column":36}},"loc":{"start":{"line":1,"column":58},"end":{"line":21,"column":1}},"line":1},"1":{"name":"(anonymous_1)","decl":{"start":{"line":6,"column":17},"end":{"line":6,"column":18}},"loc":{"start":{"line":6,"column":26},"end":{"line":15,"column":5}},"line":6}},"branchMap":{"0":{"loc":{"start":{"line":2,"column":2},"end":{"line":18,"column":3}},"type":"if","locations":[{"start":{"line":2,"column":2},"end":{"line":18,"column":3}},{"start":{},"end":{}}],"line":2},"1":{"loc":{"start":{"line":9,"column":6},"end":{"line":11,"column":7}},"type":"if","locations":[{"start":{"line":9,"column":6},"end":{"line":11,"column":7}},{"start":{},"end":{}}],"line":9},"2":{"loc":{"start":{"line":9,"column":10},"end":{"line":9,"column":74}},"type":"binary-expr","locations":[{"start":{"line":9,"column":10},"end":{"line":9,"column":36}},{"start":{"line":9,"column":40},"end":{"line":9,"column":74}}],"line":9}},"s":{"0":0,"1":0,"2":0,"3":0,"4":0,"5":0,"6":0,"7":0,"8":0,"9":0,"10":0},"f":{"0":0,"1":0},"b":{"0":[0,0],"1":[0,0],"2":[0,0]},"_coverageSchema":"1a1c01bbd47fc00a2c39e90264f33305004495a9","hash":"e9ad910c3abd30d695d1ca4d5a9aa756e4169ccc"}
,"C:\\Users\\H Desire\\Desktop\\Andela ALT Technical\\mybrand_day_before_demo\\BackEnd\\models\\blog.js": {"path":"C:\\Users\\H Desire\\Desktop\\Andela ALT Technical\\mybrand_day_before_demo\\BackEnd\\models\\blog.js","statementMap":{"0":{"start":{"line":2,"column":21},"end":{"line":2,"column":36}},"1":{"start":{"line":4,"column":19},"end":{"line":43,"column":1}},"2":{"start":{"line":45,"column":11},"end":{"line":45,"column":45}}},"fnMap":{},"branchMap":{},"s":{"0":5,"1":5,"2":5},"f":{},"b":{},"_coverageSchema":"1a1c01bbd47fc00a2c39e90264f33305004495a9","hash":"65b436f0e4b17d6839443276b8132a22a4fdbd9b"}
,"C:\\Users\\H Desire\\Desktop\\Andela ALT Technical\\mybrand_day_before_demo\\BackEnd\\models\\category.js": {"path":"C:\\Users\\H Desire\\Desktop\\Andela ALT Technical\\mybrand_day_before_demo\\BackEnd\\models\\category.js","statementMap":{"0":{"start":{"line":3,"column":23},"end":{"line":14,"column":1}},"1":{"start":{"line":16,"column":15},"end":{"line":16,"column":57}}},"fnMap":{},"branchMap":{},"s":{"0":5,"1":5},"f":{},"b":{},"_coverageSchema":"1a1c01bbd47fc00a2c39e90264f33305004495a9","hash":"651acfb47c2c9a8038c39d28ac8d827accd31358"}
,"C:\\Users\\H Desire\\Desktop\\Andela ALT Technical\\mybrand_day_before_demo\\BackEnd\\models\\message.js": {"path":"C:\\Users\\H Desire\\Desktop\\Andela ALT Technical\\mybrand_day_before_demo\\BackEnd\\models\\message.js","statementMap":{"0":{"start":{"line":2,"column":21},"end":{"line":2,"column":36}},"1":{"start":{"line":4,"column":22},"end":{"line":26,"column":1}},"2":{"start":{"line":28,"column":14},"end":{"line":28,"column":54}}},"fnMap":{},"branchMap":{},"s":{"0":5,"1":5,"2":5},"f":{},"b":{},"_coverageSchema":"1a1c01bbd47fc00a2c39e90264f33305004495a9","hash":"aabff9b0ec4027c9939bcc7fb0a53a6ba5b7e8fd"}
,"C:\\Users\\H Desire\\Desktop\\Andela ALT Technical\\mybrand_day_before_demo\\BackEnd\\models\\user.js": {"path":"C:\\Users\\H Desire\\Desktop\\Andela ALT Technical\\mybrand_day_before_demo\\BackEnd\\models\\user.js","statementMap":{"0":{"start":{"line":3,"column":21},"end":{"line":3,"column":36}},"1":{"start":{"line":5,"column":19},"end":{"line":33,"column":1}},"2":{"start":{"line":35,"column":11},"end":{"line":35,"column":45}}},"fnMap":{},"branchMap":{},"s":{"0":5,"1":5,"2":5},"f":{},"b":{},"_coverageSchema":"1a1c01bbd47fc00a2c39e90264f33305004495a9","hash":"3072cd3384edcd1bccc1572c82fb82c7c6bf4fa0"}
,"C:\\Users\\H Desire\\Desktop\\Andela ALT Technical\\mybrand_day_before_demo\\BackEnd\\routes\\auth.js": {"path":"C:\\Users\\H Desire\\Desktop\\Andela ALT Technical\\mybrand_day_before_demo\\BackEnd\\routes\\auth.js","statementMap":{"0":{"start":{"line":2,"column":15},"end":{"line":2,"column":31}},"1":{"start":{"line":7,"column":0},"end":{"line":7,"column":55}},"2":{"start":{"line":8,"column":0},"end":{"line":8,"column":53}},"3":{"start":{"line":9,"column":0},"end":{"line":9,"column":35}}},"fnMap":{},"branchMap":{},"s":{"0":5,"1":5,"2":5,"3":5},"f":{},"b":{},"_coverageSchema":"1a1c01bbd47fc00a2c39e90264f33305004495a9","hash":"5963d1c1ea4da27cec8356f595170b27376a79a4"}
,"C:\\Users\\H Desire\\Desktop\\Andela ALT Technical\\mybrand_day_before_demo\\BackEnd\\routes\\blog.js": {"path":"C:\\Users\\H Desire\\Desktop\\Andela ALT Technical\\mybrand_day_before_demo\\BackEnd\\routes\\blog.js","statementMap":{"0":{"start":{"line":2,"column":15},"end":{"line":2,"column":31}},"1":{"start":{"line":30,"column":0},"end":{"line":37,"column":2}},"2":{"start":{"line":38,"column":0},"end":{"line":44,"column":2}},"3":{"start":{"line":45,"column":0},"end":{"line":45,"column":63}},"4":{"start":{"line":46,"column":0},"end":{"line":46,"column":38}},"5":{"start":{"line":47,"column":0},"end":{"line":47,"column":30}},"6":{"start":{"line":48,"column":0},"end":{"line":48,"column":43}},"7":{"start":{"line":49,"column":0},"end":{"line":49,"column":53}},"8":{"start":{"line":50,"column":0},"end":{"line":50,"column":51}},"9":{"start":{"line":51,"column":0},"end":{"line":51,"column":49}},"10":{"start":{"line":52,"column":0},"end":{"line":52,"column":37}},"11":{"start":{"line":53,"column":0},"end":{"line":53,"column":44}},"12":{"start":{"line":56,"column":0},"end":{"line":62,"column":2}},"13":{"start":{"line":63,"column":0},"end":{"line":68,"column":2}},"14":{"start":{"line":69,"column":0},"end":{"line":74,"column":2}},"15":{"start":{"line":76,"column":0},"end":{"line":76,"column":33}},"16":{"start":{"line":77,"column":0},"end":{"line":77,"column":33}}},"fnMap":{},"branchMap":{},"s":{"0":5,"1":5,"2":5,"3":5,"4":5,"5":5,"6":5,"7":5,"8":5,"9":5,"10":5,"11":5,"12":5,"13":5,"14":5,"15":5,"16":5},"f":{},"b":{},"_coverageSchema":"1a1c01bbd47fc00a2c39e90264f33305004495a9","hash":"80674a95747dc84c3dd76429a01b235ae40276a5"}
,"C:\\Users\\H Desire\\Desktop\\Andela ALT Technical\\mybrand_day_before_demo\\BackEnd\\routes\\category.js": {"path":"C:\\Users\\H Desire\\Desktop\\Andela ALT Technical\\mybrand_day_before_demo\\BackEnd\\routes\\category.js","statementMap":{"0":{"start":{"line":14,"column":15},"end":{"line":14,"column":31}},"1":{"start":{"line":18,"column":0},"end":{"line":18,"column":45}},"2":{"start":{"line":19,"column":0},"end":{"line":19,"column":68}},"3":{"start":{"line":20,"column":0},"end":{"line":20,"column":75}},"4":{"start":{"line":21,"column":0},"end":{"line":21,"column":72}},"5":{"start":{"line":22,"column":0},"end":{"line":22,"column":35}},"6":{"start":{"line":23,"column":0},"end":{"line":23,"column":47}},"7":{"start":{"line":25,"column":0},"end":{"line":25,"column":33}},"8":{"start":{"line":26,"column":0},"end":{"line":26,"column":41}}},"fnMap":{},"branchMap":{},"s":{"0":5,"1":5,"2":5,"3":5,"4":5,"5":5,"6":5,"7":5,"8":5},"f":{},"b":{},"_coverageSchema":"1a1c01bbd47fc00a2c39e90264f33305004495a9","hash":"27a39c417b4b7f9a904a4536b7d8f2540f00a661"}
,"C:\\Users\\H Desire\\Desktop\\Andela ALT Technical\\mybrand_day_before_demo\\BackEnd\\routes\\message.js": {"path":"C:\\Users\\H Desire\\Desktop\\Andela ALT Technical\\mybrand_day_before_demo\\BackEnd\\routes\\message.js","statementMap":{"0":{"start":{"line":2,"column":15},"end":{"line":2,"column":31}},"1":{"start":{"line":19,"column":0},"end":{"line":19,"column":43}},"2":{"start":{"line":20,"column":0},"end":{"line":26,"column":2}},"3":{"start":{"line":27,"column":0},"end":{"line":27,"column":55}},"4":{"start":{"line":28,"column":0},"end":{"line":28,"column":43}},"5":{"start":{"line":29,"column":0},"end":{"line":29,"column":33}},"6":{"start":{"line":30,"column":0},"end":{"line":30,"column":39}},"7":{"start":{"line":32,"column":0},"end":{"line":32,"column":33}},"8":{"start":{"line":33,"column":0},"end":{"line":33,"column":39}}},"fnMap":{},"branchMap":{},"s":{"0":5,"1":5,"2":5,"3":5,"4":5,"5":5,"6":5,"7":5,"8":5},"f":{},"b":{},"_coverageSchema":"1a1c01bbd47fc00a2c39e90264f33305004495a9","hash":"2bc34a51830a7a8da166f6c1108928f7af6062ce"}
,"C:\\Users\\H Desire\\Desktop\\Andela ALT Technical\\mybrand_day_before_demo\\BackEnd\\routes\\user.js": {"path":"C:\\Users\\H Desire\\Desktop\\Andela ALT Technical\\mybrand_day_before_demo\\BackEnd\\routes\\user.js","statementMap":{"0":{"start":{"line":11,"column":15},"end":{"line":11,"column":31}},"1":{"start":{"line":13,"column":0},"end":{"line":13,"column":52}},"2":{"start":{"line":14,"column":0},"end":{"line":14,"column":54}},"3":{"start":{"line":15,"column":0},"end":{"line":15,"column":66}},"4":{"start":{"line":18,"column":0},"end":{"line":18,"column":51}},"5":{"start":{"line":21,"column":0},"end":{"line":21,"column":47}},"6":{"start":{"line":23,"column":0},"end":{"line":23,"column":33}}},"fnMap":{},"branchMap":{},"s":{"0":5,"1":5,"2":5,"3":5,"4":5,"5":5,"6":5},"f":{},"b":{},"_coverageSchema":"1a1c01bbd47fc00a2c39e90264f33305004495a9","hash":"3a856d36ba7fb8be5f0832bcd11ead70c6866582"}
,"C:\\Users\\H Desire\\Desktop\\Andela ALT Technical\\mybrand_day_before_demo\\BackEnd\\validator\\index.js": {"path":"C:\\Users\\H Desire\\Desktop\\Andela ALT Technical\\mybrand_day_before_demo\\BackEnd\\validator\\index.js","statementMap":{"0":{"start":{"line":3,"column":35},"end":{"line":23,"column":1}},"1":{"start":{"line":4,"column":2},"end":{"line":4,"column":51}},"2":{"start":{"line":5,"column":2},"end":{"line":9,"column":35}},"3":{"start":{"line":10,"column":2},"end":{"line":10,"column":59}},"4":{"start":{"line":11,"column":2},"end":{"line":16,"column":51}},"5":{"start":{"line":17,"column":17},"end":{"line":17,"column":39}},"6":{"start":{"line":18,"column":2},"end":{"line":21,"column":3}},"7":{"start":{"line":19,"column":23},"end":{"line":19,"column":58}},"8":{"start":{"line":19,"column":45},"end":{"line":19,"column":54}},"9":{"start":{"line":20,"column":4},"end":{"line":20,"column":55}},"10":{"start":{"line":22,"column":2},"end":{"line":22,"column":9}},"11":{"start":{"line":25,"column":34},"end":{"line":46,"column":1}},"12":{"start":{"line":26,"column":2},"end":{"line":26,"column":53}},"13":{"start":{"line":27,"column":2},"end":{"line":31,"column":35}},"14":{"start":{"line":32,"column":2},"end":{"line":32,"column":59}},"15":{"start":{"line":33,"column":2},"end":{"line":38,"column":51}},"16":{"start":{"line":40,"column":17},"end":{"line":40,"column":39}},"17":{"start":{"line":41,"column":2},"end":{"line":44,"column":3}},"18":{"start":{"line":42,"column":23},"end":{"line":42,"column":58}},"19":{"start":{"line":42,"column":45},"end":{"line":42,"column":54}},"20":{"start":{"line":43,"column":4},"end":{"line":43,"column":55}},"21":{"start":{"line":45,"column":2},"end":{"line":45,"column":9}},"22":{"start":{"line":48,"column":35},"end":{"line":61,"column":1}},"23":{"start":{"line":50,"column":2},"end":{"line":52,"column":40}},"24":{"start":{"line":53,"column":2},"end":{"line":53,"column":53}},"25":{"start":{"line":55,"column":17},"end":{"line":55,"column":39}},"26":{"start":{"line":56,"column":2},"end":{"line":59,"column":3}},"27":{"start":{"line":57,"column":23},"end":{"line":57,"column":58}},"28":{"start":{"line":57,"column":45},"end":{"line":57,"column":54}},"29":{"start":{"line":58,"column":4},"end":{"line":58,"column":55}},"30":{"start":{"line":60,"column":2},"end":{"line":60,"column":9}}},"fnMap":{"0":{"name":"(anonymous_0)","decl":{"start":{"line":3,"column":35},"end":{"line":3,"column":36}},"loc":{"start":{"line":3,"column":55},"end":{"line":23,"column":1}},"line":3},"1":{"name":"(anonymous_1)","decl":{"start":{"line":19,"column":34},"end":{"line":19,"column":35}},"loc":{"start":{"line":19,"column":45},"end":{"line":19,"column":54}},"line":19},"2":{"name":"(anonymous_2)","decl":{"start":{"line":25,"column":34},"end":{"line":25,"column":35}},"loc":{"start":{"line":25,"column":54},"end":{"line":46,"column":1}},"line":25},"3":{"name":"(anonymous_3)","decl":{"start":{"line":42,"column":34},"end":{"line":42,"column":35}},"loc":{"start":{"line":42,"column":45},"end":{"line":42,"column":54}},"line":42},"4":{"name":"(anonymous_4)","decl":{"start":{"line":48,"column":35},"end":{"line":48,"column":36}},"loc":{"start":{"line":48,"column":55},"end":{"line":61,"column":1}},"line":48},"5":{"name":"(anonymous_5)","decl":{"start":{"line":57,"column":34},"end":{"line":57,"column":35}},"loc":{"start":{"line":57,"column":45},"end":{"line":57,"column":54}},"line":57}},"branchMap":{"0":{"loc":{"start":{"line":18,"column":2},"end":{"line":21,"column":3}},"type":"if","locations":[{"start":{"line":18,"column":2},"end":{"line":21,"column":3}},{"start":{},"end":{}}],"line":18},"1":{"loc":{"start":{"line":41,"column":2},"end":{"line":44,"column":3}},"type":"if","locations":[{"start":{"line":41,"column":2},"end":{"line":44,"column":3}},{"start":{},"end":{}}],"line":41},"2":{"loc":{"start":{"line":56,"column":2},"end":{"line":59,"column":3}},"type":"if","locations":[{"start":{"line":56,"column":2},"end":{"line":59,"column":3}},{"start":{},"end":{}}],"line":56}},"s":{"0":5,"1":5,"2":5,"3":5,"4":5,"5":5,"6":5,"7":3,"8":4,"9":3,"10":2,"11":5,"12":3,"13":3,"14":3,"15":3,"16":3,"17":3,"18":0,"19":0,"20":0,"21":3,"22":5,"23":0,"24":0,"25":0,"26":0,"27":0,"28":0,"29":0,"30":0},"f":{"0":5,"1":4,"2":3,"3":0,"4":0,"5":0},"b":{"0":[3,2],"1":[0,3],"2":[0,0]},"_coverageSchema":"1a1c01bbd47fc00a2c39e90264f33305004495a9","hash":"f72bdfa02ea7b96bab44d49ea7cb5faaa344db89"}
}
