TN:
SF:server.js
FN:24,(anonymous_0)
FN:32,(anonymous_1)
FN:33,(anonymous_2)
FN:38,(anonymous_3)
FN:71,(anonymous_4)
FN:80,(anonymous_5)
FN:86,(anonymous_6)
FN:90,(anonymous_7)
FNF:8
FNH:4
FNDA:27,(anonymous_0)
FNDA:5,(anonymous_1)
FNDA:0,(anonymous_2)
FNDA:27,(anonymous_3)
FNDA:2,(anonymous_4)
FNDA:0,(anonymous_5)
FNDA:0,(anonymous_6)
FNDA:0,(anonymous_7)
DA:10,5
DA:21,5
DA:24,5
DA:25,27
DA:26,27
DA:30,5
DA:32,5
DA:34,0
DA:38,5
DA:39,27
DA:40,27
DA:44,27
DA:48,27
DA:52,5
DA:53,5
DA:54,5
DA:56,5
DA:62,5
DA:65,5
DA:66,5
DA:67,5
DA:68,5
DA:69,5
DA:71,5
DA:72,2
DA:78,5
DA:80,5
DA:81,0
DA:84,5
DA:85,0
DA:86,0
DA:87,0
DA:90,5
DA:91,0
LF:34
LH:28
BRDA:78,0,0,5
BRDA:78,0,1,0
BRDA:84,1,0,0
BRDA:84,1,1,5
BRF:4
BRH:2
end_of_record
TN:
SF:controllers\auth.js
FN:8,(anonymous_0)
FN:17,(anonymous_1)
FN:26,(anonymous_2)
FN:71,(anonymous_3)
FN:75,(anonymous_4)
FN:106,(anonymous_5)
FN:118,(anonymous_6)
FN:132,(anonymous_7)
FN:146,(anonymous_8)
FN:161,(anonymous_9)
FNF:10
FNH:2
FNDA:2,(anonymous_0)
FNDA:0,(anonymous_1)
FNDA:0,(anonymous_2)
FNDA:3,(anonymous_3)
FNDA:0,(anonymous_4)
FNDA:0,(anonymous_5)
FNDA:0,(anonymous_6)
FNDA:0,(anonymous_7)
FNDA:0,(anonymous_8)
FNDA:0,(anonymous_9)
DA:8,5
DA:9,2
DA:10,2
DA:11,2
DA:12,2
DA:14,2
DA:15,2
DA:18,0
DA:19,0
DA:22,2
DA:24,0
DA:25,0
DA:26,0
DA:28,0
DA:29,0
DA:35,2
DA:36,1
DA:38,1
DA:42,0
DA:43,0
DA:49,0
DA:50,0
DA:54,0
DA:55,0
DA:60,0
DA:61,0
DA:71,5
DA:72,3
DA:73,3
DA:76,0
DA:77,0
DA:80,3
DA:82,3
DA:84,3
DA:87,2
DA:88,2
DA:90,2
DA:91,2
DA:98,3
DA:99,1
DA:102,0
DA:106,5
DA:107,0
DA:108,0
DA:111,5
DA:118,5
DA:119,0
DA:120,0
DA:121,0
DA:126,0
DA:127,0
DA:128,0
DA:132,0
DA:133,0
DA:134,0
DA:138,0
DA:139,0
DA:143,0
DA:146,5
DA:147,0
DA:149,0
DA:150,0
DA:156,0
DA:157,0
DA:158,0
DA:161,0
DA:162,0
DA:163,0
DA:168,0
DA:169,0
DA:173,0
LF:71
LH:27
BRDA:14,0,0,2
BRDA:14,0,1,0
BRDA:14,1,0,2
BRDA:14,1,1,2
BRDA:14,1,2,2
BRDA:14,1,3,2
BRDA:22,2,0,0
BRDA:22,2,1,2
BRDA:35,3,0,1
BRDA:35,3,1,1
BRDA:42,4,0,0
BRDA:42,4,1,0
BRDA:49,5,0,0
BRDA:49,5,1,0
BRDA:54,6,0,0
BRDA:54,6,1,0
BRDA:60,7,0,0
BRDA:60,7,1,0
BRDA:72,8,0,3
BRDA:72,8,1,0
BRDA:72,9,0,3
BRDA:72,9,1,3
BRDA:80,10,0,3
BRDA:80,10,1,0
BRDA:84,11,0,2
BRDA:84,11,1,1
BRDA:98,12,0,1
BRDA:98,12,1,2
BRDA:120,13,0,0
BRDA:120,13,1,0
BRDA:138,14,0,0
BRDA:138,14,1,0
BRDA:149,15,0,0
BRDA:149,15,1,0
BRDA:168,16,0,0
BRDA:168,16,1,0
BRF:36
BRH:16
end_of_record
TN:
SF:controllers\blog.js
FN:7,(anonymous_0)
FN:11,(anonymous_1)
FN:31,(anonymous_2)
FN:41,(anonymous_3)
FN:48,(anonymous_4)
FN:63,(anonymous_5)
FN:69,(anonymous_6)
FN:79,(anonymous_7)
FN:80,(anonymous_8)
FN:90,(anonymous_9)
FN:95,(anonymous_10)
FN:108,(anonymous_11)
FN:113,(anonymous_12)
FN:126,(anonymous_13)
FN:136,(anonymous_14)
FN:149,(anonymous_15)
FN:178,(anonymous_16)
FN:233,(anonymous_17)
FN:284,(anonymous_18)
FN:286,(anonymous_19)
FN:300,(anonymous_20)
FN:307,(anonymous_21)
FN:346,(anonymous_22)
FN:362,(anonymous_23)
FN:375,(anonymous_24)
FN:389,(anonymous_25)
FN:408,(anonymous_26)
FN:421,(anonymous_27)
FN:438,(anonymous_28)
FN:448,(anonymous_29)
FN:463,(anonymous_30)
FN:468,(anonymous_31)
FN:481,(anonymous_32)
FNF:33
FNH:0
FNDA:0,(anonymous_0)
FNDA:0,(anonymous_1)
FNDA:0,(anonymous_2)
FNDA:0,(anonymous_3)
FNDA:0,(anonymous_4)
FNDA:0,(anonymous_5)
FNDA:0,(anonymous_6)
FNDA:0,(anonymous_7)
FNDA:0,(anonymous_8)
FNDA:0,(anonymous_9)
FNDA:0,(anonymous_10)
FNDA:0,(anonymous_11)
FNDA:0,(anonymous_12)
FNDA:0,(anonymous_13)
FNDA:0,(anonymous_14)
FNDA:0,(anonymous_15)
FNDA:0,(anonymous_16)
FNDA:0,(anonymous_17)
FNDA:0,(anonymous_18)
FNDA:0,(anonymous_19)
FNDA:0,(anonymous_20)
FNDA:0,(anonymous_21)
FNDA:0,(anonymous_22)
FNDA:0,(anonymous_23)
FNDA:0,(anonymous_24)
FNDA:0,(anonymous_25)
FNDA:0,(anonymous_26)
FNDA:0,(anonymous_27)
FNDA:0,(anonymous_28)
FNDA:0,(anonymous_29)
FNDA:0,(anonymous_30)
FNDA:0,(anonymous_31)
FNDA:0,(anonymous_32)
DA:7,5
DA:8,0
DA:12,0
DA:13,0
DA:23,0
DA:27,0
DA:31,5
DA:32,0
DA:34,0
DA:35,0
DA:38,0
DA:41,5
DA:42,0
DA:43,0
DA:49,0
DA:50,0
DA:54,0
DA:63,5
DA:64,0
DA:65,0
DA:70,0
DA:71,0
DA:75,0
DA:79,5
DA:80,0
DA:81,0
DA:82,0
DA:86,0
DA:90,5
DA:91,0
DA:96,0
DA:97,0
DA:101,0
DA:108,5
DA:109,0
DA:114,0
DA:115,0
DA:119,0
DA:126,5
DA:127,0
DA:128,0
DA:129,0
DA:131,0
DA:137,0
DA:138,0
DA:142,0
DA:149,5
DA:150,0
DA:176,0
DA:178,0
DA:184,0
DA:185,0
DA:190,0
DA:192,0
DA:193,0
DA:198,0
DA:199,0
DA:203,0
DA:204,0
DA:209,0
DA:210,0
DA:212,0
DA:214,0
DA:215,0
DA:229,0
DA:230,0
DA:233,0
DA:234,0
DA:236,0
DA:242,0
DA:243,0
DA:284,5
DA:285,0
DA:286,0
DA:287,0
DA:288,0
DA:292,0
DA:300,5
DA:301,0
DA:303,0
DA:307,0
DA:308,0
DA:309,0
DA:315,0
DA:317,0
DA:318,0
DA:323,0
DA:324,0
DA:328,0
DA:329,0
DA:334,0
DA:335,0
DA:336,0
DA:338,0
DA:339,0
DA:343,0
DA:344,0
DA:346,0
DA:347,0
DA:348,0
DA:353,0
DA:362,5
DA:363,0
DA:364,0
DA:365,0
DA:368,0
DA:375,5
DA:377,0
DA:380,0
DA:381,0
DA:384,0
DA:385,0
DA:389,0
DA:390,0
DA:391,0
DA:395,0
DA:408,5
DA:409,0
DA:410,0
DA:412,0
DA:422,0
DA:423,0
DA:424,0
DA:429,0
DA:438,5
DA:439,0
DA:441,0
DA:449,0
DA:450,0
DA:454,0
DA:463,5
DA:464,0
DA:466,0
DA:469,0
DA:470,0
DA:474,0
DA:482,0
DA:483,0
DA:487,0
LF:139
LH:16
BRDA:12,0,0,0
BRDA:12,0,1,0
BRDA:12,1,0,0
BRDA:12,1,1,0
BRDA:34,2,0,0
BRDA:34,2,1,0
BRDA:42,3,0,0
BRDA:42,3,1,0
BRDA:49,4,0,0
BRDA:49,4,1,0
BRDA:64,5,0,0
BRDA:64,5,1,0
BRDA:70,6,0,0
BRDA:70,6,1,0
BRDA:81,7,0,0
BRDA:81,7,1,0
BRDA:96,8,0,0
BRDA:96,8,1,0
BRDA:114,9,0,0
BRDA:114,9,1,0
BRDA:127,10,0,0
BRDA:127,10,1,0
BRDA:137,11,0,0
BRDA:137,11,1,0
BRDA:184,12,0,0
BRDA:184,12,1,0
BRDA:192,13,0,0
BRDA:192,13,1,0
BRDA:192,14,0,0
BRDA:192,14,1,0
BRDA:198,15,0,0
BRDA:198,15,1,0
BRDA:203,16,0,0
BRDA:203,16,1,0
BRDA:212,17,0,0
BRDA:212,17,1,0
BRDA:214,18,0,0
BRDA:214,18,1,0
BRDA:234,19,0,0
BRDA:234,19,1,0
BRDA:287,20,0,0
BRDA:287,20,1,0
BRDA:308,21,0,0
BRDA:308,21,1,0
BRDA:317,22,0,0
BRDA:317,22,1,0
BRDA:317,23,0,0
BRDA:317,23,1,0
BRDA:323,24,0,0
BRDA:323,24,1,0
BRDA:328,25,0,0
BRDA:328,25,1,0
BRDA:336,26,0,0
BRDA:336,26,1,0
BRDA:338,27,0,0
BRDA:338,27,1,0
BRDA:347,28,0,0
BRDA:347,28,1,0
BRDA:363,29,0,0
BRDA:363,29,1,0
BRDA:380,30,0,0
BRDA:380,30,1,0
BRDA:384,31,0,0
BRDA:384,31,1,0
BRDA:384,32,0,0
BRDA:384,32,1,0
BRDA:390,33,0,0
BRDA:390,33,1,0
BRDA:398,34,0,0
BRDA:398,34,1,0
BRDA:422,35,0,0
BRDA:422,35,1,0
BRDA:449,36,0,0
BRDA:449,36,1,0
BRDA:469,37,0,0
BRDA:469,37,1,0
BRDA:482,38,0,0
BRDA:482,38,1,0
BRF:78
BRH:0
end_of_record
TN:
SF:controllers\category.js
FN:4,(anonymous_0)
FN:12,(anonymous_1)
FN:27,(anonymous_2)
FN:28,(anonymous_3)
FN:39,(anonymous_4)
FN:43,(anonymous_5)
FN:45,(anonymous_6)
FN:60,(anonymous_7)
FN:64,(anonymous_8)
FN:74,(anonymous_9)
FN:75,(anonymous_10)
FNF:11
FNH:5
FNDA:0,(anonymous_0)
FNDA:0,(anonymous_1)
FNDA:6,(anonymous_2)
FNDA:6,(anonymous_3)
FNDA:1,(anonymous_4)
FNDA:0,(anonymous_5)
FNDA:0,(anonymous_6)
FNDA:0,(anonymous_7)
FNDA:0,(anonymous_8)
FNDA:6,(anonymous_9)
FNDA:6,(anonymous_10)
DA:4,5
DA:5,0
DA:6,0
DA:10,0
DA:12,0
DA:13,0
DA:14,0
DA:19,0
DA:27,5
DA:28,6
DA:29,6
DA:30,3
DA:34,3
DA:35,3
DA:39,5
DA:40,1
DA:43,5
DA:44,0
DA:45,0
DA:46,0
DA:47,0
DA:52,0
DA:60,5
DA:61,0
DA:62,0
DA:64,0
DA:65,0
DA:66,0
DA:70,0
DA:74,5
DA:75,6
DA:76,6
DA:77,0
DA:81,6
LF:34
LH:15
BRDA:5,0,0,0
BRDA:5,0,1,0
BRDA:13,1,0,0
BRDA:13,1,1,0
BRDA:29,2,0,3
BRDA:29,2,1,3
BRDA:29,3,0,6
BRDA:29,3,1,3
BRDA:46,4,0,0
BRDA:46,4,1,0
BRDA:65,5,0,0
BRDA:65,5,1,0
BRDA:76,6,0,0
BRDA:76,6,1,6
BRF:14
BRH:5
end_of_record
TN:
SF:controllers\message.js
FN:7,(anonymous_0)
FN:10,(anonymous_1)
FN:21,(anonymous_2)
FN:25,(anonymous_3)
FN:29,(anonymous_4)
FN:45,(anonymous_5)
FN:50,(anonymous_6)
FN:63,(anonymous_7)
FN:91,(anonymous_8)
FN:108,(anonymous_9)
FN:110,(anonymous_10)
FN:124,(anonymous_11)
FN:127,(anonymous_12)
FN:131,(anonymous_13)
FNF:14
FNH:3
FNDA:0,(anonymous_0)
FNDA:0,(anonymous_1)
FNDA:0,(anonymous_2)
FNDA:1,(anonymous_3)
FNDA:1,(anonymous_4)
FNDA:0,(anonymous_5)
FNDA:0,(anonymous_6)
FNDA:3,(anonymous_7)
FNDA:0,(anonymous_8)
FNDA:0,(anonymous_9)
FNDA:0,(anonymous_10)
FNDA:0,(anonymous_11)
FNDA:0,(anonymous_12)
FNDA:0,(anonymous_13)
DA:7,5
DA:8,0
DA:11,0
DA:12,0
DA:16,0
DA:17,0
DA:21,5
DA:22,0
DA:25,5
DA:26,1
DA:27,1
DA:30,1
DA:31,0
DA:32,0
DA:36,1
DA:45,5
DA:46,0
DA:51,0
DA:52,0
DA:56,0
DA:63,5
DA:66,3
DA:67,0
DA:72,3
DA:73,1
DA:77,2
DA:78,1
DA:82,1
DA:83,1
DA:88,0
DA:89,0
DA:91,0
DA:92,0
DA:93,0
DA:94,0
DA:100,0
DA:108,5
DA:109,0
DA:110,0
DA:111,0
DA:112,0
DA:116,0
DA:124,5
DA:125,0
DA:126,0
DA:127,0
DA:128,0
DA:129,0
DA:131,0
DA:132,0
DA:133,0
DA:138,0
LF:52
LH:18
BRDA:11,0,0,0
BRDA:11,0,1,0
BRDA:11,1,0,0
BRDA:11,1,1,0
BRDA:26,2,0,0
BRDA:26,2,1,1
BRDA:30,3,0,0
BRDA:30,3,1,1
BRDA:51,4,0,0
BRDA:51,4,1,0
BRDA:66,5,0,0
BRDA:66,5,1,3
BRDA:66,6,0,3
BRDA:66,6,1,1
BRDA:66,6,2,0
BRDA:72,7,0,1
BRDA:72,7,1,2
BRDA:77,8,0,1
BRDA:77,8,1,1
BRDA:82,9,0,1
BRDA:82,9,1,0
BRDA:92,10,0,0
BRDA:92,10,1,0
BRDA:111,11,0,0
BRDA:111,11,1,0
BRDA:132,12,0,0
BRDA:132,12,1,0
BRF:27
BRH:10
end_of_record
TN:
SF:controllers\user.js
FN:4,(anonymous_0)
FN:5,(anonymous_1)
FN:17,(anonymous_2)
FN:23,(anonymous_3)
FN:25,(anonymous_4)
FN:38,(anonymous_5)
FN:47,(anonymous_6)
FN:50,(anonymous_7)
FN:64,(anonymous_8)
FN:70,(anonymous_9)
FNF:10
FNH:0
FNDA:0,(anonymous_0)
FNDA:0,(anonymous_1)
FNDA:0,(anonymous_2)
FNDA:0,(anonymous_3)
FNDA:0,(anonymous_4)
FNDA:0,(anonymous_5)
FNDA:0,(anonymous_6)
FNDA:0,(anonymous_7)
FNDA:0,(anonymous_8)
FNDA:0,(anonymous_9)
DA:4,5
DA:5,0
DA:6,0
DA:7,0
DA:12,0
DA:13,0
DA:17,5
DA:18,0
DA:19,0
DA:20,0
DA:23,5
DA:24,0
DA:25,0
DA:26,0
DA:27,0
DA:31,0
DA:38,5
DA:39,0
DA:40,0
DA:41,0
DA:43,0
DA:47,5
DA:48,0
DA:51,0
DA:52,0
DA:56,0
DA:64,5
DA:65,0
DA:66,0
DA:71,0
DA:72,0
DA:76,0
DA:77,0
DA:78,0
LF:34
LH:6
BRDA:6,0,0,0
BRDA:6,0,1,0
BRDA:6,1,0,0
BRDA:6,1,1,0
BRDA:26,2,0,0
BRDA:26,2,1,0
BRDA:39,3,0,0
BRDA:39,3,1,0
BRDA:51,4,0,0
BRDA:51,4,1,0
BRDA:71,5,0,0
BRDA:71,5,1,0
BRF:12
BRH:0
end_of_record
TN:
SF:helper\dbErroHandler.js
FN:6,(anonymous_0)
FN:27,errorHandler
FNF:2
FNH:0
FNDA:0,(anonymous_0)
FNDA:0,errorHandler
DA:6,5
DA:8,0
DA:9,0
DA:13,0
DA:18,0
DA:21,0
DA:28,0
DA:30,0
DA:31,0
DA:34,0
DA:35,0
DA:37,0
DA:40,0
DA:41,0
DA:42,0
DA:46,0
LF:16
LH:1
BRDA:30,0,0,0
BRDA:30,0,1,0
BRDA:31,1,0,0
BRDA:31,1,1,0
BRDA:31,1,2,0
BRDA:41,2,0,0
BRDA:41,2,1,0
BRF:7
BRH:0
end_of_record
TN:
SF:middlewares\auth.js
FN:6,(anonymous_0)
FNF:1
FNH:0
FNDA:0,(anonymous_0)
DA:6,5
DA:7,0
DA:9,0
DA:10,0
DA:15,0
DA:17,0
DA:18,0
DA:20,0
DA:22,0
DA:24,0
LF:10
LH:1
BRDA:7,0,0,0
BRDA:7,0,1,0
BRDA:7,0,2,0
BRDA:9,1,0,0
BRDA:9,1,1,0
BRF:5
BRH:0
end_of_record
TN:
SF:middlewares\checkerros.js
FN:1,mongooseErrorHandler
FN:6,(anonymous_1)
FNF:2
FNH:0
FNDA:0,mongooseErrorHandler
FNDA:0,(anonymous_1)
DA:2,0
DA:3,0
DA:4,0
DA:6,0
DA:7,0
DA:9,0
DA:10,0
DA:13,0
DA:14,0
DA:17,0
DA:20,0
LF:11
LH:0
BRDA:2,0,0,0
BRDA:2,0,1,0
BRDA:9,1,0,0
BRDA:9,1,1,0
BRDA:9,2,0,0
BRDA:9,2,1,0
BRF:6
BRH:0
end_of_record
TN:
SF:models\blog.js
FNF:0
FNH:0
DA:2,5
DA:4,5
DA:45,5
LF:3
LH:3
BRF:0
BRH:0
end_of_record
TN:
SF:models\category.js
FNF:0
FNH:0
DA:3,5
DA:16,5
LF:2
LH:2
BRF:0
BRH:0
end_of_record
TN:
SF:models\message.js
FNF:0
FNH:0
DA:2,5
DA:4,5
DA:28,5
LF:3
LH:3
BRF:0
BRH:0
end_of_record
TN:
SF:models\user.js
FNF:0
FNH:0
DA:3,5
DA:5,5
DA:35,5
LF:3
LH:3
BRF:0
BRH:0
end_of_record
TN:
SF:routes\auth.js
FNF:0
FNH:0
DA:2,5
DA:7,5
DA:8,5
DA:9,5
LF:4
LH:4
BRF:0
BRH:0
end_of_record
TN:
SF:routes\blog.js
FNF:0
FNH:0
DA:2,5
DA:30,5
DA:38,5
DA:45,5
DA:46,5
DA:47,5
DA:48,5
DA:49,5
DA:50,5
DA:51,5
DA:52,5
DA:53,5
DA:56,5
DA:63,5
DA:69,5
DA:76,5
DA:77,5
LF:17
LH:17
BRF:0
BRH:0
end_of_record
TN:
SF:routes\category.js
FNF:0
FNH:0
DA:14,5
DA:18,5
DA:19,5
DA:20,5
DA:21,5
DA:22,5
DA:23,5
DA:25,5
DA:26,5
LF:9
LH:9
BRF:0
BRH:0
end_of_record
TN:
SF:routes\message.js
FNF:0
FNH:0
DA:2,5
DA:19,5
DA:20,5
DA:27,5
DA:28,5
DA:29,5
DA:30,5
DA:32,5
DA:33,5
LF:9
LH:9
BRF:0
BRH:0
end_of_record
TN:
SF:routes\user.js
FNF:0
FNH:0
DA:11,5
DA:13,5
DA:14,5
DA:15,5
DA:18,5
DA:21,5
DA:23,5
LF:7
LH:7
BRF:0
BRH:0
end_of_record
TN:
SF:validator\index.js
FN:3,(anonymous_0)
FN:19,(anonymous_1)
FN:25,(anonymous_2)
FN:42,(anonymous_3)
FN:48,(anonymous_4)
FN:57,(anonymous_5)
FNF:6
FNH:3
FNDA:5,(anonymous_0)
FNDA:4,(anonymous_1)
FNDA:3,(anonymous_2)
FNDA:0,(anonymous_3)
FNDA:0,(anonymous_4)
FNDA:0,(anonymous_5)
DA:3,5
DA:4,5
DA:5,5
DA:10,5
DA:11,5
DA:17,5
DA:18,5
DA:19,4
DA:20,3
DA:22,2
DA:25,5
DA:26,3
DA:27,3
DA:32,3
DA:33,3
DA:40,3
DA:41,3
DA:42,0
DA:43,0
DA:45,3
DA:48,5
DA:50,0
DA:53,0
DA:55,0
DA:56,0
DA:57,0
DA:58,0
DA:60,0
LF:28
LH:19
BRDA:18,0,0,3
BRDA:18,0,1,2
BRDA:41,1,0,0
BRDA:41,1,1,3
BRDA:56,2,0,0
BRDA:56,2,1,0
BRF:6
BRH:3
end_of_record
